#
# A fatal error has been detected by the Java Runtime Environment:
#
#  SIGSEGV (0xb) at pc=0x00007fed628ecb6a, pid=18943, tid=0x00007fed3e7bb700
#
# JRE version: Java(TM) SE Runtime Environment (8.0_201-b09) (build 1.8.0_201-b09)
# Java VM: Java HotSpot(TM) 64-Bit Server VM (25.201-b09 mixed mode linux-amd64 compressed oops)
# Problematic frame:
# V  [libjvm.so+0x629b6a]  PhaseIFG::remove_node(unsigned int)+0x11a
#
# Failed to write core dump. Core dumps have been disabled. To enable core dumping, try "ulimit -c unlimited" before starting Java again
#
# If you would like to submit a bug report, please visit:
#   http://bugreport.java.com/bugreport/crash.jsp
#

---------------  T H R E A D  ---------------

Current thread (0x00007fed5c5b6800):  JavaThread "C2 CompilerThread1" daemon [_thread_in_native, id=18968, stack(0x00007fed3e6bb000,0x00007fed3e7bc000)]

siginfo: si_signo: 11 (SIGSEGV), si_code: 128 (SI_KERNEL), si_addr: 0x0000000000000000

Registers:
RAX=0x0000000000004bdb, RBX=0x00000000dfffffff, RCX=0x0034003200000000, RDX=0x00007fece60f1900
RSP=0x00007fed3e7b77d0, RBP=0x00007fed3e7b7860, RSI=0x0000000000000004, RDI=0x0000000000000000
R8 =0x00007fed1d4de8f8, R9 =0x0000000000000000, R10=0x0000000000000000, R11=0x0000000000000000
R12=0x0000000020000000, R13=0x00007fed3e7b79a0, R14=0x00000000000000e0, R15=0x000000000000001c
RIP=0x00007fed628ecb6a, EFLAGS=0x0000000000010206, CSGSFS=0x0000000000000033, ERR=0x0000000000000000
  TRAPNO=0x000000000000000d

Top of Stack: (sp=0x00007fed3e7b77d0)
0x00007fed3e7b77d0:   0000000000004852 0000000000121e20
0x00007fed3e7b77e0:   00007fed3e7b77f0 00007fed1d4de8f8
0x00007fed3e7b77f0:   00004bde00000000 00007fed00000007
0x00007fed3e7b7800:   00007fed10fa3240 00007fed0000004c
0x00007fed3e7b7810:   00007fed040d7640 00007fed0000004c
0x00007fed3e7b7820:   00007fece5f1ce40 00007fed00000000
0x00007fed3e7b7830:   00000000000017a3 00007fed3e7b7be0
0x00007fed3e7b7840:   00007fed3e7b7880 0000000000001cfd
0x00007fed3e7b7850:   00007fed3e7b79a0 00007fed3e7b7a40
0x00007fed3e7b7860:   00007fed3e7b78e0 00007fed626a3b4d
0x00007fed3e7b7870:   0000000e0000000f 0000000000000000
0x00007fed3e7b7880:   00001d0200000000 0000000000000008
0x00007fed3e7b7890:   00007fed10f72320 00007fed0000004c
0x00007fed3e7b78a0:   00007fed040d78a0 00007fed0000004c
0x00007fed3e7b78b0:   00007fece5f1cee0 00007fed3e7b7be0
0x00007fed3e7b78c0:   00007fed3e7b7970 00007fed3e7b7be0
0x00007fed3e7b78d0:   00007fed3e7b7970 00007fed3e7b79e0
0x00007fed3e7b78e0:   00007fed3e7b7b30 00007fed626a672e
0x00007fed3e7b78f0:   0000000000000002 0000000200000000
0x00007fed3e7b7900:   00007fed3e7b7b50 00007fed3e7b7940
0x00007fed3e7b7910:   00007fed3e7b7970 00007fed101782a0
0x00007fed3e7b7920:   00007fed101782b0 00007fed10178688
0x00007fed3e7b7930:   00000000000003d8 00007fed3e7b79c0
0x00007fed3e7b7940:   0000000000000006 00007fed1c160550
0x00007fed3e7b7950:   00007fed1c160550 00007fed1c160560
0x00007fed3e7b7960:   00007fed1c160938 00000000000003d8
0x00007fed3e7b7970:   00007fed00000006 00007fed101782a0
0x00007fed3e7b7980:   00007fed10b91c90 00007fed10b96200
0x00007fed3e7b7990:   00007fed10b99c78 000000000189f328
0x00007fed3e7b79a0:   00007fed0000000c 00007fed3e7b9f90
0x00007fed3e7b79b0:   00007fece5dfb020 00007fed1ca37101
0x00007fed3e7b79c0:   00007fed1d422230 0000000000004bcc 

Instructions: (pc=0x00007fed628ecb6a)
0x00007fed628ecb4a:   94 49 8b 4d 10 0f b6 14 3a 01 d0 85 c0 74 7d 89
0x00007fed628ecb5a:   c0 48 8d 14 80 48 c1 e2 05 48 01 ca 48 8b 4a 08
0x00007fed628ecb6a:   4a 8b 3c 31 4c 01 ff 8b 0f 41 89 ca 41 21 da 41
0x00007fed628ecb7a:   85 cc 44 89 17 74 03 83 2a 01 48 8d 14 40 41 f6 

Register to memory mapping:

RAX=0x0000000000004bdb is an unknown value
RBX=0x00000000dfffffff is an unknown value
RCX=0x0034003200000000 is an unknown value
RDX=0x00007fece60f1900 is pointing into metadata
RSP=0x00007fed3e7b77d0 is pointing into the stack for thread: 0x00007fed5c5b6800
RBP=0x00007fed3e7b7860 is pointing into the stack for thread: 0x00007fed5c5b6800
RSI=0x0000000000000004 is an unknown value
RDI=0x0000000000000000 is an unknown value
R8 =0x00007fed1d4de8f8 is an unknown value
R9 =0x0000000000000000 is an unknown value
R10=0x0000000000000000 is an unknown value
R11=0x0000000000000000 is an unknown value
R12=0x0000000020000000 is an unknown value
R13=0x00007fed3e7b79a0 is pointing into the stack for thread: 0x00007fed5c5b6800
R14=0x00000000000000e0 is an unknown value
R15=0x000000000000001c is an unknown value


Stack: [0x00007fed3e6bb000,0x00007fed3e7bc000],  sp=0x00007fed3e7b77d0,  free space=1009k
Native frames: (J=compiled Java code, j=interpreted, Vv=VM code, C=native code)
V  [libjvm.so+0x629b6a]  PhaseIFG::remove_node(unsigned int)+0x11a
V  [libjvm.so+0x3e0b4d]  PhaseChaitin::Simplify()+0x2cd
V  [libjvm.so+0x3e372e]  PhaseChaitin::Register_Allocate()+0x45e
V  [libjvm.so+0x47eb28]  Compile::Code_Gen()+0x198
V  [libjvm.so+0x480251]  Compile::Compile(ciEnv*, C2Compiler*, ciMethod*, int, bool, bool, bool)+0xd91
V  [libjvm.so+0x3c4c4a]  C2Compiler::compile_method(ciEnv*, ciMethod*, int)+0xaa
V  [libjvm.so+0x48b84c]  CompileBroker::invoke_compiler_on_method(CompileTask*)+0x73c
V  [libjvm.so+0x48d488]  CompileBroker::compiler_thread_loop()+0x6d8
V  [libjvm.so+0xa7bb6b]  JavaThread::thread_main_inner()+0xdb
V  [libjvm.so+0xa7be71]  JavaThread::run()+0x2d1
V  [libjvm.so+0x90d922]  java_start(Thread*)+0x102
C  [libpthread.so.0+0x76ba]  start_thread+0xca


Current CompileTask:
C2:   9545 5788   !   4       org.springframework.core.annotation.AnnotatedElementUtils::searchWithFindSemantics (774 bytes)


---------------  P R O C E S S  ---------------

Java Threads: ( => current thread )
  0x00007fed5c7d3000 JavaThread "DestroyJavaVM" [_thread_blocked, id=18944, stack(0x00007fed63db7000,0x00007fed63eb8000)]
  0x00007fed0578a000 JavaThread "http-nio-8080-Acceptor" daemon [_thread_in_native, id=19004, stack(0x00007fece64f1000,0x00007fece65f2000)]
  0x00007fed0576d000 JavaThread "http-nio-8080-ClientPoller" daemon [_thread_in_native, id=19003, stack(0x00007fece65f2000,0x00007fece66f3000)]
  0x00007fed0576a800 JavaThread "http-nio-8080-exec-10" daemon [_thread_blocked, id=19002, stack(0x00007fece66f3000,0x00007fece67f4000)]
  0x00007fed05768800 JavaThread "http-nio-8080-exec-9" daemon [_thread_blocked, id=19001, stack(0x00007fece67f4000,0x00007fece68f5000)]
  0x00007fed05766800 JavaThread "http-nio-8080-exec-8" daemon [_thread_blocked, id=19000, stack(0x00007fece68f5000,0x00007fece69f6000)]
  0x00007fed05764800 JavaThread "http-nio-8080-exec-7" daemon [_thread_blocked, id=18999, stack(0x00007fece69f6000,0x00007fece6af7000)]
  0x00007fed05762800 JavaThread "http-nio-8080-exec-6" daemon [_thread_blocked, id=18998, stack(0x00007fece6af7000,0x00007fece6bf8000)]
  0x00007fed05760800 JavaThread "http-nio-8080-exec-5" daemon [_thread_blocked, id=18997, stack(0x00007fece6bf8000,0x00007fece6cf9000)]
  0x00007fed0575e800 JavaThread "http-nio-8080-exec-4" daemon [_thread_blocked, id=18996, stack(0x00007fece6cf9000,0x00007fece6dfa000)]
  0x00007fed0575d000 JavaThread "http-nio-8080-exec-3" daemon [_thread_blocked, id=18995, stack(0x00007fece6dfa000,0x00007fece6efb000)]
  0x00007fed0575b000 JavaThread "http-nio-8080-exec-2" daemon [_thread_blocked, id=18994, stack(0x00007fece6efb000,0x00007fece6ffc000)]
  0x00007fed05759800 JavaThread "http-nio-8080-exec-1" daemon [_thread_blocked, id=18993, stack(0x00007fece6ffc000,0x00007fece70fd000)]
  0x00007fed05755800 JavaThread "http-nio-8080-BlockPoller" daemon [_thread_in_native, id=18992, stack(0x00007fece70fd000,0x00007fece71fe000)]
  0x00007fed056a1800 JavaThread "File Watcher" daemon [_thread_blocked, id=18991, stack(0x00007fece71fe000,0x00007fece72ff000)]
  0x00007fed05161800 JavaThread "Live Reload Server" daemon [_thread_in_native, id=18990, stack(0x00007fece7aff000,0x00007fece7c00000)]
  0x00007fed04c96000 JavaThread "HikariPool-1 housekeeper" daemon [_thread_blocked, id=18985, stack(0x00007fed0c9fd000,0x00007fed0cafe000)]
  0x00007fed04b89000 JavaThread "mysql-cj-abandoned-connection-cleanup" daemon [_thread_blocked, id=18984, stack(0x00007fed0ccfe000,0x00007fed0cdff000)]
  0x00007fed04b7a800 JavaThread "container-0" [_thread_blocked, id=18983, stack(0x00007fed3c03e000,0x00007fed3c13f000)]
  0x00007fecf83ef000 JavaThread "Catalina-utility-2" [_thread_blocked, id=18982, stack(0x00007fed3cbe9000,0x00007fed3ccea000)]
  0x00007fed04b7a000 JavaThread "Catalina-utility-1" [_thread_blocked, id=18981, stack(0x00007fed3de9d000,0x00007fed3df9e000)]
  0x00007fed20001000 JavaThread "Attach Listener" daemon [_thread_blocked, id=18979, stack(0x00007fed3d2fc000,0x00007fed3d3fd000)]
  0x00007fed5c5df000 JavaThread "Service Thread" daemon [_thread_blocked, id=18970, stack(0x00007fed3e4b9000,0x00007fed3e5ba000)]
  0x00007fed5c5ba000 JavaThread "C1 CompilerThread2" daemon [_thread_blocked, id=18969, stack(0x00007fed3e5ba000,0x00007fed3e6bb000)]
=>0x00007fed5c5b6800 JavaThread "C2 CompilerThread1" daemon [_thread_in_native, id=18968, stack(0x00007fed3e6bb000,0x00007fed3e7bc000)]
  0x00007fed5c5b4800 JavaThread "C2 CompilerThread0" daemon [_thread_in_native, id=18967, stack(0x00007fed3e7bc000,0x00007fed3e8bd000)]
  0x00007fed5c5b0000 JavaThread "Monitor Ctrl-Break" daemon [_thread_in_native, id=18966, stack(0x00007fed3e8bd000,0x00007fed3e9be000)]
  0x00007fed5c184800 JavaThread "Signal Dispatcher" daemon [_thread_blocked, id=18965, stack(0x00007fed3ec17000,0x00007fed3ed18000)]
  0x00007fed5c151800 JavaThread "Finalizer" daemon [_thread_blocked, id=18958, stack(0x00007fed3eff0000,0x00007fed3f0f1000)]
  0x00007fed5c14f000 JavaThread "Reference Handler" daemon [_thread_blocked, id=18957, stack(0x00007fed3f0f1000,0x00007fed3f1f2000)]

Other Threads:
  0x00007fed5c145800 VMThread [stack: 0x00007fed3f1f2000,0x00007fed3f2f3000] [id=18955]
  0x00007fed5c5e2000 WatcherThread [stack: 0x00007fed3e3b8000,0x00007fed3e4b9000] [id=18971]

VM state:not at safepoint (normal execution)

VM Mutex/Monitor currently owned by a thread: None

heap address: 0x0000000085400000, size: 1964 MB, Compressed Oops mode: 32-bit
Narrow klass base: 0x0000000000000000, Narrow klass shift: 3
Compressed class space size: 1073741824 Address: 0x0000000100000000

Heap:
 PSYoungGen      total 404480K, used 145155K [0x00000000d7180000, 0x00000000f8880000, 0x0000000100000000)
  eden space 384512K, 37% used [0x00000000d7180000,0x00000000dff40c78,0x00000000ee900000)
  from space 19968K, 0% used [0x00000000ee900000,0x00000000ee900000,0x00000000efc80000)
  to   space 19968K, 0% used [0x00000000f7500000,0x00000000f7500000,0x00000000f8880000)
 ParOldGen       total 101888K, used 25101K [0x0000000085400000, 0x000000008b780000, 0x00000000d7180000)
  object space 101888K, 24% used [0x0000000085400000,0x0000000086c83750,0x000000008b780000)
 Metaspace       used 64299K, capacity 67294K, committed 67480K, reserved 1107968K
  class space    used 8787K, capacity 9300K, committed 9384K, reserved 1048576K

Card table byte_map: [0x00007fed60576000,0x00007fed6094d000] byte_map_base: 0x00007fed6014c000

Marking Bits: (ParMarkBitMap*) 0x00007fed6328ed80
 Begin Bits: [0x00007fed442a0000, 0x00007fed46150000)
 End Bits:   [0x00007fed46150000, 0x00007fed48000000)

Polling page: 0x00007fed63ed3000

CodeCache: size=245760Kb used=17436Kb max_used=18927Kb free=228323Kb
 bounds [0x00007fed4d000000, 0x00007fed4e2a0000, 0x00007fed5c000000]
 total_blobs=5821 nmethods=5249 adapters=484
 compilation: enabled

Compilation events (10 events):
Event: 9.517 Thread 0x00007fed5c5ba000 5978       2       org.apache.catalina.connector.RequestFacade::getAttribute (32 bytes)
Event: 9.517 Thread 0x00007fed5c5ba000 nmethod 5978 0x00007fed4d95f790 code [0x00007fed4d95f920, 0x00007fed4d95fb68]
Event: 9.517 Thread 0x00007fed5c5ba000 5976       1       org.apache.coyote.Request::requestURI (5 bytes)
Event: 9.520 Thread 0x00007fed5c5ba000 nmethod 5976 0x00007fed4d470c90 code [0x00007fed4d470de0, 0x00007fed4d470ef0]
Event: 9.520 Thread 0x00007fed5c5ba000 5972       2       org.apache.tomcat.util.buf.MessageBytes::equalsIgnoreCase (78 bytes)
Event: 9.520 Thread 0x00007fed5c5ba000 nmethod 5972 0x00007fed4d504690 code [0x00007fed4d504820, 0x00007fed4d504a68]
Event: 9.520 Thread 0x00007fed5c5ba000 5971   !   2       org.apache.tomcat.util.http.parser.HttpParser::isToken (9 bytes)
Event: 9.521 Thread 0x00007fed5c5ba000 nmethod 5971 0x00007fed4d504250 code [0x00007fed4d5043c0, 0x00007fed4d504550]
Event: 9.526 Thread 0x00007fed5c5ba000 5980       2       org.apache.tomcat.util.buf.AbstractChunk::recycle (21 bytes)
Event: 9.526 Thread 0x00007fed5c5ba000 nmethod 5980 0x00007fed4d503f10 code [0x00007fed4d504060, 0x00007fed4d5041d0]

GC Heap History (10 events):
Event: 2.586 GC heap before
{Heap before GC invocations=8 (full 1):
 PSYoungGen      total 232960K, used 156458K [0x00000000d7180000, 0x00000000e7b80000, 0x0000000100000000)
  eden space 225280K, 66% used [0x00000000d7180000,0x00000000e0315350,0x00000000e4d80000)
  from space 7680K, 96% used [0x00000000e7400000,0x00000000e7b35778,0x00000000e7b80000)
  to   space 10752K, 0% used [0x00000000e6680000,0x00000000e6680000,0x00000000e7100000)
 ParOldGen       total 49664K, used 7245K [0x0000000085400000, 0x0000000088480000, 0x00000000d7180000)
  object space 49664K, 14% used [0x0000000085400000,0x0000000085b13450,0x0000000088480000)
 Metaspace       used 33722K, capacity 35342K, committed 35496K, reserved 1079296K
  class space    used 4336K, capacity 4662K, committed 4776K, reserved 1048576K
Event: 2.599 GC heap after
Heap after GC invocations=8 (full 1):
 PSYoungGen      total 261632K, used 10727K [0x00000000d7180000, 0x00000000f0a00000, 0x0000000100000000)
  eden space 250880K, 0% used [0x00000000d7180000,0x00000000d7180000,0x00000000e6680000)
  from space 10752K, 99% used [0x00000000e6680000,0x00000000e70f9cd0,0x00000000e7100000)
  to   space 13824K, 0% used [0x00000000efc80000,0x00000000efc80000,0x00000000f0a00000)
 ParOldGen       total 49664K, used 9994K [0x0000000085400000, 0x0000000088480000, 0x00000000d7180000)
  object space 49664K, 20% used [0x0000000085400000,0x0000000085dc2a38,0x0000000088480000)
 Metaspace       used 33722K, capacity 35342K, committed 35496K, reserved 1079296K
  class space    used 4336K, capacity 4662K, committed 4776K, reserved 1048576K
}
Event: 2.599 GC heap before
{Heap before GC invocations=9 (full 2):
 PSYoungGen      total 261632K, used 10727K [0x00000000d7180000, 0x00000000f0a00000, 0x0000000100000000)
  eden space 250880K, 0% used [0x00000000d7180000,0x00000000d7180000,0x00000000e6680000)
  from space 10752K, 99% used [0x00000000e6680000,0x00000000e70f9cd0,0x00000000e7100000)
  to   space 13824K, 0% used [0x00000000efc80000,0x00000000efc80000,0x00000000f0a00000)
 ParOldGen       total 49664K, used 9994K [0x0000000085400000, 0x0000000088480000, 0x00000000d7180000)
  object space 49664K, 20% used [0x0000000085400000,0x0000000085dc2a38,0x0000000088480000)
 Metaspace       used 33722K, capacity 35342K, committed 35496K, reserved 1079296K
  class space    used 4336K, capacity 4662K, committed 4776K, reserved 1048576K
Event: 2.659 GC heap after
Heap after GC invocations=9 (full 2):
 PSYoungGen      total 261632K, used 0K [0x00000000d7180000, 0x00000000f0a00000, 0x0000000100000000)
  eden space 250880K, 0% used [0x00000000d7180000,0x00000000d7180000,0x00000000e6680000)
  from space 10752K, 0% used [0x00000000e6680000,0x00000000e6680000,0x00000000e7100000)
  to   space 13824K, 0% used [0x00000000efc80000,0x00000000efc80000,0x00000000f0a00000)
 ParOldGen       total 75776K, used 17851K [0x0000000085400000, 0x0000000089e00000, 0x00000000d7180000)
  object space 75776K, 23% used [0x0000000085400000,0x000000008656ed50,0x0000000089e00000)
 Metaspace       used 33722K, capacity 35342K, committed 35496K, reserved 1079296K
  class space    used 4336K, capacity 4662K, committed 4776K, reserved 1048576K
}
Event: 4.576 GC heap before
{Heap before GC invocations=10 (full 2):
 PSYoungGen      total 261632K, used 250880K [0x00000000d7180000, 0x00000000f0a00000, 0x0000000100000000)
  eden space 250880K, 100% used [0x00000000d7180000,0x00000000e6680000,0x00000000e6680000)
  from space 10752K, 0% used [0x00000000e6680000,0x00000000e6680000,0x00000000e7100000)
  to   space 13824K, 0% used [0x00000000efc80000,0x00000000efc80000,0x00000000f0a00000)
 ParOldGen       total 75776K, used 17851K [0x0000000085400000, 0x0000000089e00000, 0x00000000d7180000)
  object space 75776K, 23% used [0x0000000085400000,0x000000008656ed50,0x0000000089e00000)
 Metaspace       used 52711K, capacity 54700K, committed 54952K, reserved 1097728K
  class space    used 7153K, capacity 7537K, committed 7592K, reserved 1048576K
Event: 4.605 GC heap after
Heap after GC invocations=10 (full 2):
 PSYoungGen      total 398336K, used 13819K [0x00000000d7180000, 0x00000000f1680000, 0x0000000100000000)
  eden space 384512K, 0% used [0x00000000d7180000,0x00000000d7180000,0x00000000ee900000)
  from space 13824K, 99% used [0x00000000efc80000,0x00000000f09fed90,0x00000000f0a00000)
  to   space 19968K, 0% used [0x00000000ee900000,0x00000000ee900000,0x00000000efc80000)
 ParOldGen       total 75776K, used 26584K [0x0000000085400000, 0x0000000089e00000, 0x00000000d7180000)
  object space 75776K, 35% used [0x0000000085400000,0x0000000086df6340,0x0000000089e00000)
 Metaspace       used 52711K, capacity 54700K, committed 54952K, reserved 1097728K
  class space    used 7153K, capacity 7537K, committed 7592K, reserved 1048576K
}
Event: 5.053 GC heap before
{Heap before GC invocations=11 (full 2):
 PSYoungGen      total 398336K, used 73576K [0x00000000d7180000, 0x00000000f1680000, 0x0000000100000000)
  eden space 384512K, 15% used [0x00000000d7180000,0x00000000dabdb5d8,0x00000000ee900000)
  from space 13824K, 99% used [0x00000000efc80000,0x00000000f09fed90,0x00000000f0a00000)
  to   space 19968K, 0% used [0x00000000ee900000,0x00000000ee900000,0x00000000efc80000)
 ParOldGen       total 75776K, used 26584K [0x0000000085400000, 0x0000000089e00000, 0x00000000d7180000)
  object space 75776K, 35% used [0x0000000085400000,0x0000000086df6340,0x0000000089e00000)
 Metaspace       used 56622K, capacity 59034K, committed 59160K, reserved 1099776K
  class space    used 7687K, capacity 8140K, committed 8232K, reserved 1048576K
Event: 5.063 GC heap after
Heap after GC invocations=11 (full 2):
 PSYoungGen      total 404480K, used 12582K [0x00000000d7180000, 0x00000000f8880000, 0x0000000100000000)
  eden space 384512K, 0% used [0x00000000d7180000,0x00000000d7180000,0x00000000ee900000)
  from space 19968K, 63% used [0x00000000ee900000,0x00000000ef549b40,0x00000000efc80000)
  to   space 19968K, 0% used [0x00000000f7500000,0x00000000f7500000,0x00000000f8880000)
 ParOldGen       total 75776K, used 26592K [0x0000000085400000, 0x0000000089e00000, 0x00000000d7180000)
  object space 75776K, 35% used [0x0000000085400000,0x0000000086df8340,0x0000000089e00000)
 Metaspace       used 56622K, capacity 59034K, committed 59160K, reserved 1099776K
  class space    used 7687K, capacity 8140K, committed 8232K, reserved 1048576K
}
Event: 5.064 GC heap before
{Heap before GC invocations=12 (full 3):
 PSYoungGen      total 404480K, used 12582K [0x00000000d7180000, 0x00000000f8880000, 0x0000000100000000)
  eden space 384512K, 0% used [0x00000000d7180000,0x00000000d7180000,0x00000000ee900000)
  from space 19968K, 63% used [0x00000000ee900000,0x00000000ef549b40,0x00000000efc80000)
  to   space 19968K, 0% used [0x00000000f7500000,0x00000000f7500000,0x00000000f8880000)
 ParOldGen       total 75776K, used 26592K [0x0000000085400000, 0x0000000089e00000, 0x00000000d7180000)
  object space 75776K, 35% used [0x0000000085400000,0x0000000086df8340,0x0000000089e00000)
 Metaspace       used 56622K, capacity 59034K, committed 59160K, reserved 1099776K
  class space    used 7687K, capacity 8140K, committed 8232K, reserved 1048576K
Event: 5.149 GC heap after
Heap after GC invocations=12 (full 3):
 PSYoungGen      total 404480K, used 0K [0x00000000d7180000, 0x00000000f8880000, 0x0000000100000000)
  eden space 384512K, 0% used [0x00000000d7180000,0x00000000d7180000,0x00000000ee900000)
  from space 19968K, 0% used [0x00000000ee900000,0x00000000ee900000,0x00000000efc80000)
  to   space 19968K, 0% used [0x00000000f7500000,0x00000000f7500000,0x00000000f8880000)
 ParOldGen       total 101888K, used 25101K [0x0000000085400000, 0x000000008b780000, 0x00000000d7180000)
  object space 101888K, 24% used [0x0000000085400000,0x0000000086c83750,0x000000008b780000)
 Metaspace       used 56622K, capacity 59034K, committed 59160K, reserved 1099776K
  class space    used 7687K, capacity 8140K, committed 8232K, reserved 1048576K
}

Deoptimization events (10 events):
Event: 5.749 Thread 0x00007fed00002800 Uncommon trap: reason=class_check action=maybe_recompile pc=0x00007fed4e25caa8 method=org.springframework.util.ConcurrentReferenceHashMap$ReferenceManager.pollForPurge()Lorg/springframework/util/ConcurrentReferenceHashMap$Reference; @ 7
Event: 6.685 Thread 0x00007fed056a1800 Uncommon trap: reason=bimorphic action=maybe_recompile pc=0x00007fed4dbb0254 method=java.util.AbstractCollection.containsAll(Ljava/util/Collection;)Z @ 25
Event: 6.685 Thread 0x00007fed056a1800 Uncommon trap: reason=bimorphic action=maybe_recompile pc=0x00007fed4dbb0254 method=java.util.AbstractCollection.containsAll(Ljava/util/Collection;)Z @ 25
Event: 7.687 Thread 0x00007fed056a1800 Uncommon trap: reason=bimorphic action=maybe_recompile pc=0x00007fed4dbb0254 method=java.util.AbstractCollection.containsAll(Ljava/util/Collection;)Z @ 25
Event: 7.687 Thread 0x00007fed056a1800 Uncommon trap: reason=bimorphic action=maybe_recompile pc=0x00007fed4dbb0254 method=java.util.AbstractCollection.containsAll(Ljava/util/Collection;)Z @ 25
Event: 9.432 Thread 0x00007fed05759800 Uncommon trap: reason=unstable_if action=reinterpret pc=0x00007fed4d25399c method=java.lang.String.lastIndexOf([CII[CIII)I @ 118
Event: 9.452 Thread 0x00007fed05759800 Uncommon trap: reason=bimorphic action=maybe_recompile pc=0x00007fed4da51078 method=java.util.Collections$SetFromMap.contains(Ljava/lang/Object;)Z @ 5
Event: 9.456 Thread 0x00007fed05759800 Uncommon trap: reason=unstable_if action=reinterpret pc=0x00007fed4d718d34 method=org.springframework.util.StringUtils.deleteAny(Ljava/lang/String;Ljava/lang/String;)Ljava/lang/String; @ 11
Event: 9.458 Thread 0x00007fed05759800 Uncommon trap: reason=unstable_if action=reinterpret pc=0x00007fed4dd45d80 method=java.util.Properties.load0(Ljava/util/Properties$LineReader;)V @ 99
Event: 9.459 Thread 0x00007fed05759800 Uncommon trap: reason=bimorphic action=maybe_recompile pc=0x00007fed4da51078 method=java.util.Collections$SetFromMap.contains(Ljava/lang/Object;)Z @ 5

Classes redefined (0 events):
No events

Internal exceptions (10 events):
Event: 5.041 Thread 0x00007fed00002800 Exception <a 'java/lang/ClassNotFoundException': org/springframework/security/config/annotation/web/configuration/WebSecurityConfiguration$$EnhancerBySpringCGLIB$$4f13746bCustomizer> (0x00000000da5cbcb8) thrown at [/HUDSON/workspace/8-2-build-linux-amd64/
Event: 5.042 Thread 0x00007fed00002800 Exception <a 'java/lang/ClassNotFoundException': org/springframework/context/annotation/ConfigurationClassEnhancer$EnhancedConfigurationCustomizer> (0x00000000da5fe680) thrown at [/HUDSON/workspace/8-2-build-linux-amd64/jdk8u201/12317/hotspot/src/share/vm
Event: 5.042 Thread 0x00007fed00002800 Exception <a 'java/lang/ClassNotFoundException': org/springframework/beans/factory/BeanFactoryAwareCustomizer> (0x00000000da619b80) thrown at [/HUDSON/workspace/8-2-build-linux-amd64/jdk8u201/12317/hotspot/src/share/vm/classfile/systemDictionary.cpp, line
Event: 5.042 Thread 0x00007fed00002800 Exception <a 'java/lang/ClassNotFoundException': org/springframework/beans/factory/AwareCustomizer> (0x00000000da632ba0) thrown at [/HUDSON/workspace/8-2-build-linux-amd64/jdk8u201/12317/hotspot/src/share/vm/classfile/systemDictionary.cpp, line 210]
Event: 5.043 Thread 0x00007fed00002800 Exception <a 'java/lang/ClassNotFoundException': org/springframework/context/annotation/ImportAwareCustomizer> (0x00000000da64dee8) thrown at [/HUDSON/workspace/8-2-build-linux-amd64/jdk8u201/12317/hotspot/src/share/vm/classfile/systemDictionary.cpp, line
Event: 5.043 Thread 0x00007fed00002800 Exception <a 'java/lang/ClassNotFoundException': org/springframework/beans/factory/AwareCustomizer> (0x00000000da6669c8) thrown at [/HUDSON/workspace/8-2-build-linux-amd64/jdk8u201/12317/hotspot/src/share/vm/classfile/systemDictionary.cpp, line 210]
Event: 5.043 Thread 0x00007fed00002800 Exception <a 'java/lang/ClassNotFoundException': org/springframework/beans/factory/BeanClassLoaderAwareCustomizer> (0x00000000da682ff8) thrown at [/HUDSON/workspace/8-2-build-linux-amd64/jdk8u201/12317/hotspot/src/share/vm/classfile/systemDictionary.cpp, 
Event: 5.043 Thread 0x00007fed00002800 Exception <a 'java/lang/ClassNotFoundException': org/springframework/beans/factory/AwareCustomizer> (0x00000000da69bab8) thrown at [/HUDSON/workspace/8-2-build-linux-amd64/jdk8u201/12317/hotspot/src/share/vm/classfile/systemDictionary.cpp, line 210]
Event: 9.445 Thread 0x00007fed05759800 Exception <a 'java/lang/ClassNotFoundException': java/lang/ObjectCustomizer> (0x00000000dfb03918) thrown at [/HUDSON/workspace/8-2-build-linux-amd64/jdk8u201/12317/hotspot/src/share/vm/classfile/systemDictionary.cpp, line 210]
Event: 9.451 Thread 0x00007fed05759800 Exception <a 'java/lang/ClassNotFoundException': neo/spring5/MeetingRoomBooking/models/UserCustomizer> (0x00000000dfb26d48) thrown at [/HUDSON/workspace/8-2-build-linux-amd64/jdk8u201/12317/hotspot/src/share/vm/classfile/systemDictionary.cpp, line 210]

Events (10 events):
Event: 9.524 loading class org/springframework/util/StreamUtils$NonClosingOutputStream
Event: 9.524 loading class org/springframework/util/StreamUtils$NonClosingOutputStream done
Event: 9.524 Executing VM operation: RevokeBias
Event: 9.524 Executing VM operation: RevokeBias done
Event: 9.524 Executing VM operation: RevokeBias
Event: 9.525 Executing VM operation: RevokeBias done
Event: 9.526 Executing VM operation: RevokeBias
Event: 9.526 Executing VM operation: RevokeBias done
Event: 9.526 Executing VM operation: RevokeBias
Event: 9.526 Executing VM operation: RevokeBias done


Dynamic libraries:
00400000-00401000 r-xp 00000000 08:01 4196854                            /usr/lib/jvm/java-8-oracle/bin/java
00600000-00601000 r--p 00000000 08:01 4196854                            /usr/lib/jvm/java-8-oracle/bin/java
00601000-00602000 rw-p 00001000 08:01 4196854                            /usr/lib/jvm/java-8-oracle/bin/java
01771000-01792000 rw-p 00000000 00:00 0                                  [heap]
85400000-8b780000 rw-p 00000000 00:00 0 
8b780000-d7180000 ---p 00000000 00:00 0 
d7180000-f8880000 rw-p 00000000 00:00 0 
f8880000-100000000 ---p 00000000 00:00 0 
100000000-10092a000 rw-p 00000000 00:00 0 
10092a000-140000000 ---p 00000000 00:00 0 
7fecc4000000-7fecc4021000 rw-p 00000000 00:00 0 
7fecc4021000-7fecc8000000 ---p 00000000 00:00 0 
7fecc8000000-7fecc8021000 rw-p 00000000 00:00 0 
7fecc8021000-7feccc000000 ---p 00000000 00:00 0 
7feccc000000-7feccc192000 rw-p 00000000 00:00 0 
7feccc192000-7fecd0000000 ---p 00000000 00:00 0 
7fecd0000000-7fecd0030000 rw-p 00000000 00:00 0 
7fecd0030000-7fecd4000000 ---p 00000000 00:00 0 
7fecd4000000-7fecd4021000 rw-p 00000000 00:00 0 
7fecd4021000-7fecd8000000 ---p 00000000 00:00 0 
7fecd8000000-7fecd8021000 rw-p 00000000 00:00 0 
7fecd8021000-7fecdc000000 ---p 00000000 00:00 0 
7fecdc000000-7fecdc021000 rw-p 00000000 00:00 0 
7fecdc021000-7fece0000000 ---p 00000000 00:00 0 
7fece0000000-7fece0021000 rw-p 00000000 00:00 0 
7fece0021000-7fece4000000 ---p 00000000 00:00 0 
7fece5dfb000-7fece61b1000 rw-p 00000000 00:00 0 
7fece61b1000-7fece62f1000 ---p 00000000 00:00 0 
7fece62f1000-7fece64f1000 rw-p 00000000 00:00 0 
7fece64f1000-7fece64f4000 ---p 00000000 00:00 0 
7fece64f4000-7fece65f2000 rw-p 00000000 00:00 0 
7fece65f2000-7fece65f5000 ---p 00000000 00:00 0 
7fece65f5000-7fece66f3000 rw-p 00000000 00:00 0 
7fece66f3000-7fece66f6000 ---p 00000000 00:00 0 
7fece66f6000-7fece67f4000 rw-p 00000000 00:00 0 
7fece67f4000-7fece67f7000 ---p 00000000 00:00 0 
7fece67f7000-7fece68f5000 rw-p 00000000 00:00 0 
7fece68f5000-7fece68f8000 ---p 00000000 00:00 0 
7fece68f8000-7fece69f6000 rw-p 00000000 00:00 0 
7fece69f6000-7fece69f9000 ---p 00000000 00:00 0 
7fece69f9000-7fece6af7000 rw-p 00000000 00:00 0 
7fece6af7000-7fece6afa000 ---p 00000000 00:00 0 
7fece6afa000-7fece6bf8000 rw-p 00000000 00:00 0 
7fece6bf8000-7fece6bfb000 ---p 00000000 00:00 0 
7fece6bfb000-7fece6cf9000 rw-p 00000000 00:00 0 
7fece6cf9000-7fece6cfc000 ---p 00000000 00:00 0 
7fece6cfc000-7fece6dfa000 rw-p 00000000 00:00 0 
7fece6dfa000-7fece6dfd000 ---p 00000000 00:00 0 
7fece6dfd000-7fece6efb000 rw-p 00000000 00:00 0 
7fece6efb000-7fece6efe000 ---p 00000000 00:00 0 
7fece6efe000-7fece6ffc000 rw-p 00000000 00:00 0 
7fece6ffc000-7fece6fff000 ---p 00000000 00:00 0 
7fece6fff000-7fece70fd000 rw-p 00000000 00:00 0 
7fece70fd000-7fece7100000 ---p 00000000 00:00 0 
7fece7100000-7fece71fe000 rw-p 00000000 00:00 0 
7fece71fe000-7fece7201000 ---p 00000000 00:00 0 
7fece7201000-7fece74ff000 rw-p 00000000 00:00 0 
7fece74ff000-7fece76ff000 rw-p 00000000 00:00 0 
7fece76ff000-7fece78fb000 rw-p 00000000 00:00 0 
7fece78fb000-7fece78ff000 ---p 00000000 00:00 0 
7fece78ff000-7fece7aff000 rw-p 00000000 00:00 0 
7fece7aff000-7fece7b02000 ---p 00000000 00:00 0 
7fece7b02000-7fece7e00000 rw-p 00000000 00:00 0 
7fece7e00000-7fece8000000 rw-p 00000000 00:00 0 
7fece8000000-7fece8021000 rw-p 00000000 00:00 0 
7fece8021000-7fecec000000 ---p 00000000 00:00 0 
7fecec000000-7fecec021000 rw-p 00000000 00:00 0 
7fecec021000-7fecf0000000 ---p 00000000 00:00 0 
7fecf0000000-7fecf0040000 rw-p 00000000 00:00 0 
7fecf0040000-7fecf4000000 ---p 00000000 00:00 0 
7fecf4000000-7fecf4021000 rw-p 00000000 00:00 0 
7fecf4021000-7fecf8000000 ---p 00000000 00:00 0 
7fecf8000000-7fecf8636000 rw-p 00000000 00:00 0 
7fecf8636000-7fecfc000000 ---p 00000000 00:00 0 
7fecfc000000-7fecfc021000 rw-p 00000000 00:00 0 
7fecfc021000-7fed00000000 ---p 00000000 00:00 0 
7fed00000000-7fed00021000 rw-p 00000000 00:00 0 
7fed00021000-7fed04000000 ---p 00000000 00:00 0 
7fed04000000-7fed05790000 rw-p 00000000 00:00 0 
7fed05790000-7fed08000000 ---p 00000000 00:00 0 
7fed08000000-7fed08021000 rw-p 00000000 00:00 0 
7fed08021000-7fed0c000000 ---p 00000000 00:00 0 
7fed0c0fc000-7fed0c2fc000 rw-p 00000000 00:00 0 
7fed0c2fc000-7fed0c4fc000 rw-p 00000000 00:00 0 
7fed0c4fc000-7fed0c6fc000 rw-p 00000000 00:00 0 
7fed0c6fc000-7fed0c6ff000 ---p 00000000 00:00 0 
7fed0c6ff000-7fed0c9fd000 rw-p 00000000 00:00 0 
7fed0c9fd000-7fed0ca00000 ---p 00000000 00:00 0 
7fed0ca00000-7fed0ccfe000 rw-p 00000000 00:00 0 
7fed0ccfe000-7fed0cd01000 ---p 00000000 00:00 0 
7fed0cd01000-7fed0cfff000 rw-p 00000000 00:00 0 
7fed0cfff000-7fed10000000 rw-p 00000000 00:00 0 
7fed10000000-7fed110c1000 rw-p 00000000 00:00 0 
7fed110c1000-7fed14000000 ---p 00000000 00:00 0 
7fed14000000-7fed14021000 rw-p 00000000 00:00 0 
7fed14021000-7fed18000000 ---p 00000000 00:00 0 
7fed18000000-7fed1951f000 rw-p 00000000 00:00 0 
7fed1951f000-7fed1c000000 ---p 00000000 00:00 0 
7fed1c000000-7fed1db5d000 rw-p 00000000 00:00 0 
7fed1db5d000-7fed20000000 ---p 00000000 00:00 0 
7fed20000000-7fed20021000 rw-p 00000000 00:00 0 
7fed20021000-7fed24000000 ---p 00000000 00:00 0 
7fed24000000-7fed24051000 rw-p 00000000 00:00 0 
7fed24051000-7fed28000000 ---p 00000000 00:00 0 
7fed28000000-7fed28021000 rw-p 00000000 00:00 0 
7fed28021000-7fed2c000000 ---p 00000000 00:00 0 
7fed2c000000-7fed2c021000 rw-p 00000000 00:00 0 
7fed2c021000-7fed30000000 ---p 00000000 00:00 0 
7fed30000000-7fed30021000 rw-p 00000000 00:00 0 
7fed30021000-7fed34000000 ---p 00000000 00:00 0 
7fed34000000-7fed34042000 rw-p 00000000 00:00 0 
7fed34042000-7fed38000000 ---p 00000000 00:00 0 
7fed38000000-7fed38021000 rw-p 00000000 00:00 0 
7fed38021000-7fed3c000000 ---p 00000000 00:00 0 
7fed3c03e000-7fed3c041000 ---p 00000000 00:00 0 
7fed3c041000-7fed3c33f000 rw-p 00000000 00:00 0 
7fed3c33f000-7fed3c53f000 rw-p 00000000 00:00 0 
7fed3c5dd000-7fed3c5e2000 r--s 002f9000 08:01 4331039                    /usr/lib/jvm/java-8-oracle/jre/lib/charsets.jar
7fed3c5e2000-7fed3c5e5000 r--s 0001a000 08:01 4331052                    /usr/lib/jvm/java-8-oracle/jre/lib/jce.jar
7fed3c5e5000-7fed3c5e9000 r--s 000a1000 08:01 4331046                    /usr/lib/jvm/java-8-oracle/jre/lib/jsse.jar
7fed3c5e9000-7fed3c7e9000 rw-p 00000000 00:00 0 
7fed3c7e9000-7fed3c9e9000 rw-p 00000000 00:00 0 
7fed3c9e9000-7fed3cbe9000 rw-p 00000000 00:00 0 
7fed3cbe9000-7fed3cbec000 ---p 00000000 00:00 0 
7fed3cbec000-7fed3ceea000 rw-p 00000000 00:00 0 
7fed3ceea000-7fed3cefb000 r-xp 00000000 08:01 4598305                    /usr/lib/jvm/java-8-oracle/jre/lib/amd64/libnio.so
7fed3cefb000-7fed3d0fa000 ---p 00011000 08:01 4598305                    /usr/lib/jvm/java-8-oracle/jre/lib/amd64/libnio.so
7fed3d0fa000-7fed3d0fb000 r--p 00010000 08:01 4598305                    /usr/lib/jvm/java-8-oracle/jre/lib/amd64/libnio.so
7fed3d0fb000-7fed3d0fc000 rw-p 00011000 08:01 4598305                    /usr/lib/jvm/java-8-oracle/jre/lib/amd64/libnio.so
7fed3d0fc000-7fed3d2fc000 rw-p 00000000 00:00 0 
7fed3d2fc000-7fed3d2ff000 ---p 00000000 00:00 0 
7fed3d2ff000-7fed3d5fd000 rw-p 00000000 00:00 0 
7fed3d5fd000-7fed3d7fd000 rw-p 00000000 00:00 0 
7fed3d7fd000-7fed3d806000 r-xp 00000000 08:01 4598310                    /usr/lib/jvm/java-8-oracle/jre/lib/amd64/libmanagement.so
7fed3d806000-7fed3da05000 ---p 00009000 08:01 4598310                    /usr/lib/jvm/java-8-oracle/jre/lib/amd64/libmanagement.so
7fed3da05000-7fed3da06000 r--p 00008000 08:01 4598310                    /usr/lib/jvm/java-8-oracle/jre/lib/amd64/libmanagement.so
7fed3da06000-7fed3da07000 rw-p 00009000 08:01 4598310                    /usr/lib/jvm/java-8-oracle/jre/lib/amd64/libmanagement.so
7fed3da07000-7fed3dc07000 rw-p 00000000 00:00 0 
7fed3dc07000-7fed3dc9d000 r--s 0110e000 08:01 4460224                    /usr/lib/jvm/java-8-oracle/jre/lib/ext/jfxrt.jar
7fed3dc9d000-7fed3de9d000 rw-p 00000000 00:00 0 
7fed3de9d000-7fed3dea0000 ---p 00000000 00:00 0 
7fed3dea0000-7fed3df9e000 rw-p 00000000 00:00 0 
7fed3df9e000-7fed3dfa1000 ---p 00000000 00:00 0 
7fed3dfa1000-7fed3e09f000 rw-p 00000000 00:00 0 
7fed3e09f000-7fed3e0a2000 ---p 00000000 00:00 0 
7fed3e0a2000-7fed3e1a0000 rw-p 00000000 00:00 0 
7fed3e1a0000-7fed3e1b6000 r-xp 00000000 08:01 4598302                    /usr/lib/jvm/java-8-oracle/jre/lib/amd64/libnet.so
7fed3e1b6000-7fed3e3b6000 ---p 00016000 08:01 4598302                    /usr/lib/jvm/java-8-oracle/jre/lib/amd64/libnet.so
7fed3e3b6000-7fed3e3b7000 r--p 00016000 08:01 4598302                    /usr/lib/jvm/java-8-oracle/jre/lib/amd64/libnet.so
7fed3e3b7000-7fed3e3b8000 rw-p 00017000 08:01 4598302                    /usr/lib/jvm/java-8-oracle/jre/lib/amd64/libnet.so
7fed3e3b8000-7fed3e3b9000 ---p 00000000 00:00 0 
7fed3e3b9000-7fed3e4b9000 rw-p 00000000 00:00 0 
7fed3e4b9000-7fed3e4bc000 ---p 00000000 00:00 0 
7fed3e4bc000-7fed3e5ba000 rw-p 00000000 00:00 0 
7fed3e5ba000-7fed3e5bd000 ---p 00000000 00:00 0 
7fed3e5bd000-7fed3e6bb000 rw-p 00000000 00:00 0 
7fed3e6bb000-7fed3e6be000 ---p 00000000 00:00 0 
7fed3e6be000-7fed3e7bc000 rw-p 00000000 00:00 0 
7fed3e7bc000-7fed3e7bf000 ---p 00000000 00:00 0 
7fed3e7bf000-7fed3e8bd000 rw-p 00000000 00:00 0 
7fed3e8bd000-7fed3e8c0000 ---p 00000000 00:00 0 
7fed3e8c0000-7fed3e9be000 rw-p 00000000 00:00 0 
7fed3e9be000-7fed3e9c0000 r--s 0001b000 08:01 8522242                    /home/webwerks/Downloads/idea-IC-192.6817.14/lib/idea_rt.jar
7fed3e9c0000-7fed3e9c1000 r--s 00005000 08:01 9175341                    /home/webwerks/.m2/repository/org/springframework/spring-jcl/5.1.10.RELEASE/spring-jcl-5.1.10.RELEASE.jar
7fed3e9c1000-7fed3e9da000 r--s 00125000 08:01 9175316                    /home/webwerks/.m2/repository/org/springframework/spring-core/5.1.10.RELEASE/spring-core-5.1.10.RELEASE.jar
7fed3e9da000-7fed3e9dc000 r--s 0000e000 08:01 9047425                    /home/webwerks/.m2/repository/javax/activation/activation/1.1/activation-1.1.jar
7fed3e9dc000-7fed3e9e4000 r--s 00078000 08:01 9047416                    /home/webwerks/.m2/repository/javax/mail/mail/1.4.7/mail-1.4.7.jar
7fed3e9e4000-7fed3e9e7000 r--s 0000e000 08:01 9307159                    /home/webwerks/.m2/repository/com/sun/activation/jakarta.activation/1.2.1/jakarta.activation-1.2.1.jar
7fed3e9e7000-7fed3e9f0000 r--s 00099000 08:01 9307157                    /home/webwerks/.m2/repository/com/sun/mail/jakarta.mail/1.6.4/jakarta.mail-1.6.4.jar
7fed3e9f0000-7fed3e9f5000 r--s 00028000 08:01 8654319                    /home/webwerks/.m2/repository/org/springframework/spring-context-support/5.1.10.RELEASE/spring-context-support-5.1.10.RELEASE.jar
7fed3e9f5000-7fed3e9f6000 r--s 00000000 08:01 9178411                    /home/webwerks/.m2/repository/org/springframework/boot/spring-boot-starter-mail/2.2.0.RELEASE/spring-boot-starter-mail-2.2.0.RELEASE.jar
7fed3e9f6000-7fed3ea0d000 r--s 00198000 08:01 9175362                    /home/webwerks/.m2/repository/org/projectlombok/lombok/1.18.10/lombok-1.18.10.jar
7fed3ea0d000-7fed3ea20000 r--s 00201000 08:01 9175356                    /home/webwerks/.m2/repository/com/h2database/h2/1.4.199/h2-1.4.199.jar
7fed3ea20000-7fed3ea44000 r--s 00113000 08:01 9175363                    /home/webwerks/.m2/repository/org/springframework/boot/spring-boot-autoconfigure/2.1.9.RELEASE/spring-boot-autoconfigure-2.1.9.RELEASE.jar
7fed3ea44000-7fed3ea59000 r--s 000d5000 08:01 9175331                    /home/webwerks/.m2/repository/org/springframework/boot/spring-boot/2.1.9.RELEASE/spring-boot-2.1.9.RELEASE.jar
7fed3ea59000-7fed3ea5f000 r--s 0002e000 08:01 9175354                    /home/webwerks/.m2/repository/org/springframework/boot/spring-boot-devtools/2.1.9.RELEASE/spring-boot-devtools-2.1.9.RELEASE.jar
7fed3ea5f000-7fed3ea77000 r--s 0021f000 08:01 8654352                    /home/webwerks/.m2/repository/mysql/mysql-connector-java/8.0.17/mysql-connector-java-8.0.17.jar
7fed3ea77000-7fed3ea86000 r--s 000b5000 08:01 9175317                    /home/webwerks/.m2/repository/org/springframework/spring-webmvc/5.1.10.RELEASE/spring-webmvc-5.1.10.RELEASE.jar
7fed3ea86000-7fed3eaa2000 r--s 00138000 08:01 9175324                    /home/webwerks/.m2/repository/org/springframework/spring-web/5.1.10.RELEASE/spring-web-5.1.10.RELEASE.jar
7fed3eaa2000-7fed3eaa7000 r--s 00012000 08:01 8651786                    /home/webwerks/.m2/repository/javax/validation/validation-api/2.0.1.Final/validation-api-2.0.1.Final.jar
7fed3eaa7000-7fed3eac4000 r--s 000fe000 08:01 9175344                    /home/webwerks/.m2/repository/org/hibernate/validator/hibernate-validator/6.0.17.Final/hibernate-validator-6.0.17.Final.jar
7fed3eac4000-7fed3eac9000 r--s 0003c000 08:01 9175332                    /home/webwerks/.m2/repository/org/apache/tomcat/embed/tomcat-embed-websocket/9.0.26/tomcat-embed-websocket-9.0.26.jar
7fed3eac9000-7fed3eace000 r--s 00039000 08:01 9175330                    /home/webwerks/.m2/repository/org/apache/tomcat/embed/tomcat-embed-el/9.0.26/tomcat-embed-el-9.0.26.jar
7fed3eace000-7fed3eafa000 r--s 0030a000 08:01 9175337                    /home/webwerks/.m2/repository/org/apache/tomcat/embed/tomcat-embed-core/9.0.26/tomcat-embed-core-9.0.26.jar
7fed3eafa000-7fed3eafb000 r--s 00000000 08:01 9175334                    /home/webwerks/.m2/repository/org/springframework/boot/spring-boot-starter-tomcat/2.1.9.RELEASE/spring-boot-starter-tomcat-2.1.9.RELEASE.jar
7fed3eafb000-7fed3eafd000 r--s 00001000 08:01 9175338                    /home/webwerks/.m2/repository/com/fasterxml/jackson/module/jackson-module-parameter-names/2.9.9/jackson-module-parameter-names-2.9.9.jar
7fed3eafd000-7fed3eb00000 r--s 00016000 08:01 9175309                    /home/webwerks/.m2/repository/com/fasterxml/jackson/datatype/jackson-datatype-jsr310/2.9.9/jackson-datatype-jsr310-2.9.9.jar
7fed3eb00000-7fed3eb02000 r--s 00007000 08:01 9175333                    /home/webwerks/.m2/repository/com/fasterxml/jackson/datatype/jackson-datatype-jdk8/2.9.9/jackson-datatype-jdk8-2.9.9.jar
7fed3eb02000-7fed3eb06000 r--s 0004c000 08:01 9175305                    /home/webwerks/.m2/repository/com/fasterxml/jackson/core/jackson-core/2.9.9/jackson-core-2.9.9.jar
7fed3eb06000-7fed3eb09000 r--s 0000e000 08:01 8651766                    /home/webwerks/.m2/repository/com/fasterxml/jackson/core/jackson-annotations/2.9.0/jackson-annotations-2.9.0.jar
7fed3eb09000-7fed3eb1c000 r--s 00137000 08:01 9175336                    /home/webwerks/.m2/repository/com/fasterxml/jackson/core/jackson-databind/2.9.9.3/jackson-databind-2.9.9.3.jar
7fed3eb1c000-7fed3eb1d000 r--s 00000000 08:01 9175320                    /home/webwerks/.m2/repository/org/springframework/boot/spring-boot-starter-json/2.1.9.RELEASE/spring-boot-starter-json-2.1.9.RELEASE.jar
7fed3eb1d000-7fed3eb1e000 r--s 00000000 08:01 9175327                    /home/webwerks/.m2/repository/org/springframework/boot/spring-boot-starter-web/2.1.9.RELEASE/spring-boot-starter-web-2.1.9.RELEASE.jar
7fed3eb1e000-7fed3eb1f000 r--s 00009000 08:01 9175289                    /home/webwerks/.m2/repository/org/thymeleaf/extras/thymeleaf-extras-java8time/3.0.4.RELEASE/thymeleaf-extras-java8time-3.0.4.RELEASE.jar
7fed3eb1f000-7fed3eb22000 r--s 00028000 08:01 8782468                    /home/webwerks/.m2/repository/org/unbescape/unbescape/1.1.6.RELEASE/unbescape-1.1.6.RELEASE.jar
7fed3eb22000-7fed3eb27000 r--s 00037000 08:01 8782466                    /home/webwerks/.m2/repository/org/attoparser/attoparser/2.0.5.RELEASE/attoparser-2.0.5.RELEASE.jar
7fed3eb27000-7fed3eb37000 r--s 000c5000 08:01 8782464                    /home/webwerks/.m2/repository/org/thymeleaf/thymeleaf/3.0.11.RELEASE/thymeleaf-3.0.11.RELEASE.jar
7fed3eb37000-7fed3eb3c000 r--s 00027000 08:01 8782462                    /home/webwerks/.m2/repository/org/thymeleaf/thymeleaf-spring5/3.0.11.RELEASE/thymeleaf-spring5-3.0.11.RELEASE.jar
7fed3eb3c000-7fed3eb41000 r--s 00040000 08:01 9175315                    /home/webwerks/.m2/repository/org/springframework/spring-expression/5.1.10.RELEASE/spring-expression-5.1.10.RELEASE.jar
7fed3eb41000-7fed3eb50000 r--s 00075000 08:01 9047388                    /home/webwerks/.m2/repository/org/springframework/security/spring-security-web/5.1.6.RELEASE/spring-security-web-5.1.6.RELEASE.jar
7fed3eb50000-7fed3eb5c000 r--s 0005e000 08:01 9047390                    /home/webwerks/.m2/repository/org/springframework/security/spring-security-core/5.1.6.RELEASE/spring-security-core-5.1.6.RELEASE.jar
7fed3eb5c000-7fed3eb69000 r--s 000b1000 08:01 9047386                    /home/webwerks/.m2/repository/org/springframework/security/spring-security-config/5.1.6.RELEASE/spring-security-config-5.1.6.RELEASE.jar
7fed3eb69000-7fed3eb72000 r--s 00052000 08:01 9175352                    /home/webwerks/.m2/repository/org/springframework/spring-aop/5.1.10.RELEASE/spring-aop-5.1.10.RELEASE.jar
7fed3eb72000-7fed3eb79000 r--s 00043000 08:01 8651754                    /home/webwerks/.m2/repository/org/yaml/snakeyaml/1.23/snakeyaml-1.23.jar
7fed3eb79000-7fed3eb7b000 r--s 00005000 08:01 8651752                    /home/webwerks/.m2/repository/javax/annotation/javax.annotation-api/1.3.2/javax.annotation-api-1.3.2.jar
7fed3eb7b000-7fed3eb7d000 r--s 00000000 08:01 9175299                    /home/webwerks/.m2/repository/org/slf4j/jul-to-slf4j/1.7.28/jul-to-slf4j-1.7.28.jar
7fed3eb7d000-7fed3eb83000 r--s 0003c000 08:01 8784648                    /home/webwerks/.m2/repository/org/apache/logging/log4j/log4j-api/2.11.2/log4j-api-2.11.2.jar
7fed3eb83000-7fed3eb85000 r--s 00003000 08:01 8784646                    /home/webwerks/.m2/repository/org/apache/logging/log4j/log4j-to-slf4j/2.11.2/log4j-to-slf4j-2.11.2.jar
7fed3eb85000-7fed3eb90000 r--s 00069000 08:01 8651746                    /home/webwerks/.m2/repository/ch/qos/logback/logback-core/1.2.3/logback-core-1.2.3.jar
7fed3eb90000-7fed3eb9c000 r--s 00099000 08:01 9175323                    /home/webwerks/.m2/repository/org/springframework/spring-beans/5.1.10.RELEASE/spring-beans-5.1.10.RELEASE.jar
7fed3eb9c000-7fed3ebb6000 r--s 000f4000 08:01 9175366                    /home/webwerks/.m2/repository/org/springframework/spring-context/5.1.10.RELEASE/spring-context-5.1.10.RELEASE.jar
7fed3ebb6000-7fed3ebcf000 r--s 00107000 08:01 8654222                    /home/webwerks/.m2/repository/org/springframework/data/spring-data-commons/2.1.11.RELEASE/spring-data-commons-2.1.11.RELEASE.jar
7fed3ebcf000-7fed3ec17000 r--s 002de000 08:01 9175376                    /home/webwerks/.m2/repository/net/bytebuddy/byte-buddy/1.9.16/byte-buddy-1.9.16.jar
7fed3ec17000-7fed3ec1a000 ---p 00000000 00:00 0 
7fed3ec1a000-7fed3ed18000 rw-p 00000000 00:00 0 
7fed3ed18000-7fed3eff0000 r--p 00000000 08:01 4064725                    /usr/lib/locale/locale-archive
7fed3eff0000-7fed3eff3000 ---p 00000000 00:00 0 
7fed3eff3000-7fed3f0f1000 rw-p 00000000 00:00 0 
7fed3f0f1000-7fed3f0f4000 ---p 00000000 00:00 0 
7fed3f0f4000-7fed3f1f2000 rw-p 00000000 00:00 0 
7fed3f1f2000-7fed3f1f3000 ---p 00000000 00:00 0 
7fed3f1f3000-7fed40000000 rw-p 00000000 00:00 0 
7fed40000000-7fed40021000 rw-p 00000000 00:00 0 
7fed40021000-7fed44000000 ---p 00000000 00:00 0 
7fed44000000-7fed44001000 r--s 00000000 08:01 9175284                    /home/webwerks/.m2/repository/org/springframework/boot/spring-boot-starter-thymeleaf/2.1.9.RELEASE/spring-boot-starter-thymeleaf-2.1.9.RELEASE.jar
7fed44001000-7fed44007000 r--s 00041000 08:01 8651744                    /home/webwerks/.m2/repository/ch/qos/logback/logback-classic/1.2.3/logback-classic-1.2.3.jar
7fed44007000-7fed44008000 r--s 00000000 08:01 9175306                    /home/webwerks/.m2/repository/org/springframework/boot/spring-boot-starter-logging/2.1.9.RELEASE/spring-boot-starter-logging-2.1.9.RELEASE.jar
7fed44008000-7fed44009000 r--s 00000000 08:01 9175319                    /home/webwerks/.m2/repository/org/springframework/boot/spring-boot-starter/2.1.9.RELEASE/spring-boot-starter-2.1.9.RELEASE.jar
7fed44009000-7fed4400b000 r--s 0000a000 08:01 8654223                    /home/webwerks/.m2/repository/org/springframework/spring-aspects/5.1.10.RELEASE/spring-aspects-5.1.10.RELEASE.jar
7fed4400b000-7fed44013000 r--s 00037000 08:01 8654091                    /home/webwerks/.m2/repository/org/springframework/spring-tx/5.1.10.RELEASE/spring-tx-5.1.10.RELEASE.jar
7fed44013000-7fed4401c000 r--s 00050000 08:01 8654216                    /home/webwerks/.m2/repository/org/springframework/data/spring-data-jpa/2.1.11.RELEASE/spring-data-jpa-2.1.11.RELEASE.jar
7fed4401c000-7fed4409e000 r--s 0062c000 08:01 9177495                    /home/webwerks/.m2/repository/org/hibernate/hibernate-core/5.3.12.Final/hibernate-core-5.3.12.Final.jar
7fed4409e000-7fed48000000 rw-p 00000000 00:00 0 
7fed48000000-7fed48021000 rw-p 00000000 00:00 0 
7fed48021000-7fed4c000000 ---p 00000000 00:00 0 
7fed4c000000-7fed4c001000 r--s 00000000 08:01 9177839                    /home/webwerks/.m2/repository/org/springframework/boot/spring-boot-starter-security/2.1.9.RELEASE/spring-boot-starter-security-2.1.9.RELEASE.jar
7fed4c001000-7fed4c003000 r--s 00009000 08:01 9175374                    /home/webwerks/.m2/repository/org/slf4j/slf4j-api/1.7.28/slf4j-api-1.7.28.jar
7fed4c003000-7fed4c007000 r--s 0002d000 08:01 8654089                    /home/webwerks/.m2/repository/org/springframework/spring-orm/5.1.10.RELEASE/spring-orm-5.1.10.RELEASE.jar
7fed4c007000-7fed4c00d000 r--s 00047000 08:01 9177108                    /home/webwerks/.m2/repository/com/sun/xml/fastinfoset/FastInfoset/1.2.15/FastInfoset-1.2.15.jar
7fed4c00d000-7fed4c00e000 r--s 00008000 08:01 9177129                    /home/webwerks/.m2/repository/org/jvnet/staxex/stax-ex/1.8/stax-ex-1.8.jar
7fed4c00e000-7fed4c010000 r--s 00005000 08:01 9177128                    /home/webwerks/.m2/repository/com/sun/istack/istack-commons-runtime/3.0.7/istack-commons-runtime-3.0.7.jar
7fed4c010000-7fed4c013000 r--s 0000f000 08:01 9177127                    /home/webwerks/.m2/repository/org/glassfish/jaxb/txw2/2.3.1/txw2-2.3.1.jar
7fed4c013000-7fed4c027000 r--s 000f7000 08:01 9177114                    /home/webwerks/.m2/repository/org/glassfish/jaxb/jaxb-runtime/2.3.1/jaxb-runtime-2.3.1.jar
7fed4c027000-7fed4c02a000 r--s 00010000 08:01 8651720                    /home/webwerks/.m2/repository/org/hibernate/common/hibernate-commons-annotations/5.0.4.Final/hibernate-commons-annotations-5.0.4.Final.jar
7fed4c02a000-7fed4c02f000 r--s 0004b000 08:01 8651718                    /home/webwerks/.m2/repository/org/dom4j/dom4j/2.1.1/dom4j-2.1.1.jar
7fed4c02f000-7fed4c031000 r--s 0000f000 08:01 8651716                    /home/webwerks/.m2/repository/com/fasterxml/classmate/1.4.0/classmate-1.4.0.jar
7fed4c031000-7fed4c034000 r--s 0002b000 08:01 8651714                    /home/webwerks/.m2/repository/org/jboss/jandex/2.0.5.Final/jandex-2.0.5.Final.jar
7fed4c034000-7fed4c039000 r--s 00068000 08:01 8651712                    /home/webwerks/.m2/repository/antlr/antlr/2.7.7/antlr-2.7.7.jar
7fed4c039000-7fed4c044000 r--s 000b2000 08:01 9177494                    /home/webwerks/.m2/repository/org/javassist/javassist/3.23.2-GA/javassist-3.23.2-GA.jar
7fed4c044000-7fed4c04a000 r--s 00023000 08:01 8651706                    /home/webwerks/.m2/repository/javax/persistence/javax.persistence-api/2.2/javax.persistence-api-2.2.jar
7fed4c04a000-7fed4c04c000 r--s 0000f000 08:01 9175343                    /home/webwerks/.m2/repository/org/jboss/logging/jboss-logging/3.3.3.Final/jboss-logging-3.3.3.Final.jar
7fed4c04c000-7fed4c04e000 r--s 0000c000 08:01 8651700                    /home/webwerks/.m2/repository/javax/activation/javax.activation-api/1.2.0/javax.activation-api-1.2.0.jar
7fed4c04e000-7fed4c228000 r--s 03d6f000 08:01 4331041                    /usr/lib/jvm/java-8-oracle/jre/lib/rt.jar
7fed4c228000-7fed4cdfe000 rw-p 00000000 00:00 0 
7fed4cdfe000-7fed4cdff000 ---p 00000000 00:00 0 
7fed4cdff000-7fed4ceff000 rw-p 00000000 00:00 0 
7fed4ceff000-7fed4cf00000 ---p 00000000 00:00 0 
7fed4cf00000-7fed4d000000 rw-p 00000000 00:00 0 
7fed4d000000-7fed4e2a0000 rwxp 00000000 00:00 0 
7fed4e2a0000-7fed5c000000 ---p 00000000 00:00 0 
7fed5c000000-7fed5c8f9000 rw-p 00000000 00:00 0 
7fed5c8f9000-7fed60000000 ---p 00000000 00:00 0 
7fed60000000-7fed60004000 r--s 0001c000 08:01 8651698                    /home/webwerks/.m2/repository/javax/xml/bind/jaxb-api/2.3.1/jaxb-api-2.3.1.jar
7fed60004000-7fed60005000 r--s 00006000 08:01 8651696                    /home/webwerks/.m2/repository/javax/transaction/javax.transaction-api/1.3/javax.transaction-api-1.3.jar
7fed60005000-7fed6000e000 r--s 0005a000 08:01 8654093                    /home/webwerks/.m2/repository/org/springframework/spring-jdbc/5.1.10.RELEASE/spring-jdbc-5.1.10.RELEASE.jar
7fed6000e000-7fed60012000 r--s 00020000 08:01 8651756                    /home/webwerks/.m2/repository/com/zaxxer/HikariCP/3.2.0/HikariCP-3.2.0.jar
7fed60012000-7fed60013000 r--s 00000000 08:01 8654215                    /home/webwerks/.m2/repository/org/springframework/boot/spring-boot-starter-jdbc/2.1.9.RELEASE/spring-boot-starter-jdbc-2.1.9.RELEASE.jar
7fed60013000-7fed6002c000 r--s 001da000 08:01 8654213                    /home/webwerks/.m2/repository/org/aspectj/aspectjweaver/1.9.4/aspectjweaver-1.9.4.jar
7fed6002c000-7fed6002d000 r--s 00000000 08:01 8654217                    /home/webwerks/.m2/repository/org/springframework/boot/spring-boot-starter-aop/2.1.9.RELEASE/spring-boot-starter-aop-2.1.9.RELEASE.jar
7fed6002d000-7fed6002e000 r--s 00000000 08:01 8654211                    /home/webwerks/.m2/repository/org/springframework/boot/spring-boot-starter-data-jpa/2.1.9.RELEASE/spring-boot-starter-data-jpa-2.1.9.RELEASE.jar
7fed6002e000-7fed60041000 r--s 00345000 08:01 4331045                    /usr/lib/jvm/java-8-oracle/jre/lib/resources.jar
7fed60041000-7fed60054000 r--s 000d6000 08:01 4331007                    /usr/lib/jvm/java-8-oracle/jre/lib/plugin.jar
7fed60054000-7fed6006f000 r--s 0020c000 08:01 4330983                    /usr/lib/jvm/java-8-oracle/jre/lib/deploy.jar
7fed6006f000-7fed600e5000 rw-p 00000000 00:00 0 
7fed600e5000-7fed600e6000 ---p 00000000 00:00 0 
7fed600e6000-7fed601e6000 rw-p 00000000 00:00 0 
7fed601e6000-7fed601e7000 ---p 00000000 00:00 0 
7fed601e7000-7fed60319000 rw-p 00000000 00:00 0 
7fed60319000-7fed60576000 ---p 00000000 00:00 0 
7fed60576000-7fed605a8000 rw-p 00000000 00:00 0 
7fed605a8000-7fed60804000 ---p 00000000 00:00 0 
7fed60804000-7fed60911000 rw-p 00000000 00:00 0 
7fed60911000-7fed6094c000 ---p 00000000 00:00 0 
7fed6094c000-7fed60998000 rw-p 00000000 00:00 0 
7fed60998000-7fed60d0d000 ---p 00000000 00:00 0 
7fed60d0d000-7fed60d28000 r-xp 00000000 08:01 4598298                    /usr/lib/jvm/java-8-oracle/jre/lib/amd64/libzip.so
7fed60d28000-7fed60f27000 ---p 0001b000 08:01 4598298                    /usr/lib/jvm/java-8-oracle/jre/lib/amd64/libzip.so
7fed60f27000-7fed60f28000 r--p 0001a000 08:01 4598298                    /usr/lib/jvm/java-8-oracle/jre/lib/amd64/libzip.so
7fed60f28000-7fed60f29000 rw-p 0001b000 08:01 4598298                    /usr/lib/jvm/java-8-oracle/jre/lib/amd64/libzip.so
7fed60f29000-7fed60f34000 r-xp 00000000 08:01 12058878                   /lib/x86_64-linux-gnu/libnss_files-2.23.so
7fed60f34000-7fed61133000 ---p 0000b000 08:01 12058878                   /lib/x86_64-linux-gnu/libnss_files-2.23.so
7fed61133000-7fed61134000 r--p 0000a000 08:01 12058878                   /lib/x86_64-linux-gnu/libnss_files-2.23.so
7fed61134000-7fed61135000 rw-p 0000b000 08:01 12058878                   /lib/x86_64-linux-gnu/libnss_files-2.23.so
7fed61135000-7fed6113b000 rw-p 00000000 00:00 0 
7fed6113b000-7fed61146000 r-xp 00000000 08:01 12058871                   /lib/x86_64-linux-gnu/libnss_nis-2.23.so
7fed61146000-7fed61345000 ---p 0000b000 08:01 12058871                   /lib/x86_64-linux-gnu/libnss_nis-2.23.so
7fed61345000-7fed61346000 r--p 0000a000 08:01 12058871                   /lib/x86_64-linux-gnu/libnss_nis-2.23.so
7fed61346000-7fed61347000 rw-p 0000b000 08:01 12058871                   /lib/x86_64-linux-gnu/libnss_nis-2.23.so
7fed61347000-7fed6135d000 r-xp 00000000 08:01 12058876                   /lib/x86_64-linux-gnu/libnsl-2.23.so
7fed6135d000-7fed6155c000 ---p 00016000 08:01 12058876                   /lib/x86_64-linux-gnu/libnsl-2.23.so
7fed6155c000-7fed6155d000 r--p 00015000 08:01 12058876                   /lib/x86_64-linux-gnu/libnsl-2.23.so
7fed6155d000-7fed6155e000 rw-p 00016000 08:01 12058876                   /lib/x86_64-linux-gnu/libnsl-2.23.so
7fed6155e000-7fed61560000 rw-p 00000000 00:00 0 
7fed61560000-7fed61568000 r-xp 00000000 08:01 12058882                   /lib/x86_64-linux-gnu/libnss_compat-2.23.so
7fed61568000-7fed61767000 ---p 00008000 08:01 12058882                   /lib/x86_64-linux-gnu/libnss_compat-2.23.so
7fed61767000-7fed61768000 r--p 00007000 08:01 12058882                   /lib/x86_64-linux-gnu/libnss_compat-2.23.so
7fed61768000-7fed61769000 rw-p 00008000 08:01 12058882                   /lib/x86_64-linux-gnu/libnss_compat-2.23.so
7fed61769000-7fed61773000 r-xp 00000000 08:01 4598307                    /usr/lib/jvm/java-8-oracle/jre/lib/amd64/libinstrument.so
7fed61773000-7fed61972000 ---p 0000a000 08:01 4598307                    /usr/lib/jvm/java-8-oracle/jre/lib/amd64/libinstrument.so
7fed61972000-7fed61973000 r--p 00009000 08:01 4598307                    /usr/lib/jvm/java-8-oracle/jre/lib/amd64/libinstrument.so
7fed61973000-7fed61974000 rw-p 0000a000 08:01 4598307                    /usr/lib/jvm/java-8-oracle/jre/lib/amd64/libinstrument.so
7fed61974000-7fed619a0000 r-xp 00000000 08:01 4598292                    /usr/lib/jvm/java-8-oracle/jre/lib/amd64/libjava.so
7fed619a0000-7fed61ba0000 ---p 0002c000 08:01 4598292                    /usr/lib/jvm/java-8-oracle/jre/lib/amd64/libjava.so
7fed61ba0000-7fed61ba1000 r--p 0002c000 08:01 4598292                    /usr/lib/jvm/java-8-oracle/jre/lib/amd64/libjava.so
7fed61ba1000-7fed61ba3000 rw-p 0002d000 08:01 4598292                    /usr/lib/jvm/java-8-oracle/jre/lib/amd64/libjava.so
7fed61ba3000-7fed61bb0000 r-xp 00000000 08:01 4598297                    /usr/lib/jvm/java-8-oracle/jre/lib/amd64/libverify.so
7fed61bb0000-7fed61daf000 ---p 0000d000 08:01 4598297                    /usr/lib/jvm/java-8-oracle/jre/lib/amd64/libverify.so
7fed61daf000-7fed61db1000 r--p 0000c000 08:01 4598297                    /usr/lib/jvm/java-8-oracle/jre/lib/amd64/libverify.so
7fed61db1000-7fed61db2000 rw-p 0000e000 08:01 4598297                    /usr/lib/jvm/java-8-oracle/jre/lib/amd64/libverify.so
7fed61db2000-7fed61db9000 r-xp 00000000 08:01 12058864                   /lib/x86_64-linux-gnu/librt-2.23.so
7fed61db9000-7fed61fb8000 ---p 00007000 08:01 12058864                   /lib/x86_64-linux-gnu/librt-2.23.so
7fed61fb8000-7fed61fb9000 r--p 00006000 08:01 12058864                   /lib/x86_64-linux-gnu/librt-2.23.so
7fed61fb9000-7fed61fba000 rw-p 00007000 08:01 12058864                   /lib/x86_64-linux-gnu/librt-2.23.so
7fed61fba000-7fed620c2000 r-xp 00000000 08:01 12058884                   /lib/x86_64-linux-gnu/libm-2.23.so
7fed620c2000-7fed622c1000 ---p 00108000 08:01 12058884                   /lib/x86_64-linux-gnu/libm-2.23.so
7fed622c1000-7fed622c2000 r--p 00107000 08:01 12058884                   /lib/x86_64-linux-gnu/libm-2.23.so
7fed622c2000-7fed622c3000 rw-p 00108000 08:01 12058884                   /lib/x86_64-linux-gnu/libm-2.23.so
7fed622c3000-7fed62fab000 r-xp 00000000 08:01 4598274                    /usr/lib/jvm/java-8-oracle/jre/lib/amd64/server/libjvm.so
7fed62fab000-7fed631aa000 ---p 00ce8000 08:01 4598274                    /usr/lib/jvm/java-8-oracle/jre/lib/amd64/server/libjvm.so
7fed631aa000-7fed63240000 r--p 00ce7000 08:01 4598274                    /usr/lib/jvm/java-8-oracle/jre/lib/amd64/server/libjvm.so
7fed63240000-7fed63271000 rw-p 00d7d000 08:01 4598274                    /usr/lib/jvm/java-8-oracle/jre/lib/amd64/server/libjvm.so
7fed63271000-7fed632ac000 rw-p 00000000 00:00 0 
7fed632ac000-7fed6346c000 r-xp 00000000 08:01 12058881                   /lib/x86_64-linux-gnu/libc-2.23.so
7fed6346c000-7fed6366c000 ---p 001c0000 08:01 12058881                   /lib/x86_64-linux-gnu/libc-2.23.so
7fed6366c000-7fed63670000 r--p 001c0000 08:01 12058881                   /lib/x86_64-linux-gnu/libc-2.23.so
7fed63670000-7fed63672000 rw-p 001c4000 08:01 12058881                   /lib/x86_64-linux-gnu/libc-2.23.so
7fed63672000-7fed63676000 rw-p 00000000 00:00 0 
7fed63676000-7fed63679000 r-xp 00000000 08:01 12058866                   /lib/x86_64-linux-gnu/libdl-2.23.so
7fed63679000-7fed63878000 ---p 00003000 08:01 12058866                   /lib/x86_64-linux-gnu/libdl-2.23.so
7fed63878000-7fed63879000 r--p 00002000 08:01 12058866                   /lib/x86_64-linux-gnu/libdl-2.23.so
7fed63879000-7fed6387a000 rw-p 00003000 08:01 12058866                   /lib/x86_64-linux-gnu/libdl-2.23.so
7fed6387a000-7fed63891000 r-xp 00000000 08:01 4330902                    /usr/lib/jvm/java-8-oracle/lib/amd64/jli/libjli.so
7fed63891000-7fed63a90000 ---p 00017000 08:01 4330902                    /usr/lib/jvm/java-8-oracle/lib/amd64/jli/libjli.so
7fed63a90000-7fed63a91000 r--p 00016000 08:01 4330902                    /usr/lib/jvm/java-8-oracle/lib/amd64/jli/libjli.so
7fed63a91000-7fed63a92000 rw-p 00017000 08:01 4330902                    /usr/lib/jvm/java-8-oracle/lib/amd64/jli/libjli.so
7fed63a92000-7fed63aaa000 r-xp 00000000 08:01 12058868                   /lib/x86_64-linux-gnu/libpthread-2.23.so
7fed63aaa000-7fed63ca9000 ---p 00018000 08:01 12058868                   /lib/x86_64-linux-gnu/libpthread-2.23.so
7fed63ca9000-7fed63caa000 r--p 00017000 08:01 12058868                   /lib/x86_64-linux-gnu/libpthread-2.23.so
7fed63caa000-7fed63cab000 rw-p 00018000 08:01 12058868                   /lib/x86_64-linux-gnu/libpthread-2.23.so
7fed63cab000-7fed63caf000 rw-p 00000000 00:00 0 
7fed63caf000-7fed63cd5000 r-xp 00000000 08:01 12058867                   /lib/x86_64-linux-gnu/ld-2.23.so
7fed63cd5000-7fed63cd6000 r--s 00000000 08:01 4330989                    /usr/lib/jvm/java-8-oracle/jre/lib/management-agent.jar
7fed63cd6000-7fed63cda000 r--s 000a1000 08:01 4331046                    /usr/lib/jvm/java-8-oracle/jre/lib/jsse.jar
7fed63cda000-7fed63cdc000 r--s 00007000 08:01 4331054                    /usr/lib/jvm/java-8-oracle/jre/lib/jfxswt.jar
7fed63cdc000-7fed63ce6000 r--s 0006e000 08:01 4330992                    /usr/lib/jvm/java-8-oracle/jre/lib/javaws.jar
7fed63ce6000-7fed63db7000 rw-p 00000000 00:00 0 
7fed63db7000-7fed63dba000 ---p 00000000 00:00 0 
7fed63dba000-7fed63ebd000 rw-p 00000000 00:00 0 
7fed63ebd000-7fed63ec2000 r--s 00084000 08:01 4330982                    /usr/lib/jvm/java-8-oracle/jre/lib/jfr.jar
7fed63ec2000-7fed63ec5000 r--s 0001a000 08:01 4331052                    /usr/lib/jvm/java-8-oracle/jre/lib/jce.jar
7fed63ec5000-7fed63eca000 r--s 002f9000 08:01 4331039                    /usr/lib/jvm/java-8-oracle/jre/lib/charsets.jar
7fed63eca000-7fed63ed2000 rw-s 00000000 08:01 2359398                    /tmp/hsperfdata_webwerks/18943
7fed63ed2000-7fed63ed3000 rw-p 00000000 00:00 0 
7fed63ed3000-7fed63ed4000 r--p 00000000 00:00 0 
7fed63ed4000-7fed63ed5000 r--p 00025000 08:01 12058867                   /lib/x86_64-linux-gnu/ld-2.23.so
7fed63ed5000-7fed63ed6000 rw-p 00026000 08:01 12058867                   /lib/x86_64-linux-gnu/ld-2.23.so
7fed63ed6000-7fed63ed7000 rw-p 00000000 00:00 0 
7ffdda939000-7ffdda95d000 rw-p 00000000 00:00 0                          [stack]
7ffdda9d5000-7ffdda9d7000 r--p 00000000 00:00 0                          [vvar]
7ffdda9d7000-7ffdda9d9000 r-xp 00000000 00:00 0                          [vdso]
ffffffffff600000-ffffffffff601000 r-xp 00000000 00:00 0                  [vsyscall]

VM Arguments:
jvm_args: -javaagent:/home/webwerks/Downloads/idea-IC-192.6817.14/lib/idea_rt.jar=46122:/home/webwerks/Downloads/idea-IC-192.6817.14/bin -Dfile.encoding=UTF-8 
java_command: neo.spring5.MeetingRoomBookingApplication
java_class_path (initial): /usr/lib/jvm/java-8-oracle/jre/lib/charsets.jar:/usr/lib/jvm/java-8-oracle/jre/lib/deploy.jar:/usr/lib/jvm/java-8-oracle/jre/lib/ext/cldrdata.jar:/usr/lib/jvm/java-8-oracle/jre/lib/ext/dnsns.jar:/usr/lib/jvm/java-8-oracle/jre/lib/ext/jaccess.jar:/usr/lib/jvm/java-8-oracle/jre/lib/ext/jfxrt.jar:/usr/lib/jvm/java-8-oracle/jre/lib/ext/localedata.jar:/usr/lib/jvm/java-8-oracle/jre/lib/ext/nashorn.jar:/usr/lib/jvm/java-8-oracle/jre/lib/ext/sunec.jar:/usr/lib/jvm/java-8-oracle/jre/lib/ext/sunjce_provider.jar:/usr/lib/jvm/java-8-oracle/jre/lib/ext/sunpkcs11.jar:/usr/lib/jvm/java-8-oracle/jre/lib/ext/zipfs.jar:/usr/lib/jvm/java-8-oracle/jre/lib/javaws.jar:/usr/lib/jvm/java-8-oracle/jre/lib/jce.jar:/usr/lib/jvm/java-8-oracle/jre/lib/jfr.jar:/usr/lib/jvm/java-8-oracle/jre/lib/jfxswt.jar:/usr/lib/jvm/java-8-oracle/jre/lib/jsse.jar:/usr/lib/jvm/java-8-oracle/jre/lib/management-agent.jar:/usr/lib/jvm/java-8-oracle/jre/lib/plugin.jar:/usr/lib/jvm/java-8-oracle/jre/lib/resources.jar:/usr/lib/jvm/java-8-oracle/jre/lib/rt.jar:/home/webwerks/Downloads/intelliJ projects/Meeting-Room-Booking/target/classes:/home/webwerks/.m2/repository/org/springframework/boot/spring-boot-starter-data-jpa/2.1.9.RELEASE/spring-boot-starter-data-jpa-2.1.9.RELEASE.jar:/home/webwerks/.m2/repository/org/springframework/boot/spring-boot-starter-aop/2.1.9.RELEASE/spring-boot-starter-aop-2.1.9.RELEASE.jar:/home/webwerks/.m2/repository/org/aspectj/aspectjweaver/1.9.4/aspectjweaver-1.9.4.jar:/home/webwerks/.m2/repository/org/springframework/boot/spring-boot-starter-jdbc/2.1.9.RELEASE/spring-boot-starter-jdbc-2.1.9.RELEASE.jar:/home/webwerks/.m2/repository/com/zaxxer/HikariCP/3.2.0/HikariCP-3.2.0.jar:/home/webwerks/.m2/repository/org/springframework/spring-jdbc/5.1.10.RELEASE/spring-jdbc-5.1.10.RELEASE.jar:/home/webwerks/.m2/repository/javax/transaction/javax.transaction-api/1.3/javax.transaction-api-1.3.jar:/home/webwerks/.m2/repository/javax/xml/bind/jaxb-api/2.3.1/jaxb-api-2.3.1.ja
Launcher Type: SUN_STANDARD

Environment Variables:
JAVA_HOME=/usr/lib/jvm/java-8-oracle
PATH=/home/webwerks/bin:/home/webwerks/.local/bin:/usr/local/sbin:/usr/local/bin:/usr/sbin:/usr/bin:/sbin:/bin:/usr/games:/usr/local/games:/snap/bin:/usr/lib/jvm/java-8-oracle/bin:/usr/lib/jvm/java-8-oracle/db/bin:/usr/lib/jvm/java-8-oracle/jre/bin
SHELL=/bin/bash
DISPLAY=:0

Signal Handlers:
SIGSEGV: [libjvm.so+0xad3e60], sa_mask[0]=11111111011111111101111111111110, sa_flags=SA_RESTART|SA_SIGINFO
SIGBUS: [libjvm.so+0xad3e60], sa_mask[0]=11111111011111111101111111111110, sa_flags=SA_RESTART|SA_SIGINFO
SIGFPE: [libjvm.so+0x90b880], sa_mask[0]=11111111011111111101111111111110, sa_flags=SA_RESTART|SA_SIGINFO
SIGPIPE: [libjvm.so+0x90b880], sa_mask[0]=11111111011111111101111111111110, sa_flags=SA_RESTART|SA_SIGINFO
SIGXFSZ: [libjvm.so+0x90b880], sa_mask[0]=11111111011111111101111111111110, sa_flags=SA_RESTART|SA_SIGINFO
SIGILL: [libjvm.so+0x90b880], sa_mask[0]=11111111011111111101111111111110, sa_flags=SA_RESTART|SA_SIGINFO
SIGUSR1: SIG_DFL, sa_mask[0]=00000000000000000000000000000000, sa_flags=none
SIGUSR2: [libjvm.so+0x90b750], sa_mask[0]=00100000000000000000000000000000, sa_flags=SA_RESTART|SA_SIGINFO
SIGHUP: [libjvm.so+0x90bd70], sa_mask[0]=11111111011111111101111111111110, sa_flags=SA_RESTART|SA_SIGINFO
SIGINT: [libjvm.so+0x90bd70], sa_mask[0]=11111111011111111101111111111110, sa_flags=SA_RESTART|SA_SIGINFO
SIGTERM: [libjvm.so+0x90bd70], sa_mask[0]=11111111011111111101111111111110, sa_flags=SA_RESTART|SA_SIGINFO
SIGQUIT: [libjvm.so+0x90bd70], sa_mask[0]=11111111011111111101111111111110, sa_flags=SA_RESTART|SA_SIGINFO


---------------  S Y S T E M  ---------------

OS:DISTRIB_ID=Ubuntu
DISTRIB_RELEASE=16.04
DISTRIB_CODENAME=xenial
DISTRIB_DESCRIPTION="Ubuntu 16.04.6 LTS"

uname:Linux 4.4.0-166-generic #195-Ubuntu SMP Tue Oct 1 09:35:25 UTC 2019 x86_64
libc:glibc 2.23 NPTL 2.23 
rlimit: STACK 8192k, CORE 0k, NPROC 31239, NOFILE 1048576, AS infinity
load average:1.50 0.66 0.52

/proc/meminfo:
MemTotal:        8041092 kB
MemFree:          386008 kB
MemAvailable:    2907152 kB
Buffers:          342940 kB
Cached:          2645536 kB
SwapCached:         2284 kB
Active:          5523832 kB
Inactive:        1695544 kB
Active(anon):    3839108 kB
Inactive(anon):   792160 kB
Active(file):    1684724 kB
Inactive(file):   903384 kB
Unevictable:         840 kB
Mlocked:             840 kB
SwapTotal:       4182012 kB
SwapFree:        4173640 kB
Dirty:              3980 kB
Writeback:             0 kB
AnonPages:       4229596 kB
Mapped:           791780 kB
Shmem:            400372 kB
Slab:             284524 kB
SReclaimable:     236896 kB
SUnreclaim:        47628 kB
KernelStack:       15328 kB
PageTables:        63136 kB
NFS_Unstable:          0 kB
Bounce:                0 kB
WritebackTmp:          0 kB
CommitLimit:     8202556 kB
Committed_AS:   11876524 kB
VmallocTotal:   34359738367 kB
VmallocUsed:           0 kB
VmallocChunk:          0 kB
HardwareCorrupted:     0 kB
AnonHugePages:         0 kB
CmaTotal:              0 kB
CmaFree:               0 kB
HugePages_Total:       0
HugePages_Free:        0
HugePages_Rsvd:        0
HugePages_Surp:        0
Hugepagesize:       2048 kB
DirectMap4k:      210332 kB
DirectMap2M:     6995968 kB
DirectMap1G:     2097152 kB

container (cgroup) information:
container_type: cgroupv1
cpu_cpuset_cpus: 0-3
cpu_memory_nodes: 0
active_processor_count: 4
cpu_quota: -1
cpu_period: 100000
cpu_shares: -1
memory_limit_in_bytes: -1
memory_and_swap_limit_in_bytes: -2
memory_soft_limit_in_bytes: -1
memory_usage_in_bytes: 7394193408
memory_max_usage_in_bytes: 0


CPU:total 4 (initial active 4) (4 cores per cpu, 1 threads per core) family 6 model 60 stepping 3, cmov, cx8, fxsr, mmx, sse, sse2, sse3, ssse3, sse4.1, sse4.2, popcnt, avx, avx2, aes, clmul, erms, lzcnt, tsc, tscinvbit, bmi1, bmi2

/proc/cpuinfo:
processor	: 0
vendor_id	: GenuineIntel
cpu family	: 6
model		: 60
model name	: Intel(R) Core(TM) i5-4440 CPU @ 3.10GHz
stepping	: 3
microcode	: 0x27
cpu MHz		: 3193.121
cache size	: 6144 KB
physical id	: 0
siblings	: 4
core id		: 0
cpu cores	: 4
apicid		: 0
initial apicid	: 0
fpu		: yes
fpu_exception	: yes
cpuid level	: 13
wp		: yes
flags		: fpu vme de pse tsc msr pae mce cx8 apic sep mtrr pge mca cmov pat pse36 clflush dts acpi mmx fxsr sse sse2 ss ht tm pbe syscall nx pdpe1gb rdtscp lm constant_tsc arch_perfmon pebs bts rep_good nopl xtopology nonstop_tsc aperfmperf pni pclmulqdq dtes64 monitor ds_cpl vmx est tm2 ssse3 sdbg fma cx16 xtpr pdcm pcid sse4_1 sse4_2 x2apic movbe popcnt tsc_deadline_timer aes xsave avx f16c rdrand lahf_lm abm invpcid_single ssbd ibrs ibpb stibp kaiser tpr_shadow vnmi flexpriority ept vpid fsgsbase tsc_adjust bmi1 avx2 smep bmi2 erms invpcid xsaveopt dtherm ida arat pln pts md_clear flush_l1d
bugs		: cpu_meltdown spectre_v1 spectre_v2 spec_store_bypass l1tf mds swapgs
bogomips	: 6185.70
clflush size	: 64
cache_alignment	: 64
address sizes	: 39 bits physical, 48 bits virtual
power management:

processor	: 1
vendor_id	: GenuineIntel
cpu family	: 6
model		: 60
model name	: Intel(R) Core(TM) i5-4440 CPU @ 3.10GHz
stepping	: 3
microcode	: 0x27
cpu MHz		: 3193.121
cache size	: 6144 KB
physical id	: 0
siblings	: 4
core id		: 1
cpu cores	: 4
apicid		: 2
initial apicid	: 2
fpu		: yes
fpu_exception	: yes
cpuid level	: 13
wp		: yes
flags		: fpu vme de pse tsc msr pae mce cx8 apic sep mtrr pge mca cmov pat pse36 clflush dts acpi mmx fxsr sse sse2 ss ht tm pbe syscall nx pdpe1gb rdtscp lm constant_tsc arch_perfmon pebs bts rep_good nopl xtopology nonstop_tsc aperfmperf pni pclmulqdq dtes64 monitor ds_cpl vmx est tm2 ssse3 sdbg fma cx16 xtpr pdcm pcid sse4_1 sse4_2 x2apic movbe popcnt tsc_deadline_timer aes xsave avx f16c rdrand lahf_lm abm invpcid_single ssbd ibrs ibpb stibp kaiser tpr_shadow vnmi flexpriority ept vpid fsgsbase tsc_adjust bmi1 avx2 smep bmi2 erms invpcid xsaveopt dtherm ida arat pln pts md_clear flush_l1d
bugs		: cpu_meltdown spectre_v1 spectre_v2 spec_store_bypass l1tf mds swapgs
bogomips	: 6185.70
clflush size	: 64
cache_alignment	: 64
address sizes	: 39 bits physical, 48 bits virtual
power management:

processor	: 2
vendor_id	: GenuineIntel
cpu family	: 6
model		: 60
model name	: Intel(R) Core(TM) i5-4440 CPU @ 3.10GHz
stepping	: 3
microcode	: 0x27
cpu MHz		: 3190.941
cache size	: 6144 KB
physical id	: 0
siblings	: 4
core id		: 2
cpu cores	: 4
apicid		: 4
initial apicid	: 4
fpu		: yes
fpu_exception	: yes
cpuid level	: 13
wp		: yes
flags		: fpu vme de pse tsc msr pae mce cx8 apic sep mtrr pge mca cmov pat pse36 clflush dts acpi mmx fxsr sse sse2 ss ht tm pbe syscall nx pdpe1gb rdtscp lm constant_tsc arch_perfmon pebs bts rep_good nopl xtopology nonstop_tsc aperfmperf pni pclmulqdq dtes64 monitor ds_cpl vmx est tm2 ssse3 sdbg fma cx16 xtpr pdcm pcid sse4_1 sse4_2 x2apic movbe popcnt tsc_deadline_timer aes xsave avx f16c rdrand lahf_lm abm invpcid_single ssbd ibrs ibpb stibp kaiser tpr_shadow vnmi flexpriority ept vpid fsgsbase tsc_adjust bmi1 avx2 smep bmi2 erms invpcid xsaveopt dtherm ida arat pln pts md_clear flush_l1d
bugs		: cpu_meltdown spectre_v1 spectre_v2 spec_store_bypass l1tf mds swapgs
bogomips	: 6185.70
clflush size	: 64
cache_alignment	: 64
address sizes	: 39 bits physical, 48 bits virtual
power management:

processor	: 3
vendor_id	: GenuineIntel
cpu family	: 6
model		: 60
model name	: Intel(R) Core(TM) i5-4440 CPU @ 3.10GHz
stepping	: 3
microcode	: 0x27
cpu MHz		: 3100.000
cache size	: 6144 KB
physical id	: 0
siblings	: 4
core id		: 3
cpu cores	: 4
apicid		: 6
initial apicid	: 6
fpu		: yes
fpu_exception	: yes
cpuid level	: 13
wp		: yes
flags		: fpu vme de pse tsc msr pae mce cx8 apic sep mtrr pge mca cmov pat pse36 clflush dts acpi mmx fxsr sse sse2 ss ht tm pbe syscall nx pdpe1gb rdtscp lm constant_tsc arch_perfmon pebs bts rep_good nopl xtopology nonstop_tsc aperfmperf pni pclmulqdq dtes64 monitor ds_cpl vmx est tm2 ssse3 sdbg fma cx16 xtpr pdcm pcid sse4_1 sse4_2 x2apic movbe popcnt tsc_deadline_timer aes xsave avx f16c rdrand lahf_lm abm invpcid_single ssbd ibrs ibpb stibp kaiser tpr_shadow vnmi flexpriority ept vpid fsgsbase tsc_adjust bmi1 avx2 smep bmi2 erms invpcid xsaveopt dtherm ida arat pln pts md_clear flush_l1d
bugs		: cpu_meltdown spectre_v1 spectre_v2 spec_store_bypass l1tf mds swapgs
bogomips	: 6185.70
clflush size	: 64
cache_alignment	: 64
address sizes	: 39 bits physical, 48 bits virtual
power management:



Memory: 4k page, physical 8041092k(385752k free), swap 4182012k(4173640k free)

vm_info: Java HotSpot(TM) 64-Bit Server VM (25.201-b09) for linux-amd64 JRE (1.8.0_201-b09), built on Dec 15 2018 11:35:59 by "java_re" with gcc 7.3.0

time: Mon Nov 18 11:35:39 2019
timezone: IST
elapsed time: 9 seconds (0d 0h 0m 9s)

