#
# A fatal error has been detected by the Java Runtime Environment:
#
#  SIGSEGV (0xb) at pc=0x00007f6a183be466, pid=16876, tid=0x00007f6a14636700
#
# JRE version: Java(TM) SE Runtime Environment (8.0_201-b09) (build 1.8.0_201-b09)
# Java VM: Java HotSpot(TM) 64-Bit Server VM (25.201-b09 mixed mode linux-amd64 compressed oops)
# Problematic frame:
# j  org.springframework.util.ConcurrentReferenceHashMap$Segment.findInChain(Lorg/springframework/util/ConcurrentReferenceHashMap$Reference;Ljava/lang/Object;I)Lorg/springframework/util/ConcurrentReferenceHashMap$Reference;+10
#
# Failed to write core dump. Core dumps have been disabled. To enable core dumping, try "ulimit -c unlimited" before starting Java again
#
# If you would like to submit a bug report, please visit:
#   http://bugreport.java.com/bugreport/crash.jsp
#

---------------  T H R E A D  ---------------

Current thread (0x00007f69d4002800):  JavaThread "restartedMain" [_thread_in_Java, id=16908, stack(0x00007f6a14536000,0x00007f6a14637000)]

siginfo: si_signo: 11 (SIGSEGV), si_code: 1 (SEGV_MAPERR), si_addr: 0x000000034b431cb0

Registers:
RAX=0x0000000100090990, RBX=0x00007f6a16f32138, RCX=0x00000000df2fc3a8, RDX=0x000000034b431b90
RSP=0x00007f6a14632250, RBP=0x00007f6a146322a0, RSI=0x00007f69c8000030, RDI=0x00007f6a146321c0
R8 =0x00007f69c964cab0, R9 =0x0000000000000000, R10=0x00007f6a2dad8c00, R11=0x0000000000000000
R12=0x0000000000000000, R13=0x00007f6a16f3022a, R14=0x00007f6a146322e0, R15=0x00007f69d4002800
RIP=0x00007f6a183be466, EFLAGS=0x0000000000010206, CSGSFS=0x0000000000000033, ERR=0x0000000000000004
  TRAPNO=0x000000000000000e

Top of Stack: (sp=0x00007f6a14632250)
0x00007f6a14632250:   00007f6a183a0d45 00000000df2fc3a8
0x00007f6a14632260:   00007f6a14632260 00007f6a16f3022a
0x00007f6a14632270:   00007f6a146322e0 00007f6a16f31368
0x00007f6a14632280:   00007f6a172411e0 00007f6a16f302d8
0x00007f6a14632290:   0000000000000000 00007f6a146322c8
0x00007f6a146322a0:   00007f6a14632328 00007f6a183a1040
0x00007f6a146322b0:   0000000000000000 0000000000000000
0x00007f6a146322c0:   00000000df2fc3a8 deaddeafa51d3598
0x00007f6a146322d0:   00000000d979df58 0000000000000000
0x00007f6a146322e0:   0000000000000000 00007f6a146322e8
0x00007f6a146322f0:   00007f6a16f2fa20 00007f6a14632368
0x00007f6a14632300:   00007f6a16f31368 00007f6a17200988
0x00007f6a14632310:   00007f6a16f2fa98 00007f6a146322c8
0x00007f6a14632320:   00007f6a14632370 00007f6a14632648
0x00007f6a14632330:   00007f6a18b9ac34 0000000000000000
0x00007f6a14632340:   0000000000000000 0000000000000000
0x00007f6a14632350:   0000000000000000 0000000000000000
0x00007f6a14632360:   0000000000000000 0000000000000000
0x00007f6a14632370:   00007f6a2d9ef0b0 0000ffff00001fa0
0x00007f6a14632380:   0000000000000000 0000000000000000
0x00007f6a14632390:   00000000d979df28 0000000000000003
0x00007f6a146323a0:   000000100000000f 0000000085648050
0x00007f6a146323b0:   0000000085fccc18 00000000d979ded0
0x00007f6a146323c0:   0000000085648028 00007f6a16a9a778
0x00007f6a146323d0:   0000000000000000 00007f6a146325f0
0x00007f6a146323e0:   00007f69bf7448d8 00007f69d4002800
0x00007f6a146323f0:   00007f6a14632440 00007f6a1859eae6
0x00007f6a14632400:   0000000085fccc30 0000000085648050
0x00007f6a14632410:   00000000d72fb890 00000000d979dd90
0x00007f6a14632420:   0000000085648028 00000000d72fa3d0
0x00007f6a14632430:   0000000000000000 00000000d979dec0
0x00007f6a14632440:   000000100000000f 0000000085648050 

Instructions: (pc=0x00007f6a183be466)
0x00007f6a183be446:   e5 03 49 03 d5 48 89 55 e0 4c 8d 6c 24 08 4c 89
0x00007f6a183be456:   6d f0 ff 63 50 4c 8b 75 d0 8b 51 08 48 c1 e2 03
0x00007f6a183be466:   44 8b b2 20 01 00 00 4e 8d b4 f2 b8 01 00 00 4d
0x00007f6a183be476:   8b 2e 49 3b c5 74 15 4d 85 ed 0f 84 e0 03 00 00 

Register to memory mapping:

RAX=0x0000000100090990 is pointing into metadata
RBX={method} {0x00007f6a16f32138} 'getHash' '()I' in 'org/springframework/util/ConcurrentReferenceHashMap$Reference'
RCX=0x00000000df2fc3a8 is an oop

[error occurred during error reporting (printing register info), id 0xb]

Stack: [0x00007f6a14536000,0x00007f6a14637000],  sp=0x00007f6a14632250,  free space=1008k
Native frames: (J=compiled Java code, j=interpreted, Vv=VM code, C=native code)
j  org.springframework.util.ConcurrentReferenceHashMap$Segment.findInChain(Lorg/springframework/util/ConcurrentReferenceHashMap$Reference;Ljava/lang/Object;I)Lorg/springframework/util/ConcurrentReferenceHashMap$Reference;+10
j  org.springframework.util.ConcurrentReferenceHashMap$Segment.getReference(Ljava/lang/Object;ILorg/springframework/util/ConcurrentReferenceHashMap$Restructure;)Lorg/springframework/util/ConcurrentReferenceHashMap$Reference;+48
J 2409 C1 org.springframework.core.ResolvableType.forType(Ljava/lang/reflect/Type;Lorg/springframework/core/SerializableTypeWrapper$TypeProvider;Lorg/springframework/core/ResolvableType$VariableResolver;)Lorg/springframework/core/ResolvableType; (115 bytes) @ 0x00007f6a18b9ac34 [0x00007f6a18b9a4c0+0x774]
J 757 C1 org.springframework.core.ResolvableType.getGenerics()[Lorg/springframework/core/ResolvableType; (148 bytes) @ 0x00007f6a1867e59c [0x00007f6a1867d680+0xf1c]
J 3162 C1 org.springframework.core.ResolvableType.getGeneric([I)Lorg/springframework/core/ResolvableType; (90 bytes) @ 0x00007f6a18e1e354 [0x00007f6a18e1e240+0x114]
j  org.springframework.core.convert.TypeDescriptor.getElementTypeDescriptor()Lorg/springframework/core/convert/TypeDescriptor;+81
J 3688 C1 org.springframework.core.convert.TypeDescriptor.equals(Ljava/lang/Object;)Z (113 bytes) @ 0x00007f6a1902b8ac [0x00007f6a19028380+0x352c]
j  org.springframework.core.convert.support.GenericConversionService$ConverterCacheKey.equals(Ljava/lang/Object;)Z+29
J 2982 C2 org.springframework.util.ConcurrentReferenceHashMap.get(Ljava/lang/Object;)Ljava/lang/Object; (19 bytes) @ 0x00007f6a18d96ae8 [0x00007f6a18d968e0+0x208]
J 4999 C1 org.springframework.core.convert.support.GenericConversionService.getConverter(Lorg/springframework/core/convert/TypeDescriptor;Lorg/springframework/core/convert/TypeDescriptor;)Lorg/springframework/core/convert/converter/GenericConverter; (106 bytes) @ 0x00007f6a1940a1e4 [0x00007f6a19409fc0+0x224]
j  org.springframework.core.convert.support.GenericConversionService.canConvert(Lorg/springframework/core/convert/TypeDescriptor;Lorg/springframework/core/convert/TypeDescriptor;)Z+15
j  org.springframework.beans.TypeConverterDelegate.convertIfNecessary(Ljava/lang/String;Ljava/lang/Object;Ljava/lang/Object;Ljava/lang/Class;Lorg/springframework/core/convert/TypeDescriptor;)Ljava/lang/Object;+55
j  org.springframework.beans.TypeConverterSupport.convertIfNecessary(Ljava/lang/Object;Ljava/lang/Class;Lorg/springframework/core/convert/TypeDescriptor;)Ljava/lang/Object;+26
j  org.springframework.beans.TypeConverterSupport.convertIfNecessary(Ljava/lang/Object;Ljava/lang/Class;Lorg/springframework/core/MethodParameter;)Ljava/lang/Object;+22
j  org.springframework.beans.factory.support.ConstructorResolver.createArgumentArray(Ljava/lang/String;Lorg/springframework/beans/factory/support/RootBeanDefinition;Lorg/springframework/beans/factory/config/ConstructorArgumentValues;Lorg/springframework/beans/BeanWrapper;[Ljava/lang/Class;[Ljava/lang/String;Ljava/lang/reflect/Executable;ZZ)Lorg/springframework/beans/factory/support/ConstructorResolver$ArgumentsHolder;+210
j  org.springframework.beans.factory.support.ConstructorResolver.autowireConstructor(Ljava/lang/String;Lorg/springframework/beans/factory/support/RootBeanDefinition;[Ljava/lang/reflect/Constructor;[Ljava/lang/Object;)Lorg/springframework/beans/BeanWrapper;+542
j  org.springframework.beans.factory.support.AbstractAutowireCapableBeanFactory.autowireConstructor(Ljava/lang/String;Lorg/springframework/beans/factory/support/RootBeanDefinition;[Ljava/lang/reflect/Constructor;[Ljava/lang/Object;)Lorg/springframework/beans/BeanWrapper;+13
j  org.springframework.beans.factory.support.AbstractAutowireCapableBeanFactory.createBeanInstance(Ljava/lang/String;Lorg/springframework/beans/factory/support/RootBeanDefinition;[Ljava/lang/Object;)Lorg/springframework/beans/BeanWrapper;+221
j  org.springframework.beans.factory.support.AbstractAutowireCapableBeanFactory.doCreateBean(Ljava/lang/String;Lorg/springframework/beans/factory/support/RootBeanDefinition;[Ljava/lang/Object;)Ljava/lang/Object;+34
j  org.springframework.beans.factory.support.AbstractAutowireCapableBeanFactory.createBean(Ljava/lang/String;Lorg/springframework/beans/factory/support/RootBeanDefinition;[Ljava/lang/Object;)Ljava/lang/Object;+169
j  org.springframework.beans.factory.support.BeanDefinitionValueResolver.resolveInnerBean(Ljava/lang/Object;Ljava/lang/String;Lorg/springframework/beans/factory/config/BeanDefinition;)Ljava/lang/Object;+123
j  org.springframework.beans.factory.support.BeanDefinitionValueResolver.resolveValueIfNecessary(Ljava/lang/Object;Ljava/lang/Object;)Ljava/lang/Object;+159
j  org.springframework.beans.factory.support.AbstractAutowireCapableBeanFactory.applyPropertyValues(Ljava/lang/String;Lorg/springframework/beans/factory/config/BeanDefinition;Lorg/springframework/beans/BeanWrapper;Lorg/springframework/beans/PropertyValues;)V+233
J 4969 C1 org.springframework.beans.factory.support.AbstractAutowireCapableBeanFactory.populateBean(Ljava/lang/String;Lorg/springframework/beans/factory/support/RootBeanDefinition;Lorg/springframework/beans/BeanWrapper;)V (412 bytes) @ 0x00007f6a193da4cc [0x00007f6a193d7640+0x2e8c]
j  org.springframework.beans.factory.support.AbstractAutowireCapableBeanFactory.doCreateBean(Ljava/lang/String;Lorg/springframework/beans/factory/support/RootBeanDefinition;[Ljava/lang/Object;)Ljava/lang/Object;+237
j  org.springframework.beans.factory.support.AbstractAutowireCapableBeanFactory.createBean(Ljava/lang/String;Lorg/springframework/beans/factory/support/RootBeanDefinition;[Ljava/lang/Object;)Ljava/lang/Object;+169
j  org.springframework.beans.factory.support.AbstractBeanFactory.lambda$doGetBean$0(Ljava/lang/String;Lorg/springframework/beans/factory/support/RootBeanDefinition;[Ljava/lang/Object;)Ljava/lang/Object;+4
j  org.springframework.beans.factory.support.AbstractBeanFactory$$Lambda$117.getObject()Ljava/lang/Object;+16
j  org.springframework.beans.factory.support.DefaultSingletonBeanRegistry.getSingleton(Ljava/lang/String;Lorg/springframework/beans/factory/ObjectFactory;)Ljava/lang/Object;+132
J 2533 C1 org.springframework.beans.factory.support.AbstractBeanFactory.doGetBean(Ljava/lang/String;Ljava/lang/Class;[Ljava/lang/Object;Z)Ljava/lang/Object; (833 bytes) @ 0x00007f6a18bd3444 [0x00007f6a18bd2e00+0x644]
j  org.springframework.beans.factory.support.AbstractBeanFactory.getBean(Ljava/lang/String;)Ljava/lang/Object;+5
j  org.springframework.beans.factory.config.DependencyDescriptor.resolveCandidate(Ljava/lang/String;Ljava/lang/Class;Lorg/springframework/beans/factory/BeanFactory;)Ljava/lang/Object;+2
j  org.springframework.beans.factory.support.DefaultListableBeanFactory.doResolveDependency(Lorg/springframework/beans/factory/config/DependencyDescriptor;Ljava/lang/String;Ljava/util/Set;Lorg/springframework/beans/TypeConverter;)Ljava/lang/Object;+440
j  org.springframework.beans.factory.support.DefaultListableBeanFactory.resolveDependency(Lorg/springframework/beans/factory/config/DependencyDescriptor;Ljava/lang/String;Ljava/util/Set;Lorg/springframework/beans/TypeConverter;)Ljava/lang/Object;+108
j  org.springframework.beans.factory.annotation.AutowiredAnnotationBeanPostProcessor$AutowiredFieldElement.inject(Ljava/lang/Object;Ljava/lang/String;Lorg/springframework/beans/PropertyValues;)V+115
J 4936 C1 org.springframework.beans.factory.annotation.InjectionMetadata.inject(Ljava/lang/Object;Ljava/lang/String;Lorg/springframework/beans/PropertyValues;)V (123 bytes) @ 0x00007f6a193b9944 [0x00007f6a193b88e0+0x1064]
j  org.springframework.beans.factory.annotation.AutowiredAnnotationBeanPostProcessor.postProcessProperties(Lorg/springframework/beans/PropertyValues;Ljava/lang/Object;Ljava/lang/String;)Lorg/springframework/beans/PropertyValues;+17
j  org.springframework.beans.factory.support.AbstractAutowireCapableBeanFactory.populateBean(Ljava/lang/String;Lorg/springframework/beans/factory/support/RootBeanDefinition;Lorg/springframework/beans/BeanWrapper;)V+305
j  org.springframework.beans.factory.support.AbstractAutowireCapableBeanFactory.doCreateBean(Ljava/lang/String;Lorg/springframework/beans/factory/support/RootBeanDefinition;[Ljava/lang/Object;)Ljava/lang/Object;+237
j  org.springframework.beans.factory.support.AbstractAutowireCapableBeanFactory.createBean(Ljava/lang/String;Lorg/springframework/beans/factory/support/RootBeanDefinition;[Ljava/lang/Object;)Ljava/lang/Object;+169
j  org.springframework.beans.factory.support.AbstractBeanFactory.lambda$doGetBean$0(Ljava/lang/String;Lorg/springframework/beans/factory/support/RootBeanDefinition;[Ljava/lang/Object;)Ljava/lang/Object;+4
j  org.springframework.beans.factory.support.AbstractBeanFactory$$Lambda$117.getObject()Ljava/lang/Object;+16
j  org.springframework.beans.factory.support.DefaultSingletonBeanRegistry.getSingleton(Ljava/lang/String;Lorg/springframework/beans/factory/ObjectFactory;)Ljava/lang/Object;+132
J 2533 C1 org.springframework.beans.factory.support.AbstractBeanFactory.doGetBean(Ljava/lang/String;Ljava/lang/Class;[Ljava/lang/Object;Z)Ljava/lang/Object; (833 bytes) @ 0x00007f6a18bd3444 [0x00007f6a18bd2e00+0x644]
j  org.springframework.beans.factory.support.AbstractBeanFactory.getBean(Ljava/lang/String;)Ljava/lang/Object;+5
j  org.springframework.beans.factory.config.DependencyDescriptor.resolveCandidate(Ljava/lang/String;Ljava/lang/Class;Lorg/springframework/beans/factory/BeanFactory;)Ljava/lang/Object;+2
j  org.springframework.beans.factory.support.DefaultListableBeanFactory.doResolveDependency(Lorg/springframework/beans/factory/config/DependencyDescriptor;Ljava/lang/String;Ljava/util/Set;Lorg/springframework/beans/TypeConverter;)Ljava/lang/Object;+440
j  org.springframework.beans.factory.support.DefaultListableBeanFactory.resolveDependency(Lorg/springframework/beans/factory/config/DependencyDescriptor;Ljava/lang/String;Ljava/util/Set;Lorg/springframework/beans/TypeConverter;)Ljava/lang/Object;+108
j  org.springframework.beans.factory.annotation.AutowiredAnnotationBeanPostProcessor$AutowiredFieldElement.inject(Ljava/lang/Object;Ljava/lang/String;Lorg/springframework/beans/PropertyValues;)V+115
J 4936 C1 org.springframework.beans.factory.annotation.InjectionMetadata.inject(Ljava/lang/Object;Ljava/lang/String;Lorg/springframework/beans/PropertyValues;)V (123 bytes) @ 0x00007f6a193b9944 [0x00007f6a193b88e0+0x1064]
j  org.springframework.beans.factory.annotation.AutowiredAnnotationBeanPostProcessor.postProcessProperties(Lorg/springframework/beans/PropertyValues;Ljava/lang/Object;Ljava/lang/String;)Lorg/springframework/beans/PropertyValues;+17
j  org.springframework.beans.factory.support.AbstractAutowireCapableBeanFactory.populateBean(Ljava/lang/String;Lorg/springframework/beans/factory/support/RootBeanDefinition;Lorg/springframework/beans/BeanWrapper;)V+305
j  org.springframework.beans.factory.support.AbstractAutowireCapableBeanFactory.doCreateBean(Ljava/lang/String;Lorg/springframework/beans/factory/support/RootBeanDefinition;[Ljava/lang/Object;)Ljava/lang/Object;+237
j  org.springframework.beans.factory.support.AbstractAutowireCapableBeanFactory.createBean(Ljava/lang/String;Lorg/springframework/beans/factory/support/RootBeanDefinition;[Ljava/lang/Object;)Ljava/lang/Object;+169
j  org.springframework.beans.factory.support.AbstractBeanFactory.lambda$doGetBean$0(Ljava/lang/String;Lorg/springframework/beans/factory/support/RootBeanDefinition;[Ljava/lang/Object;)Ljava/lang/Object;+4
j  org.springframework.beans.factory.support.AbstractBeanFactory$$Lambda$117.getObject()Ljava/lang/Object;+16
j  org.springframework.beans.factory.support.DefaultSingletonBeanRegistry.getSingleton(Ljava/lang/String;Lorg/springframework/beans/factory/ObjectFactory;)Ljava/lang/Object;+132
J 2533 C1 org.springframework.beans.factory.support.AbstractBeanFactory.doGetBean(Ljava/lang/String;Ljava/lang/Class;[Ljava/lang/Object;Z)Ljava/lang/Object; (833 bytes) @ 0x00007f6a18bd3444 [0x00007f6a18bd2e00+0x644]
j  org.springframework.beans.factory.support.AbstractBeanFactory.getBean(Ljava/lang/String;)Ljava/lang/Object;+5
j  org.springframework.beans.factory.support.DefaultListableBeanFactory.preInstantiateSingletons()V+248
j  org.springframework.context.support.AbstractApplicationContext.finishBeanFactoryInitialization(Lorg/springframework/beans/factory/config/ConfigurableListableBeanFactory;)V+124
j  org.springframework.context.support.AbstractApplicationContext.refresh()V+54
j  org.springframework.boot.web.servlet.context.ServletWebServerApplicationContext.refresh()V+1
j  org.springframework.boot.SpringApplication.refresh(Lorg/springframework/context/ApplicationContext;)V+10
j  org.springframework.boot.SpringApplication.refreshContext(Lorg/springframework/context/ConfigurableApplicationContext;)V+2
j  org.springframework.boot.SpringApplication.run([Ljava/lang/String;)Lorg/springframework/context/ConfigurableApplicationContext;+118
j  org.springframework.boot.SpringApplication.run([Ljava/lang/Class;[Ljava/lang/String;)Lorg/springframework/context/ConfigurableApplicationContext;+9
j  org.springframework.boot.SpringApplication.run(Ljava/lang/Class;[Ljava/lang/String;)Lorg/springframework/context/ConfigurableApplicationContext;+9
j  neo.spring5.MeetingRoomBookingApplication.main([Ljava/lang/String;)V+3
v  ~StubRoutines::call_stub
V  [libjvm.so+0x68825b]  JavaCalls::call_helper(JavaValue*, methodHandle*, JavaCallArguments*, Thread*)+0xddb
V  [libjvm.so+0x999f25]  Reflection::invoke(instanceKlassHandle, methodHandle, Handle, bool, objArrayHandle, BasicType, objArrayHandle, bool, Thread*)+0xb65
V  [libjvm.so+0x99b866]  Reflection::invoke_method(oopDesc*, Handle, objArrayHandle, Thread*)+0x126
V  [libjvm.so+0x6fd2b2]  JVM_InvokeMethod+0x102
j  sun.reflect.NativeMethodAccessorImpl.invoke0(Ljava/lang/reflect/Method;Ljava/lang/Object;[Ljava/lang/Object;)Ljava/lang/Object;+0
j  sun.reflect.NativeMethodAccessorImpl.invoke(Ljava/lang/Object;[Ljava/lang/Object;)Ljava/lang/Object;+100
j  sun.reflect.DelegatingMethodAccessorImpl.invoke(Ljava/lang/Object;[Ljava/lang/Object;)Ljava/lang/Object;+6
j  java.lang.reflect.Method.invoke(Ljava/lang/Object;[Ljava/lang/Object;)Ljava/lang/Object;+56
j  org.springframework.boot.devtools.restart.RestartLauncher.run()V+41
v  ~StubRoutines::call_stub
V  [libjvm.so+0x68825b]  JavaCalls::call_helper(JavaValue*, methodHandle*, JavaCallArguments*, Thread*)+0xddb
V  [libjvm.so+0x685b23]  JavaCalls::call_virtual(JavaValue*, KlassHandle, Symbol*, Symbol*, JavaCallArguments*, Thread*)+0x263
V  [libjvm.so+0x6860e7]  JavaCalls::call_virtual(JavaValue*, Handle, KlassHandle, Symbol*, Symbol*, Thread*)+0x47
V  [libjvm.so+0x6f225c]  thread_entry(JavaThread*, Thread*)+0x6c
V  [libjvm.so+0xa7bb6b]  JavaThread::thread_main_inner()+0xdb
V  [libjvm.so+0xa7be71]  JavaThread::run()+0x2d1
V  [libjvm.so+0x90d922]  java_start(Thread*)+0x102
C  [libpthread.so.0+0x76ba]  start_thread+0xca


---------------  P R O C E S S  ---------------

Java Threads: ( => current thread )
  0x00007f69c94fb800 JavaThread "Live Reload Server" daemon [_thread_in_native, id=16925, stack(0x00007f69be2fb000,0x00007f69be3fc000)]
  0x00007f69b4001000 JavaThread "HikariPool-1 connection adder" daemon [_thread_blocked, id=16921, stack(0x00007f69bedfc000,0x00007f69beefd000)]
  0x00007f69c9025800 JavaThread "HikariPool-1 housekeeper" daemon [_thread_blocked, id=16920, stack(0x00007f69bf0fd000,0x00007f69bf1fe000)]
  0x00007f69c8f16800 JavaThread "mysql-cj-abandoned-connection-cleanup" daemon [_thread_blocked, id=16919, stack(0x00007f69bf3fe000,0x00007f69bf4ff000)]
  0x00007f69c8f0a800 JavaThread "container-0" [_thread_blocked, id=16918, stack(0x00007f69bf4ff000,0x00007f69bf600000)]
  0x00007f69cc423000 JavaThread "Catalina-utility-2" [_thread_blocked, id=16917, stack(0x00007f6a042e2000,0x00007f6a043e3000)]
  0x00007f69c8f0a000 JavaThread "Catalina-utility-1" [_thread_blocked, id=16916, stack(0x00007f6a14435000,0x00007f6a14536000)]
  0x00007f69e8001000 JavaThread "Attach Listener" daemon [_thread_blocked, id=16914, stack(0x00007f6a1409e000,0x00007f6a1419f000)]
=>0x00007f69d4002800 JavaThread "restartedMain" [_thread_in_Java, id=16908, stack(0x00007f6a14536000,0x00007f6a14637000)]
  0x00007f6a28819000 JavaThread "Thread-0" [_thread_blocked, id=16907, stack(0x00007f6a14637000,0x00007f6a14738000)]
  0x00007f6a285c5000 JavaThread "Service Thread" daemon [_thread_blocked, id=16905, stack(0x00007f6a14839000,0x00007f6a1493a000)]
  0x00007f6a285ba000 JavaThread "C1 CompilerThread2" daemon [_thread_blocked, id=16904, stack(0x00007f6a1493a000,0x00007f6a14a3b000)]
  0x00007f6a285b6000 JavaThread "C2 CompilerThread1" daemon [_thread_in_native, id=16903, stack(0x00007f6a14a3b000,0x00007f6a14b3c000)]
  0x00007f6a285b4800 JavaThread "C2 CompilerThread0" daemon [_thread_in_native, id=16902, stack(0x00007f6a14d54000,0x00007f6a14e55000)]
  0x00007f6a285b0000 JavaThread "Monitor Ctrl-Break" daemon [_thread_in_native, id=16901, stack(0x00007f6a14e55000,0x00007f6a14f56000)]
  0x00007f6a28184800 JavaThread "Signal Dispatcher" daemon [_thread_blocked, id=16900, stack(0x00007f6a152d5000,0x00007f6a153d6000)]
  0x00007f6a28151800 JavaThread "Finalizer" daemon [_thread_blocked, id=16893, stack(0x00007f6a156ae000,0x00007f6a157af000)]
  0x00007f6a2814f000 JavaThread "Reference Handler" daemon [_thread_blocked, id=16892, stack(0x00007f6a157af000,0x00007f6a158b0000)]
  0x00007f6a28010800 JavaThread "main" [_thread_blocked, id=16879, stack(0x00007f6a2e5ef000,0x00007f6a2e6f0000)]

Other Threads:
  0x00007f6a28145800 VMThread [stack: 0x00007f6a158b0000,0x00007f6a159b1000] [id=16891]
  0x00007f6a285c8000 WatcherThread [stack: 0x00007f6a14738000,0x00007f6a14839000] [id=16906]

VM state:not at safepoint (normal execution)

VM Mutex/Monitor currently owned by a thread: None

heap address: 0x0000000085400000, size: 1964 MB, Compressed Oops mode: 32-bit
Narrow klass base: 0x0000000000000000, Narrow klass shift: 3
Compressed class space size: 1073741824 Address: 0x0000000100000000

Heap:
 PSYoungGen      total 366080K, used 54827K [0x00000000d7180000, 0x00000000f1c80000, 0x0000000100000000)
  eden space 352256K, 11% used [0x00000000d7180000,0x00000000d9992b78,0x00000000ec980000)
  from space 13824K, 99% used [0x00000000edd00000,0x00000000eea781b8,0x00000000eea80000)
  to   space 19968K, 0% used [0x00000000ec980000,0x00000000ec980000,0x00000000edd00000)
 ParOldGen       total 77824K, used 26935K [0x0000000085400000, 0x000000008a000000, 0x00000000d7180000)
  object space 77824K, 34% used [0x0000000085400000,0x0000000086e4dc70,0x000000008a000000)
 Metaspace       used 55967K, capacity 58372K, committed 58536K, reserved 1099776K
  class space    used 7613K, capacity 8061K, committed 8104K, reserved 1048576K

Card table byte_map: [0x00007f6a17c02000,0x00007f6a17fd9000] byte_map_base: 0x00007f6a177d8000

Marking Bits: (ParMarkBitMap*) 0x00007f6a2dac6d80
 Begin Bits: [0x00007f6a0c2a0000, 0x00007f6a0e150000)
 End Bits:   [0x00007f6a0e150000, 0x00007f6a10000000)

Polling page: 0x00007f6a2e70b000

CodeCache: size=245760Kb used=17414Kb max_used=17417Kb free=228345Kb
 bounds [0x00007f6a18399000, 0x00007f6a194a9000, 0x00007f6a27399000]
 total_blobs=5631 nmethods=5097 adapters=446
 compilation: enabled

Compilation events (10 events):
Event: 5.045 Thread 0x00007f6a285ba000 nmethod 5154 0x00007f6a1948ebd0 code [0x00007f6a1948ed20, 0x00007f6a1948ee30]
Event: 5.056 Thread 0x00007f6a285b6000 5156       4       sun.misc.ProxyGenerator$ConstantPool$IndirectEntry::write (61 bytes)
Event: 5.056 Thread 0x00007f6a285b6000 nmethod 5156 0x00007f6a1948d290 code [0x00007f6a1948d400, 0x00007f6a1948d508]
Event: 5.058 Thread 0x00007f6a285b6000 5157   !   4       org.springframework.util.ConcurrentReferenceHashMap$Segment::restructureIfNecessary (367 bytes)
Event: 5.059 Thread 0x00007f6a285ba000 5158       3       org.springframework.transaction.interceptor.TransactionAttributeSourcePointcut::matches (55 bytes)
Event: 5.060 Thread 0x00007f6a285ba000 nmethod 5158 0x00007f6a1948e250 code [0x00007f6a1948e400, 0x00007f6a1948ea68]
Event: 5.064 Thread 0x00007f6a285ba000 5161       3       sun.reflect.generics.reflectiveObjects.ParameterizedTypeImpl::equals (81 bytes)
Event: 5.065 Thread 0x00007f6a285ba000 nmethod 5161 0x00007f6a194a3dd0 code [0x00007f6a194a3fe0, 0x00007f6a194a4ba8]
Event: 5.065 Thread 0x00007f6a285ba000 5162       3       java.util.HashSet::<init> (17 bytes)
Event: 5.065 Thread 0x00007f6a285ba000 nmethod 5162 0x00007f6a194a3650 code [0x00007f6a194a3800, 0x00007f6a194a3b88]

GC Heap History (10 events):
Event: 1.258 GC heap before
{Heap before GC invocations=6 (full 1):
 PSYoungGen      total 132096K, used 5107K [0x00000000d7180000, 0x00000000e7d80000, 0x0000000100000000)
  eden space 126976K, 0% used [0x00000000d7180000,0x00000000d7180000,0x00000000ded80000)
  from space 5120K, 99% used [0x00000000ded80000,0x00000000df27cf98,0x00000000df280000)
  to   space 10240K, 0% used [0x00000000e7380000,0x00000000e7380000,0x00000000e7d80000)
 ParOldGen       total 84992K, used 6226K [0x0000000085400000, 0x000000008a700000, 0x00000000d7180000)
  object space 84992K, 7% used [0x0000000085400000,0x0000000085a14b60,0x000000008a700000)
 Metaspace       used 20691K, capacity 21210K, committed 21296K, reserved 1067008K
  class space    used 2671K, capacity 2833K, committed 2864K, reserved 1048576K
Event: 1.294 GC heap after
Heap after GC invocations=6 (full 1):
 PSYoungGen      total 132096K, used 0K [0x00000000d7180000, 0x00000000e7d80000, 0x0000000100000000)
  eden space 126976K, 0% used [0x00000000d7180000,0x00000000d7180000,0x00000000ded80000)
  from space 5120K, 0% used [0x00000000ded80000,0x00000000ded80000,0x00000000df280000)
  to   space 10240K, 0% used [0x00000000e7380000,0x00000000e7380000,0x00000000e7d80000)
 ParOldGen       total 49664K, used 6063K [0x0000000085400000, 0x0000000088480000, 0x00000000d7180000)
  object space 49664K, 12% used [0x0000000085400000,0x00000000859ebfb8,0x0000000088480000)
 Metaspace       used 20690K, capacity 21204K, committed 21296K, reserved 1067008K
  class space    used 2671K, capacity 2832K, committed 2864K, reserved 1048576K
}
Event: 1.901 GC heap before
{Heap before GC invocations=7 (full 1):
 PSYoungGen      total 132096K, used 126976K [0x00000000d7180000, 0x00000000e7d80000, 0x0000000100000000)
  eden space 126976K, 100% used [0x00000000d7180000,0x00000000ded80000,0x00000000ded80000)
  from space 5120K, 0% used [0x00000000ded80000,0x00000000ded80000,0x00000000df280000)
  to   space 10240K, 0% used [0x00000000e7380000,0x00000000e7380000,0x00000000e7d80000)
 ParOldGen       total 49664K, used 6063K [0x0000000085400000, 0x0000000088480000, 0x00000000d7180000)
  object space 49664K, 12% used [0x0000000085400000,0x00000000859ebfb8,0x0000000088480000)
 Metaspace       used 25396K, capacity 26280K, committed 26288K, reserved 1073152K
  class space    used 3247K, capacity 3503K, committed 3504K, reserved 1048576K
Event: 1.908 GC heap after
Heap after GC invocations=7 (full 1):
 PSYoungGen      total 224256K, used 7258K [0x00000000d7180000, 0x00000000e7b00000, 0x0000000100000000)
  eden space 216576K, 0% used [0x00000000d7180000,0x00000000d7180000,0x00000000e4500000)
  from space 7680K, 94% used [0x00000000e7380000,0x00000000e7a96900,0x00000000e7b00000)
  to   space 10240K, 0% used [0x00000000e6700000,0x00000000e6700000,0x00000000e7100000)
 ParOldGen       total 49664K, used 6135K [0x0000000085400000, 0x0000000088480000, 0x00000000d7180000)
  object space 49664K, 12% used [0x0000000085400000,0x00000000859fdfc8,0x0000000088480000)
 Metaspace       used 25396K, capacity 26280K, committed 26288K, reserved 1073152K
  class space    used 3247K, capacity 3503K, committed 3504K, reserved 1048576K
}
Event: 2.818 GC heap before
{Heap before GC invocations=8 (full 1):
 PSYoungGen      total 224256K, used 164378K [0x00000000d7180000, 0x00000000e7b00000, 0x0000000100000000)
  eden space 216576K, 72% used [0x00000000d7180000,0x00000000e0aeff30,0x00000000e4500000)
  from space 7680K, 94% used [0x00000000e7380000,0x00000000e7a96900,0x00000000e7b00000)
  to   space 10240K, 0% used [0x00000000e6700000,0x00000000e6700000,0x00000000e7100000)
 ParOldGen       total 49664K, used 6135K [0x0000000085400000, 0x0000000088480000, 0x00000000d7180000)
  object space 49664K, 12% used [0x0000000085400000,0x00000000859fdfc8,0x0000000088480000)
 Metaspace       used 33725K, capacity 35346K, committed 35496K, reserved 1079296K
  class space    used 4328K, capacity 4662K, committed 4776K, reserved 1048576K
Event: 2.829 GC heap after
Heap after GC invocations=8 (full 1):
 PSYoungGen      total 261632K, used 10212K [0x00000000d7180000, 0x00000000eea80000, 0x0000000100000000)
  eden space 251392K, 0% used [0x00000000d7180000,0x00000000d7180000,0x00000000e6700000)
  from space 10240K, 99% used [0x00000000e6700000,0x00000000e70f90b0,0x00000000e7100000)
  to   space 13824K, 0% used [0x00000000edd00000,0x00000000edd00000,0x00000000eea80000)
 ParOldGen       total 49664K, used 10235K [0x0000000085400000, 0x0000000088480000, 0x00000000d7180000)
  object space 49664K, 20% used [0x0000000085400000,0x0000000085dfeec8,0x0000000088480000)
 Metaspace       used 33725K, capacity 35346K, committed 35496K, reserved 1079296K
  class space    used 4328K, capacity 4662K, committed 4776K, reserved 1048576K
}
Event: 2.829 GC heap before
{Heap before GC invocations=9 (full 2):
 PSYoungGen      total 261632K, used 10212K [0x00000000d7180000, 0x00000000eea80000, 0x0000000100000000)
  eden space 251392K, 0% used [0x00000000d7180000,0x00000000d7180000,0x00000000e6700000)
  from space 10240K, 99% used [0x00000000e6700000,0x00000000e70f90b0,0x00000000e7100000)
  to   space 13824K, 0% used [0x00000000edd00000,0x00000000edd00000,0x00000000eea80000)
 ParOldGen       total 49664K, used 10235K [0x0000000085400000, 0x0000000088480000, 0x00000000d7180000)
  object space 49664K, 20% used [0x0000000085400000,0x0000000085dfeec8,0x0000000088480000)
 Metaspace       used 33725K, capacity 35346K, committed 35496K, reserved 1079296K
  class space    used 4328K, capacity 4662K, committed 4776K, reserved 1048576K
Event: 2.880 GC heap after
Heap after GC invocations=9 (full 2):
 PSYoungGen      total 261632K, used 0K [0x00000000d7180000, 0x00000000eea80000, 0x0000000100000000)
  eden space 251392K, 0% used [0x00000000d7180000,0x00000000d7180000,0x00000000e6700000)
  from space 10240K, 0% used [0x00000000e6700000,0x00000000e6700000,0x00000000e7100000)
  to   space 13824K, 0% used [0x00000000edd00000,0x00000000edd00000,0x00000000eea80000)
 ParOldGen       total 77824K, used 18225K [0x0000000085400000, 0x000000008a000000, 0x00000000d7180000)
  object space 77824K, 23% used [0x0000000085400000,0x00000000865cc550,0x000000008a000000)
 Metaspace       used 33725K, capacity 35346K, committed 35496K, reserved 1079296K
  class space    used 4328K, capacity 4662K, committed 4776K, reserved 1048576K
}
Event: 4.762 GC heap before
{Heap before GC invocations=10 (full 2):
 PSYoungGen      total 261632K, used 251392K [0x00000000d7180000, 0x00000000eea80000, 0x0000000100000000)
  eden space 251392K, 100% used [0x00000000d7180000,0x00000000e6700000,0x00000000e6700000)
  from space 10240K, 0% used [0x00000000e6700000,0x00000000e6700000,0x00000000e7100000)
  to   space 13824K, 0% used [0x00000000edd00000,0x00000000edd00000,0x00000000eea80000)
 ParOldGen       total 77824K, used 18225K [0x0000000085400000, 0x000000008a000000, 0x00000000d7180000)
  object space 77824K, 23% used [0x0000000085400000,0x00000000865cc550,0x000000008a000000)
 Metaspace       used 52708K, capacity 54638K, committed 54952K, reserved 1097728K
  class space    used 7152K, capacity 7536K, committed 7592K, reserved 1048576K
Event: 4.780 GC heap after
Heap after GC invocations=10 (full 2):
 PSYoungGen      total 366080K, used 13792K [0x00000000d7180000, 0x00000000f1c80000, 0x0000000100000000)
  eden space 352256K, 0% used [0x00000000d7180000,0x00000000d7180000,0x00000000ec980000)
  from space 13824K, 99% used [0x00000000edd00000,0x00000000eea781b8,0x00000000eea80000)
  to   space 19968K, 0% used [0x00000000ec980000,0x00000000ec980000,0x00000000edd00000)
 ParOldGen       total 77824K, used 26935K [0x0000000085400000, 0x000000008a000000, 0x00000000d7180000)
  object space 77824K, 34% used [0x0000000085400000,0x0000000086e4dc70,0x000000008a000000)
 Metaspace       used 52708K, capacity 54638K, committed 54952K, reserved 1097728K
  class space    used 7152K, capacity 7536K, committed 7592K, reserved 1048576K
}

Deoptimization events (10 events):
Event: 4.301 Thread 0x00007f69d4002800 Uncommon trap: reason=unstable_if action=reinterpret pc=0x00007f6a19171260 method=java.lang.String$CaseInsensitiveComparator.compare(Ljava/lang/String;Ljava/lang/String;)I @ 70
Event: 4.304 Thread 0x00007f69d4002800 Uncommon trap: reason=unstable_if action=reinterpret pc=0x00007f6a19152e20 method=java.lang.String$CaseInsensitiveComparator.compare(Ljava/lang/String;Ljava/lang/String;)I @ 70
Event: 4.633 Thread 0x00007f69d4002800 Uncommon trap: reason=null_check action=make_not_entrant pc=0x00007f6a191b9f6c method=org.springframework.core.annotation.AnnotatedElementUtils.searchWithFindSemantics(Ljava/lang/reflect/AnnotatedElement;Ljava/util/Set;Ljava/lang/String;Ljava/lang/Class;L
Event: 4.663 Thread 0x00007f69d4002800 Uncommon trap: reason=class_check action=maybe_recompile pc=0x00007f6a18e4b304 method=org.springframework.beans.factory.support.AbstractBeanFactory.isTypeMatch(Ljava/lang/String;Lorg/springframework/core/ResolvableType;)Z @ 47
Event: 4.665 Thread 0x00007f69d4002800 Uncommon trap: reason=class_check action=maybe_recompile pc=0x00007f6a18e4b304 method=org.springframework.beans.factory.support.AbstractBeanFactory.isTypeMatch(Ljava/lang/String;Lorg/springframework/core/ResolvableType;)Z @ 47
Event: 4.670 Thread 0x00007f69d4002800 Uncommon trap: reason=class_check action=maybe_recompile pc=0x00007f6a18e4b304 method=org.springframework.beans.factory.support.AbstractBeanFactory.isTypeMatch(Ljava/lang/String;Lorg/springframework/core/ResolvableType;)Z @ 47
Event: 4.671 Thread 0x00007f69d4002800 Uncommon trap: reason=class_check action=maybe_recompile pc=0x00007f6a18e4b304 method=org.springframework.beans.factory.support.AbstractBeanFactory.isTypeMatch(Ljava/lang/String;Lorg/springframework/core/ResolvableType;)Z @ 47
Event: 4.793 Thread 0x00007f69d4002800 Uncommon trap: reason=unstable_if action=reinterpret pc=0x00007f6a18899ec0 method=org.springframework.asm.ClassReader.readUtf(II[C)Ljava/lang/String; @ 41
Event: 4.888 Thread 0x00007f69d4002800 Uncommon trap: reason=unstable_if action=reinterpret pc=0x00007f6a18a09c08 method=org.springframework.util.ConcurrentReferenceHashMap$Segment.restructureIfNecessary(Z)V @ 34
Event: 5.066 Thread 0x00007f69d4002800 Uncommon trap: reason=bimorphic action=maybe_recompile pc=0x00007f6a18dcc048 method=org.springframework.util.ConcurrentReferenceHashMap$Segment.findInChain(Lorg/springframework/util/ConcurrentReferenceHashMap$Reference;Ljava/lang/Object;I)Lorg/springframe

Classes redefined (0 events):
No events

Internal exceptions (10 events):
Event: 4.940 Thread 0x00007f69d4002800 Exception <a 'java/lang/ClassNotFoundException': neo/spring5/MeetingRoomBooking/models/FacilitiesCustomizer> (0x00000000d89f5e18) thrown at [/HUDSON/workspace/8-2-build-linux-amd64/jdk8u201/12317/hotspot/src/share/vm/classfile/systemDictionary.cpp, line 2
Event: 4.945 Thread 0x00007f69d4002800 Exception <a 'java/lang/ClassNotFoundException': java/lang/ObjectCustomizer> (0x00000000d8a54e00) thrown at [/HUDSON/workspace/8-2-build-linux-amd64/jdk8u201/12317/hotspot/src/share/vm/classfile/systemDictionary.cpp, line 210]
Event: 4.945 Thread 0x00007f69d4002800 Exception <a 'java/lang/ClassNotFoundException': neo/spring5/MeetingRoomBooking/models/ChangeRequestCustomizer> (0x00000000d8a765a0) thrown at [/HUDSON/workspace/8-2-build-linux-amd64/jdk8u201/12317/hotspot/src/share/vm/classfile/systemDictionary.cpp, lin
Event: 4.951 Thread 0x00007f69d4002800 Exception <a 'java/lang/NoSuchMethodError': java.lang.Object.lambda$direct$0(Lorg/springframework/data/repository/core/support/MethodLookup$InvokedMethod;Ljava/lang/reflect/Method;)Z> (0x00000000d8afd738) thrown at [/HUDSON/workspace/8-2-build-linux-amd64
Event: 4.951 Thread 0x00007f69d4002800 Exception <a 'java/lang/NoSuchMethodError': java.lang.Object.lambda$direct$1(Lorg/springframework/data/repository/core/support/MethodLookup$MethodPredicate;)Ljava/util/List;> (0x00000000d8b00b28) thrown at [/HUDSON/workspace/8-2-build-linux-amd64/jdk8u201
Event: 4.953 Thread 0x00007f69d4002800 Exception <a 'java/lang/NoSuchMethodError': java.lang.Object.lambda$and$0(Lorg/springframework/data/repository/core/support/MethodLookup;)Ljava/util/List;> (0x00000000d8b28d70) thrown at [/HUDSON/workspace/8-2-build-linux-amd64/jdk8u201/12317/hotspot/src/
Event: 4.958 Thread 0x00007f69d4002800 Exception <a 'java/lang/IncompatibleClassChangeError': Found class java.lang.Object, but interface was expected> (0x00000000d8bcf060) thrown at [/HUDSON/workspace/8-2-build-linux-amd64/jdk8u201/12317/hotspot/src/share/vm/interpreter/linkResolver.cpp, line
Event: 4.983 Thread 0x00007f69d4002800 Exception <a 'java/lang/NoSuchMethodError': java.lang.Object.lambda$map$1(Ljava/util/function/Function;)Ljava/util/stream/Stream;> (0x00000000d8efc3f0) thrown at [/HUDSON/workspace/8-2-build-linux-amd64/jdk8u201/12317/hotspot/src/share/vm/interpreter/link
Event: 5.008 Thread 0x00007f69d4002800 Exception <a 'java/lang/reflect/InvocationTargetException'> (0x00000000d91f3e98) thrown at [/HUDSON/workspace/8-2-build-linux-amd64/jdk8u201/12317/hotspot/src/share/vm/runtime/reflection.cpp, line 1092]
Event: 5.053 Thread 0x00007f69d4002800 Exception <a 'java/lang/NoSuchMethodError': java.lang.Object.lambda$static$0(Ljavax/persistence/Query;[Ljava/lang/Object;Lorg/springframework/data/jpa/repository/query/QueryParameterSetter$ErrorHandling;)V> (0x00000000d967be30) thrown at [/HUDSON/workspac

Events (10 events):
Event: 5.054 loading class org/springframework/data/repository/core/support/RepositoryFragment$ImplementedRepositoryFragment done
Event: 5.055 loading class org/springframework/data/repository/core/support/RepositoryFactorySupport$ImplementationMethodExecutionInterceptor
Event: 5.055 loading class org/springframework/data/repository/core/support/RepositoryFactorySupport$ImplementationMethodExecutionInterceptor done
Event: 5.061 loading class org/springframework/transaction/annotation/Propagation
Event: 5.061 loading class org/springframework/transaction/annotation/Propagation done
Event: 5.061 loading class org/springframework/transaction/annotation/Isolation
Event: 5.061 loading class org/springframework/transaction/annotation/Isolation done
Event: 5.066 Thread 0x00007f69d4002800 Uncommon trap: trap_request=0xffffffc6 fr.pc=0x00007f6a18dcc048
Event: 5.066 Thread 0x00007f69d4002800 DEOPT PACKING pc=0x00007f6a18dcc048 sp=0x00007f6a14632320
Event: 5.066 Thread 0x00007f69d4002800 DEOPT UNPACKING pc=0x00007f6a183de73a sp=0x00007f6a14632248 mode 2


Dynamic libraries:
00400000-00401000 r-xp 00000000 08:01 4196854                            /usr/lib/jvm/java-8-oracle/bin/java
00600000-00601000 r--p 00000000 08:01 4196854                            /usr/lib/jvm/java-8-oracle/bin/java
00601000-00602000 rw-p 00001000 08:01 4196854                            /usr/lib/jvm/java-8-oracle/bin/java
01ba4000-01bc5000 rw-p 00000000 00:00 0                                  [heap]
85400000-8a000000 rw-p 00000000 00:00 0 
8a000000-d7180000 ---p 00000000 00:00 0 
d7180000-f1c80000 rw-p 00000000 00:00 0 
f1c80000-100000000 ---p 00000000 00:00 0 
100000000-1007ea000 rw-p 00000000 00:00 0 
1007ea000-140000000 ---p 00000000 00:00 0 
7f69a8000000-7f69a8021000 rw-p 00000000 00:00 0 
7f69a8021000-7f69ac000000 ---p 00000000 00:00 0 
7f69ac000000-7f69ac021000 rw-p 00000000 00:00 0 
7f69ac021000-7f69b0000000 ---p 00000000 00:00 0 
7f69b0000000-7f69b0021000 rw-p 00000000 00:00 0 
7f69b0021000-7f69b4000000 ---p 00000000 00:00 0 
7f69b4000000-7f69b4021000 rw-p 00000000 00:00 0 
7f69b4021000-7f69b8000000 ---p 00000000 00:00 0 
7f69b8000000-7f69b8021000 rw-p 00000000 00:00 0 
7f69b8021000-7f69bc000000 ---p 00000000 00:00 0 
7f69bdefb000-7f69be03b000 rw-p 00000000 00:00 0 
7f69be03b000-7f69be0fb000 ---p 00000000 00:00 0 
7f69be0fb000-7f69be2fb000 rw-p 00000000 00:00 0 
7f69be2fb000-7f69be2fe000 ---p 00000000 00:00 0 
7f69be2fe000-7f69be5fc000 rw-p 00000000 00:00 0 
7f69be5fc000-7f69be7fc000 rw-p 00000000 00:00 0 
7f69be7fc000-7f69be9fc000 rw-p 00000000 00:00 0 
7f69be9fc000-7f69bebfc000 rw-p 00000000 00:00 0 
7f69bebfc000-7f69bedfc000 rw-p 00000000 00:00 0 
7f69bedfc000-7f69bedff000 ---p 00000000 00:00 0 
7f69bedff000-7f69bf0fd000 rw-p 00000000 00:00 0 
7f69bf0fd000-7f69bf100000 ---p 00000000 00:00 0 
7f69bf100000-7f69bf3fe000 rw-p 00000000 00:00 0 
7f69bf3fe000-7f69bf401000 ---p 00000000 00:00 0 
7f69bf401000-7f69bf4ff000 rw-p 00000000 00:00 0 
7f69bf4ff000-7f69bf502000 ---p 00000000 00:00 0 
7f69bf502000-7f69bf800000 rw-p 00000000 00:00 0 
7f69bf800000-7f69bfa00000 rw-p 00000000 00:00 0 
7f69bfa00000-7f69bfc00000 rw-p 00000000 00:00 0 
7f69bfc00000-7f69bfe00000 rw-p 00000000 00:00 0 
7f69bfe00000-7f69c0000000 rw-p 00000000 00:00 0 
7f69c0000000-7f69c0021000 rw-p 00000000 00:00 0 
7f69c0021000-7f69c4000000 ---p 00000000 00:00 0 
7f69c4000000-7f69c4036000 rw-p 00000000 00:00 0 
7f69c4036000-7f69c8000000 ---p 00000000 00:00 0 
7f69c8000000-7f69c98f2000 rw-p 00000000 00:00 0 
7f69c98f2000-7f69cc000000 ---p 00000000 00:00 0 
7f69cc000000-7f69cc42e000 rw-p 00000000 00:00 0 
7f69cc42e000-7f69d0000000 ---p 00000000 00:00 0 
7f69d0000000-7f69d0021000 rw-p 00000000 00:00 0 
7f69d0021000-7f69d4000000 ---p 00000000 00:00 0 
7f69d4000000-7f69d4021000 rw-p 00000000 00:00 0 
7f69d4021000-7f69d8000000 ---p 00000000 00:00 0 
7f69d8000000-7f69d9805000 rw-p 00000000 00:00 0 
7f69d9805000-7f69dc000000 ---p 00000000 00:00 0 
7f69dc000000-7f69dc021000 rw-p 00000000 00:00 0 
7f69dc021000-7f69e0000000 ---p 00000000 00:00 0 
7f69e0000000-7f69e139f000 rw-p 00000000 00:00 0 
7f69e139f000-7f69e4000000 ---p 00000000 00:00 0 
7f69e4000000-7f69e5cb9000 rw-p 00000000 00:00 0 
7f69e5cb9000-7f69e8000000 ---p 00000000 00:00 0 
7f69e8000000-7f69e8021000 rw-p 00000000 00:00 0 
7f69e8021000-7f69ec000000 ---p 00000000 00:00 0 
7f69ec000000-7f69ec021000 rw-p 00000000 00:00 0 
7f69ec021000-7f69f0000000 ---p 00000000 00:00 0 
7f69f0000000-7f69f0021000 rw-p 00000000 00:00 0 
7f69f0021000-7f69f4000000 ---p 00000000 00:00 0 
7f69f4000000-7f69f4021000 rw-p 00000000 00:00 0 
7f69f4021000-7f69f8000000 ---p 00000000 00:00 0 
7f69f8000000-7f69f8021000 rw-p 00000000 00:00 0 
7f69f8021000-7f69fc000000 ---p 00000000 00:00 0 
7f69fc000000-7f69fc021000 rw-p 00000000 00:00 0 
7f69fc021000-7f6a00000000 ---p 00000000 00:00 0 
7f6a00000000-7f6a00021000 rw-p 00000000 00:00 0 
7f6a00021000-7f6a04000000 ---p 00000000 00:00 0 
7f6a040e2000-7f6a042e2000 rw-p 00000000 00:00 0 
7f6a042e2000-7f6a042e5000 ---p 00000000 00:00 0 
7f6a042e5000-7f6a045e3000 rw-p 00000000 00:00 0 
7f6a045e3000-7f6a045f4000 r-xp 00000000 08:01 4598305                    /usr/lib/jvm/java-8-oracle/jre/lib/amd64/libnio.so
7f6a045f4000-7f6a047f3000 ---p 00011000 08:01 4598305                    /usr/lib/jvm/java-8-oracle/jre/lib/amd64/libnio.so
7f6a047f3000-7f6a047f4000 r--p 00010000 08:01 4598305                    /usr/lib/jvm/java-8-oracle/jre/lib/amd64/libnio.so
7f6a047f4000-7f6a047f5000 rw-p 00011000 08:01 4598305                    /usr/lib/jvm/java-8-oracle/jre/lib/amd64/libnio.so
7f6a047f5000-7f6a049f5000 rw-p 00000000 00:00 0 
7f6a049f5000-7f6a04bf5000 rw-p 00000000 00:00 0 
7f6a04bf5000-7f6a04df5000 rw-p 00000000 00:00 0 
7f6a04df5000-7f6a04dfe000 r-xp 00000000 08:01 4598310                    /usr/lib/jvm/java-8-oracle/jre/lib/amd64/libmanagement.so
7f6a04dfe000-7f6a04ffd000 ---p 00009000 08:01 4598310                    /usr/lib/jvm/java-8-oracle/jre/lib/amd64/libmanagement.so
7f6a04ffd000-7f6a04ffe000 r--p 00008000 08:01 4598310                    /usr/lib/jvm/java-8-oracle/jre/lib/amd64/libmanagement.so
7f6a04ffe000-7f6a04fff000 rw-p 00009000 08:01 4598310                    /usr/lib/jvm/java-8-oracle/jre/lib/amd64/libmanagement.so
7f6a04fff000-7f6a08000000 rw-p 00000000 00:00 0 
7f6a08000000-7f6a08021000 rw-p 00000000 00:00 0 
7f6a08021000-7f6a0c000000 ---p 00000000 00:00 0 
7f6a0c0a0000-7f6a10000000 rw-p 00000000 00:00 0 
7f6a10000000-7f6a10021000 rw-p 00000000 00:00 0 
7f6a10021000-7f6a14000000 ---p 00000000 00:00 0 
7f6a14092000-7f6a14097000 r--s 002f9000 08:01 4331039                    /usr/lib/jvm/java-8-oracle/jre/lib/charsets.jar
7f6a14097000-7f6a1409a000 r--s 0001a000 08:01 4331052                    /usr/lib/jvm/java-8-oracle/jre/lib/jce.jar
7f6a1409a000-7f6a1409e000 r--s 000a1000 08:01 4331046                    /usr/lib/jvm/java-8-oracle/jre/lib/jsse.jar
7f6a1409e000-7f6a140a1000 ---p 00000000 00:00 0 
7f6a140a1000-7f6a1419f000 rw-p 00000000 00:00 0 
7f6a1419f000-7f6a14235000 r--s 0110e000 08:01 4460224                    /usr/lib/jvm/java-8-oracle/jre/lib/ext/jfxrt.jar
7f6a14235000-7f6a14435000 rw-p 00000000 00:00 0 
7f6a14435000-7f6a14438000 ---p 00000000 00:00 0 
7f6a14438000-7f6a14536000 rw-p 00000000 00:00 0 
7f6a14536000-7f6a14539000 ---p 00000000 00:00 0 
7f6a14539000-7f6a14637000 rw-p 00000000 00:00 0 
7f6a14637000-7f6a1463a000 ---p 00000000 00:00 0 
7f6a1463a000-7f6a14738000 rw-p 00000000 00:00 0 
7f6a14738000-7f6a14739000 ---p 00000000 00:00 0 
7f6a14739000-7f6a14839000 rw-p 00000000 00:00 0 
7f6a14839000-7f6a1483c000 ---p 00000000 00:00 0 
7f6a1483c000-7f6a1493a000 rw-p 00000000 00:00 0 
7f6a1493a000-7f6a1493d000 ---p 00000000 00:00 0 
7f6a1493d000-7f6a14a3b000 rw-p 00000000 00:00 0 
7f6a14a3b000-7f6a14a3e000 ---p 00000000 00:00 0 
7f6a14a3e000-7f6a14b3c000 rw-p 00000000 00:00 0 
7f6a14b3c000-7f6a14b52000 r-xp 00000000 08:01 4598302                    /usr/lib/jvm/java-8-oracle/jre/lib/amd64/libnet.so
7f6a14b52000-7f6a14d52000 ---p 00016000 08:01 4598302                    /usr/lib/jvm/java-8-oracle/jre/lib/amd64/libnet.so
7f6a14d52000-7f6a14d53000 r--p 00016000 08:01 4598302                    /usr/lib/jvm/java-8-oracle/jre/lib/amd64/libnet.so
7f6a14d53000-7f6a14d54000 rw-p 00017000 08:01 4598302                    /usr/lib/jvm/java-8-oracle/jre/lib/amd64/libnet.so
7f6a14d54000-7f6a14d57000 ---p 00000000 00:00 0 
7f6a14d57000-7f6a14e55000 rw-p 00000000 00:00 0 
7f6a14e55000-7f6a14e58000 ---p 00000000 00:00 0 
7f6a14e58000-7f6a14f56000 rw-p 00000000 00:00 0 
7f6a14f56000-7f6a14f58000 r--s 0001b000 08:01 8522242                    /home/webwerks/Downloads/idea-IC-192.6817.14/lib/idea_rt.jar
7f6a14f58000-7f6a14f59000 r--s 00005000 08:01 9175341                    /home/webwerks/.m2/repository/org/springframework/spring-jcl/5.1.10.RELEASE/spring-jcl-5.1.10.RELEASE.jar
7f6a14f59000-7f6a14f72000 r--s 00125000 08:01 9175316                    /home/webwerks/.m2/repository/org/springframework/spring-core/5.1.10.RELEASE/spring-core-5.1.10.RELEASE.jar
7f6a14f72000-7f6a14f74000 r--s 0000e000 08:01 9047425                    /home/webwerks/.m2/repository/javax/activation/activation/1.1/activation-1.1.jar
7f6a14f74000-7f6a14f7c000 r--s 00078000 08:01 9047416                    /home/webwerks/.m2/repository/javax/mail/mail/1.4.7/mail-1.4.7.jar
7f6a14f7c000-7f6a14f7f000 r--s 0000e000 08:01 9307159                    /home/webwerks/.m2/repository/com/sun/activation/jakarta.activation/1.2.1/jakarta.activation-1.2.1.jar
7f6a14f7f000-7f6a14f88000 r--s 00099000 08:01 9307157                    /home/webwerks/.m2/repository/com/sun/mail/jakarta.mail/1.6.4/jakarta.mail-1.6.4.jar
7f6a14f88000-7f6a14f8d000 r--s 00028000 08:01 8654319                    /home/webwerks/.m2/repository/org/springframework/spring-context-support/5.1.10.RELEASE/spring-context-support-5.1.10.RELEASE.jar
7f6a14f8d000-7f6a14f8e000 r--s 00000000 08:01 9178411                    /home/webwerks/.m2/repository/org/springframework/boot/spring-boot-starter-mail/2.2.0.RELEASE/spring-boot-starter-mail-2.2.0.RELEASE.jar
7f6a14f8e000-7f6a14fa5000 r--s 00198000 08:01 9175362                    /home/webwerks/.m2/repository/org/projectlombok/lombok/1.18.10/lombok-1.18.10.jar
7f6a14fa5000-7f6a14fb8000 r--s 00201000 08:01 9175356                    /home/webwerks/.m2/repository/com/h2database/h2/1.4.199/h2-1.4.199.jar
7f6a14fb8000-7f6a14fdc000 r--s 00113000 08:01 9175363                    /home/webwerks/.m2/repository/org/springframework/boot/spring-boot-autoconfigure/2.1.9.RELEASE/spring-boot-autoconfigure-2.1.9.RELEASE.jar
7f6a14fdc000-7f6a14ff1000 r--s 000d5000 08:01 9175331                    /home/webwerks/.m2/repository/org/springframework/boot/spring-boot/2.1.9.RELEASE/spring-boot-2.1.9.RELEASE.jar
7f6a14ff1000-7f6a14ff7000 r--s 0002e000 08:01 9175354                    /home/webwerks/.m2/repository/org/springframework/boot/spring-boot-devtools/2.1.9.RELEASE/spring-boot-devtools-2.1.9.RELEASE.jar
7f6a14ff7000-7f6a1500f000 r--s 0021f000 08:01 8654352                    /home/webwerks/.m2/repository/mysql/mysql-connector-java/8.0.17/mysql-connector-java-8.0.17.jar
7f6a1500f000-7f6a1501e000 r--s 000b5000 08:01 9175317                    /home/webwerks/.m2/repository/org/springframework/spring-webmvc/5.1.10.RELEASE/spring-webmvc-5.1.10.RELEASE.jar
7f6a1501e000-7f6a1503a000 r--s 00138000 08:01 9175324                    /home/webwerks/.m2/repository/org/springframework/spring-web/5.1.10.RELEASE/spring-web-5.1.10.RELEASE.jar
7f6a1503a000-7f6a1503f000 r--s 00012000 08:01 8651786                    /home/webwerks/.m2/repository/javax/validation/validation-api/2.0.1.Final/validation-api-2.0.1.Final.jar
7f6a1503f000-7f6a1505c000 r--s 000fe000 08:01 9175344                    /home/webwerks/.m2/repository/org/hibernate/validator/hibernate-validator/6.0.17.Final/hibernate-validator-6.0.17.Final.jar
7f6a1505c000-7f6a15061000 r--s 0003c000 08:01 9175332                    /home/webwerks/.m2/repository/org/apache/tomcat/embed/tomcat-embed-websocket/9.0.26/tomcat-embed-websocket-9.0.26.jar
7f6a15061000-7f6a15066000 r--s 00039000 08:01 9175330                    /home/webwerks/.m2/repository/org/apache/tomcat/embed/tomcat-embed-el/9.0.26/tomcat-embed-el-9.0.26.jar
7f6a15066000-7f6a15092000 r--s 0030a000 08:01 9175337                    /home/webwerks/.m2/repository/org/apache/tomcat/embed/tomcat-embed-core/9.0.26/tomcat-embed-core-9.0.26.jar
7f6a15092000-7f6a15093000 r--s 00000000 08:01 9175334                    /home/webwerks/.m2/repository/org/springframework/boot/spring-boot-starter-tomcat/2.1.9.RELEASE/spring-boot-starter-tomcat-2.1.9.RELEASE.jar
7f6a15093000-7f6a15095000 r--s 00001000 08:01 9175338                    /home/webwerks/.m2/repository/com/fasterxml/jackson/module/jackson-module-parameter-names/2.9.9/jackson-module-parameter-names-2.9.9.jar
7f6a15095000-7f6a15098000 r--s 00016000 08:01 9175309                    /home/webwerks/.m2/repository/com/fasterxml/jackson/datatype/jackson-datatype-jsr310/2.9.9/jackson-datatype-jsr310-2.9.9.jar
7f6a15098000-7f6a1509a000 r--s 00007000 08:01 9175333                    /home/webwerks/.m2/repository/com/fasterxml/jackson/datatype/jackson-datatype-jdk8/2.9.9/jackson-datatype-jdk8-2.9.9.jar
7f6a1509a000-7f6a1509e000 r--s 0004c000 08:01 9175305                    /home/webwerks/.m2/repository/com/fasterxml/jackson/core/jackson-core/2.9.9/jackson-core-2.9.9.jar
7f6a1509e000-7f6a150a1000 r--s 0000e000 08:01 8651766                    /home/webwerks/.m2/repository/com/fasterxml/jackson/core/jackson-annotations/2.9.0/jackson-annotations-2.9.0.jar
7f6a150a1000-7f6a150b4000 r--s 00137000 08:01 9175336                    /home/webwerks/.m2/repository/com/fasterxml/jackson/core/jackson-databind/2.9.9.3/jackson-databind-2.9.9.3.jar
7f6a150b4000-7f6a150b5000 r--s 00000000 08:01 9175320                    /home/webwerks/.m2/repository/org/springframework/boot/spring-boot-starter-json/2.1.9.RELEASE/spring-boot-starter-json-2.1.9.RELEASE.jar
7f6a150b5000-7f6a150b6000 r--s 00000000 08:01 9175327                    /home/webwerks/.m2/repository/org/springframework/boot/spring-boot-starter-web/2.1.9.RELEASE/spring-boot-starter-web-2.1.9.RELEASE.jar
7f6a150b6000-7f6a150b7000 r--s 00009000 08:01 9175289                    /home/webwerks/.m2/repository/org/thymeleaf/extras/thymeleaf-extras-java8time/3.0.4.RELEASE/thymeleaf-extras-java8time-3.0.4.RELEASE.jar
7f6a150b7000-7f6a150ba000 r--s 00028000 08:01 8782468                    /home/webwerks/.m2/repository/org/unbescape/unbescape/1.1.6.RELEASE/unbescape-1.1.6.RELEASE.jar
7f6a150ba000-7f6a150bf000 r--s 00037000 08:01 8782466                    /home/webwerks/.m2/repository/org/attoparser/attoparser/2.0.5.RELEASE/attoparser-2.0.5.RELEASE.jar
7f6a150bf000-7f6a150cf000 r--s 000c5000 08:01 8782464                    /home/webwerks/.m2/repository/org/thymeleaf/thymeleaf/3.0.11.RELEASE/thymeleaf-3.0.11.RELEASE.jar
7f6a150cf000-7f6a150d4000 r--s 00027000 08:01 8782462                    /home/webwerks/.m2/repository/org/thymeleaf/thymeleaf-spring5/3.0.11.RELEASE/thymeleaf-spring5-3.0.11.RELEASE.jar
7f6a150d4000-7f6a150d5000 r--s 00000000 08:01 9175284                    /home/webwerks/.m2/repository/org/springframework/boot/spring-boot-starter-thymeleaf/2.1.9.RELEASE/spring-boot-starter-thymeleaf-2.1.9.RELEASE.jar
7f6a150d5000-7f6a150da000 r--s 00040000 08:01 9175315                    /home/webwerks/.m2/repository/org/springframework/spring-expression/5.1.10.RELEASE/spring-expression-5.1.10.RELEASE.jar
7f6a150da000-7f6a150e9000 r--s 00075000 08:01 9047388                    /home/webwerks/.m2/repository/org/springframework/security/spring-security-web/5.1.6.RELEASE/spring-security-web-5.1.6.RELEASE.jar
7f6a150e9000-7f6a150f5000 r--s 0005e000 08:01 9047390                    /home/webwerks/.m2/repository/org/springframework/security/spring-security-core/5.1.6.RELEASE/spring-security-core-5.1.6.RELEASE.jar
7f6a150f5000-7f6a15102000 r--s 000b1000 08:01 9047386                    /home/webwerks/.m2/repository/org/springframework/security/spring-security-config/5.1.6.RELEASE/spring-security-config-5.1.6.RELEASE.jar
7f6a15102000-7f6a1510b000 r--s 00052000 08:01 9175352                    /home/webwerks/.m2/repository/org/springframework/spring-aop/5.1.10.RELEASE/spring-aop-5.1.10.RELEASE.jar
7f6a1510b000-7f6a15112000 r--s 00043000 08:01 8651754                    /home/webwerks/.m2/repository/org/yaml/snakeyaml/1.23/snakeyaml-1.23.jar
7f6a15112000-7f6a15114000 r--s 00005000 08:01 8651752                    /home/webwerks/.m2/repository/javax/annotation/javax.annotation-api/1.3.2/javax.annotation-api-1.3.2.jar
7f6a15114000-7f6a15116000 r--s 00000000 08:01 9175299                    /home/webwerks/.m2/repository/org/slf4j/jul-to-slf4j/1.7.28/jul-to-slf4j-1.7.28.jar
7f6a15116000-7f6a1511c000 r--s 0003c000 08:01 8784648                    /home/webwerks/.m2/repository/org/apache/logging/log4j/log4j-api/2.11.2/log4j-api-2.11.2.jar
7f6a1511c000-7f6a1511e000 r--s 00003000 08:01 8784646                    /home/webwerks/.m2/repository/org/apache/logging/log4j/log4j-to-slf4j/2.11.2/log4j-to-slf4j-2.11.2.jar
7f6a1511e000-7f6a15129000 r--s 00069000 08:01 8651746                    /home/webwerks/.m2/repository/ch/qos/logback/logback-core/1.2.3/logback-core-1.2.3.jar
7f6a15129000-7f6a1512f000 r--s 00041000 08:01 8651744                    /home/webwerks/.m2/repository/ch/qos/logback/logback-classic/1.2.3/logback-classic-1.2.3.jar
7f6a1512f000-7f6a15130000 r--s 00000000 08:01 9175306                    /home/webwerks/.m2/repository/org/springframework/boot/spring-boot-starter-logging/2.1.9.RELEASE/spring-boot-starter-logging-2.1.9.RELEASE.jar
7f6a15130000-7f6a15131000 r--s 00000000 08:01 9175319                    /home/webwerks/.m2/repository/org/springframework/boot/spring-boot-starter/2.1.9.RELEASE/spring-boot-starter-2.1.9.RELEASE.jar
7f6a15131000-7f6a15132000 r--s 00000000 08:01 9177839                    /home/webwerks/.m2/repository/org/springframework/boot/spring-boot-starter-security/2.1.9.RELEASE/spring-boot-starter-security-2.1.9.RELEASE.jar
7f6a15132000-7f6a15134000 r--s 0000a000 08:01 8654223                    /home/webwerks/.m2/repository/org/springframework/spring-aspects/5.1.10.RELEASE/spring-aspects-5.1.10.RELEASE.jar
7f6a15134000-7f6a15136000 r--s 00009000 08:01 9175374                    /home/webwerks/.m2/repository/org/slf4j/slf4j-api/1.7.28/slf4j-api-1.7.28.jar
7f6a15136000-7f6a15142000 r--s 00099000 08:01 9175323                    /home/webwerks/.m2/repository/org/springframework/spring-beans/5.1.10.RELEASE/spring-beans-5.1.10.RELEASE.jar
7f6a15142000-7f6a1514a000 r--s 00037000 08:01 8654091                    /home/webwerks/.m2/repository/org/springframework/spring-tx/5.1.10.RELEASE/spring-tx-5.1.10.RELEASE.jar
7f6a1514a000-7f6a15164000 r--s 000f4000 08:01 9175366                    /home/webwerks/.m2/repository/org/springframework/spring-context/5.1.10.RELEASE/spring-context-5.1.10.RELEASE.jar
7f6a15164000-7f6a15168000 r--s 0002d000 08:01 8654089                    /home/webwerks/.m2/repository/org/springframework/spring-orm/5.1.10.RELEASE/spring-orm-5.1.10.RELEASE.jar
7f6a15168000-7f6a15181000 r--s 00107000 08:01 8654222                    /home/webwerks/.m2/repository/org/springframework/data/spring-data-commons/2.1.11.RELEASE/spring-data-commons-2.1.11.RELEASE.jar
7f6a15181000-7f6a1518a000 r--s 00050000 08:01 8654216                    /home/webwerks/.m2/repository/org/springframework/data/spring-data-jpa/2.1.11.RELEASE/spring-data-jpa-2.1.11.RELEASE.jar
7f6a1518a000-7f6a15190000 r--s 00047000 08:01 9177108                    /home/webwerks/.m2/repository/com/sun/xml/fastinfoset/FastInfoset/1.2.15/FastInfoset-1.2.15.jar
7f6a15190000-7f6a15191000 r--s 00008000 08:01 9177129                    /home/webwerks/.m2/repository/org/jvnet/staxex/stax-ex/1.8/stax-ex-1.8.jar
7f6a15191000-7f6a15193000 r--s 00005000 08:01 9177128                    /home/webwerks/.m2/repository/com/sun/istack/istack-commons-runtime/3.0.7/istack-commons-runtime-3.0.7.jar
7f6a15193000-7f6a15196000 r--s 0000f000 08:01 9177127                    /home/webwerks/.m2/repository/org/glassfish/jaxb/txw2/2.3.1/txw2-2.3.1.jar
7f6a15196000-7f6a151aa000 r--s 000f7000 08:01 9177114                    /home/webwerks/.m2/repository/org/glassfish/jaxb/jaxb-runtime/2.3.1/jaxb-runtime-2.3.1.jar
7f6a151aa000-7f6a151ad000 r--s 00010000 08:01 8651720                    /home/webwerks/.m2/repository/org/hibernate/common/hibernate-commons-annotations/5.0.4.Final/hibernate-commons-annotations-5.0.4.Final.jar
7f6a151ad000-7f6a151b2000 r--s 0004b000 08:01 8651718                    /home/webwerks/.m2/repository/org/dom4j/dom4j/2.1.1/dom4j-2.1.1.jar
7f6a151b2000-7f6a151b4000 r--s 0000f000 08:01 8651716                    /home/webwerks/.m2/repository/com/fasterxml/classmate/1.4.0/classmate-1.4.0.jar
7f6a151b4000-7f6a151b7000 r--s 0002b000 08:01 8651714                    /home/webwerks/.m2/repository/org/jboss/jandex/2.0.5.Final/jandex-2.0.5.Final.jar
7f6a151b7000-7f6a151bc000 r--s 00068000 08:01 8651712                    /home/webwerks/.m2/repository/antlr/antlr/2.7.7/antlr-2.7.7.jar
7f6a151bc000-7f6a15204000 r--s 002de000 08:01 9175376                    /home/webwerks/.m2/repository/net/bytebuddy/byte-buddy/1.9.16/byte-buddy-1.9.16.jar
7f6a15204000-7f6a1520f000 r--s 000b2000 08:01 9177494                    /home/webwerks/.m2/repository/org/javassist/javassist/3.23.2-GA/javassist-3.23.2-GA.jar
7f6a1520f000-7f6a15215000 r--s 00023000 08:01 8651706                    /home/webwerks/.m2/repository/javax/persistence/javax.persistence-api/2.2/javax.persistence-api-2.2.jar
7f6a15215000-7f6a15217000 r--s 0000f000 08:01 9175343                    /home/webwerks/.m2/repository/org/jboss/logging/jboss-logging/3.3.3.Final/jboss-logging-3.3.3.Final.jar
7f6a15217000-7f6a15299000 r--s 0062c000 08:01 9177495                    /home/webwerks/.m2/repository/org/hibernate/hibernate-core/5.3.12.Final/hibernate-core-5.3.12.Final.jar
7f6a15299000-7f6a1529b000 r--s 0000c000 08:01 8651700                    /home/webwerks/.m2/repository/javax/activation/javax.activation-api/1.2.0/javax.activation-api-1.2.0.jar
7f6a1529b000-7f6a1529f000 r--s 0001c000 08:01 8651698                    /home/webwerks/.m2/repository/javax/xml/bind/jaxb-api/2.3.1/jaxb-api-2.3.1.jar
7f6a1529f000-7f6a152a0000 r--s 00006000 08:01 8651696                    /home/webwerks/.m2/repository/javax/transaction/javax.transaction-api/1.3/javax.transaction-api-1.3.jar
7f6a152a0000-7f6a152a9000 r--s 0005a000 08:01 8654093                    /home/webwerks/.m2/repository/org/springframework/spring-jdbc/5.1.10.RELEASE/spring-jdbc-5.1.10.RELEASE.jar
7f6a152a9000-7f6a152c2000 r--s 001da000 08:01 8654213                    /home/webwerks/.m2/repository/org/aspectj/aspectjweaver/1.9.4/aspectjweaver-1.9.4.jar
7f6a152c2000-7f6a152d5000 r--s 00345000 08:01 4331045                    /usr/lib/jvm/java-8-oracle/jre/lib/resources.jar
7f6a152d5000-7f6a152d8000 ---p 00000000 00:00 0 
7f6a152d8000-7f6a153d6000 rw-p 00000000 00:00 0 
7f6a153d6000-7f6a156ae000 r--p 00000000 08:01 4064725                    /usr/lib/locale/locale-archive
7f6a156ae000-7f6a156b1000 ---p 00000000 00:00 0 
7f6a156b1000-7f6a157af000 rw-p 00000000 00:00 0 
7f6a157af000-7f6a157b2000 ---p 00000000 00:00 0 
7f6a157b2000-7f6a158b0000 rw-p 00000000 00:00 0 
7f6a158b0000-7f6a158b1000 ---p 00000000 00:00 0 
7f6a158b1000-7f6a168c0000 rw-p 00000000 00:00 0 
7f6a168c0000-7f6a16a9a000 r--s 03d6f000 08:01 4331041                    /usr/lib/jvm/java-8-oracle/jre/lib/rt.jar
7f6a16a9a000-7f6a17670000 rw-p 00000000 00:00 0 
7f6a17670000-7f6a17671000 ---p 00000000 00:00 0 
7f6a17671000-7f6a17771000 rw-p 00000000 00:00 0 
7f6a17771000-7f6a17772000 ---p 00000000 00:00 0 
7f6a17772000-7f6a17872000 rw-p 00000000 00:00 0 
7f6a17872000-7f6a17873000 ---p 00000000 00:00 0 
7f6a17873000-7f6a17999000 rw-p 00000000 00:00 0 
7f6a17999000-7f6a17c02000 ---p 00000000 00:00 0 
7f6a17c02000-7f6a17c28000 rw-p 00000000 00:00 0 
7f6a17c28000-7f6a17e90000 ---p 00000000 00:00 0 
7f6a17e90000-7f6a17f67000 rw-p 00000000 00:00 0 
7f6a17f67000-7f6a17fd8000 ---p 00000000 00:00 0 
7f6a17fd8000-7f6a1801e000 rw-p 00000000 00:00 0 
7f6a1801e000-7f6a18399000 ---p 00000000 00:00 0 
7f6a18399000-7f6a194a9000 rwxp 00000000 00:00 0 
7f6a194a9000-7f6a27399000 ---p 00000000 00:00 0 
7f6a27399000-7f6a273b4000 r-xp 00000000 08:01 4598298                    /usr/lib/jvm/java-8-oracle/jre/lib/amd64/libzip.so
7f6a273b4000-7f6a275b3000 ---p 0001b000 08:01 4598298                    /usr/lib/jvm/java-8-oracle/jre/lib/amd64/libzip.so
7f6a275b3000-7f6a275b4000 r--p 0001a000 08:01 4598298                    /usr/lib/jvm/java-8-oracle/jre/lib/amd64/libzip.so
7f6a275b4000-7f6a275b5000 rw-p 0001b000 08:01 4598298                    /usr/lib/jvm/java-8-oracle/jre/lib/amd64/libzip.so
7f6a275b5000-7f6a275c0000 r-xp 00000000 08:01 12058878                   /lib/x86_64-linux-gnu/libnss_files-2.23.so
7f6a275c0000-7f6a277bf000 ---p 0000b000 08:01 12058878                   /lib/x86_64-linux-gnu/libnss_files-2.23.so
7f6a277bf000-7f6a277c0000 r--p 0000a000 08:01 12058878                   /lib/x86_64-linux-gnu/libnss_files-2.23.so
7f6a277c0000-7f6a277c1000 rw-p 0000b000 08:01 12058878                   /lib/x86_64-linux-gnu/libnss_files-2.23.so
7f6a277c1000-7f6a277c7000 rw-p 00000000 00:00 0 
7f6a277c7000-7f6a277d2000 r-xp 00000000 08:01 12058871                   /lib/x86_64-linux-gnu/libnss_nis-2.23.so
7f6a277d2000-7f6a279d1000 ---p 0000b000 08:01 12058871                   /lib/x86_64-linux-gnu/libnss_nis-2.23.so
7f6a279d1000-7f6a279d2000 r--p 0000a000 08:01 12058871                   /lib/x86_64-linux-gnu/libnss_nis-2.23.so
7f6a279d2000-7f6a279d3000 rw-p 0000b000 08:01 12058871                   /lib/x86_64-linux-gnu/libnss_nis-2.23.so
7f6a279d3000-7f6a279e9000 r-xp 00000000 08:01 12058876                   /lib/x86_64-linux-gnu/libnsl-2.23.so
7f6a279e9000-7f6a27be8000 ---p 00016000 08:01 12058876                   /lib/x86_64-linux-gnu/libnsl-2.23.so
7f6a27be8000-7f6a27be9000 r--p 00015000 08:01 12058876                   /lib/x86_64-linux-gnu/libnsl-2.23.so
7f6a27be9000-7f6a27bea000 rw-p 00016000 08:01 12058876                   /lib/x86_64-linux-gnu/libnsl-2.23.so
7f6a27bea000-7f6a27bec000 rw-p 00000000 00:00 0 
7f6a27bec000-7f6a27bf4000 r-xp 00000000 08:01 12058882                   /lib/x86_64-linux-gnu/libnss_compat-2.23.so
7f6a27bf4000-7f6a27df3000 ---p 00008000 08:01 12058882                   /lib/x86_64-linux-gnu/libnss_compat-2.23.so
7f6a27df3000-7f6a27df4000 r--p 00007000 08:01 12058882                   /lib/x86_64-linux-gnu/libnss_compat-2.23.so
7f6a27df4000-7f6a27df5000 rw-p 00008000 08:01 12058882                   /lib/x86_64-linux-gnu/libnss_compat-2.23.so
7f6a27df5000-7f6a27dff000 r-xp 00000000 08:01 4598307                    /usr/lib/jvm/java-8-oracle/jre/lib/amd64/libinstrument.so
7f6a27dff000-7f6a27ffe000 ---p 0000a000 08:01 4598307                    /usr/lib/jvm/java-8-oracle/jre/lib/amd64/libinstrument.so
7f6a27ffe000-7f6a27fff000 r--p 00009000 08:01 4598307                    /usr/lib/jvm/java-8-oracle/jre/lib/amd64/libinstrument.so
7f6a27fff000-7f6a28000000 rw-p 0000a000 08:01 4598307                    /usr/lib/jvm/java-8-oracle/jre/lib/amd64/libinstrument.so
7f6a28000000-7f6a2891a000 rw-p 00000000 00:00 0 
7f6a2891a000-7f6a2c000000 ---p 00000000 00:00 0 
7f6a2c000000-7f6a2c004000 r--s 00020000 08:01 8651756                    /home/webwerks/.m2/repository/com/zaxxer/HikariCP/3.2.0/HikariCP-3.2.0.jar
7f6a2c004000-7f6a2c005000 r--s 00000000 08:01 8654215                    /home/webwerks/.m2/repository/org/springframework/boot/spring-boot-starter-jdbc/2.1.9.RELEASE/spring-boot-starter-jdbc-2.1.9.RELEASE.jar
7f6a2c005000-7f6a2c006000 r--s 00000000 08:01 8654217                    /home/webwerks/.m2/repository/org/springframework/boot/spring-boot-starter-aop/2.1.9.RELEASE/spring-boot-starter-aop-2.1.9.RELEASE.jar
7f6a2c006000-7f6a2c007000 r--s 00000000 08:01 8654211                    /home/webwerks/.m2/repository/org/springframework/boot/spring-boot-starter-data-jpa/2.1.9.RELEASE/spring-boot-starter-data-jpa-2.1.9.RELEASE.jar
7f6a2c007000-7f6a2c01a000 r--s 000d6000 08:01 4331007                    /usr/lib/jvm/java-8-oracle/jre/lib/plugin.jar
7f6a2c01a000-7f6a2c035000 r--s 0020c000 08:01 4330983                    /usr/lib/jvm/java-8-oracle/jre/lib/deploy.jar
7f6a2c035000-7f6a2c0ab000 rw-p 00000000 00:00 0 
7f6a2c0ab000-7f6a2c0ac000 ---p 00000000 00:00 0 
7f6a2c0ac000-7f6a2c1ac000 rw-p 00000000 00:00 0 
7f6a2c1ac000-7f6a2c1d8000 r-xp 00000000 08:01 4598292                    /usr/lib/jvm/java-8-oracle/jre/lib/amd64/libjava.so
7f6a2c1d8000-7f6a2c3d8000 ---p 0002c000 08:01 4598292                    /usr/lib/jvm/java-8-oracle/jre/lib/amd64/libjava.so
7f6a2c3d8000-7f6a2c3d9000 r--p 0002c000 08:01 4598292                    /usr/lib/jvm/java-8-oracle/jre/lib/amd64/libjava.so
7f6a2c3d9000-7f6a2c3db000 rw-p 0002d000 08:01 4598292                    /usr/lib/jvm/java-8-oracle/jre/lib/amd64/libjava.so
7f6a2c3db000-7f6a2c3e8000 r-xp 00000000 08:01 4598297                    /usr/lib/jvm/java-8-oracle/jre/lib/amd64/libverify.so
7f6a2c3e8000-7f6a2c5e7000 ---p 0000d000 08:01 4598297                    /usr/lib/jvm/java-8-oracle/jre/lib/amd64/libverify.so
7f6a2c5e7000-7f6a2c5e9000 r--p 0000c000 08:01 4598297                    /usr/lib/jvm/java-8-oracle/jre/lib/amd64/libverify.so
7f6a2c5e9000-7f6a2c5ea000 rw-p 0000e000 08:01 4598297                    /usr/lib/jvm/java-8-oracle/jre/lib/amd64/libverify.so
7f6a2c5ea000-7f6a2c5f1000 r-xp 00000000 08:01 12058864                   /lib/x86_64-linux-gnu/librt-2.23.so
7f6a2c5f1000-7f6a2c7f0000 ---p 00007000 08:01 12058864                   /lib/x86_64-linux-gnu/librt-2.23.so
7f6a2c7f0000-7f6a2c7f1000 r--p 00006000 08:01 12058864                   /lib/x86_64-linux-gnu/librt-2.23.so
7f6a2c7f1000-7f6a2c7f2000 rw-p 00007000 08:01 12058864                   /lib/x86_64-linux-gnu/librt-2.23.so
7f6a2c7f2000-7f6a2c8fa000 r-xp 00000000 08:01 12058884                   /lib/x86_64-linux-gnu/libm-2.23.so
7f6a2c8fa000-7f6a2caf9000 ---p 00108000 08:01 12058884                   /lib/x86_64-linux-gnu/libm-2.23.so
7f6a2caf9000-7f6a2cafa000 r--p 00107000 08:01 12058884                   /lib/x86_64-linux-gnu/libm-2.23.so
7f6a2cafa000-7f6a2cafb000 rw-p 00108000 08:01 12058884                   /lib/x86_64-linux-gnu/libm-2.23.so
7f6a2cafb000-7f6a2d7e3000 r-xp 00000000 08:01 4598274                    /usr/lib/jvm/java-8-oracle/jre/lib/amd64/server/libjvm.so
7f6a2d7e3000-7f6a2d9e2000 ---p 00ce8000 08:01 4598274                    /usr/lib/jvm/java-8-oracle/jre/lib/amd64/server/libjvm.so
7f6a2d9e2000-7f6a2da78000 r--p 00ce7000 08:01 4598274                    /usr/lib/jvm/java-8-oracle/jre/lib/amd64/server/libjvm.so
7f6a2da78000-7f6a2daa9000 rw-p 00d7d000 08:01 4598274                    /usr/lib/jvm/java-8-oracle/jre/lib/amd64/server/libjvm.so
7f6a2daa9000-7f6a2dae4000 rw-p 00000000 00:00 0 
7f6a2dae4000-7f6a2dca4000 r-xp 00000000 08:01 12058881                   /lib/x86_64-linux-gnu/libc-2.23.so
7f6a2dca4000-7f6a2dea4000 ---p 001c0000 08:01 12058881                   /lib/x86_64-linux-gnu/libc-2.23.so
7f6a2dea4000-7f6a2dea8000 r--p 001c0000 08:01 12058881                   /lib/x86_64-linux-gnu/libc-2.23.so
7f6a2dea8000-7f6a2deaa000 rw-p 001c4000 08:01 12058881                   /lib/x86_64-linux-gnu/libc-2.23.so
7f6a2deaa000-7f6a2deae000 rw-p 00000000 00:00 0 
7f6a2deae000-7f6a2deb1000 r-xp 00000000 08:01 12058866                   /lib/x86_64-linux-gnu/libdl-2.23.so
7f6a2deb1000-7f6a2e0b0000 ---p 00003000 08:01 12058866                   /lib/x86_64-linux-gnu/libdl-2.23.so
7f6a2e0b0000-7f6a2e0b1000 r--p 00002000 08:01 12058866                   /lib/x86_64-linux-gnu/libdl-2.23.so
7f6a2e0b1000-7f6a2e0b2000 rw-p 00003000 08:01 12058866                   /lib/x86_64-linux-gnu/libdl-2.23.so
7f6a2e0b2000-7f6a2e0c9000 r-xp 00000000 08:01 4330902                    /usr/lib/jvm/java-8-oracle/lib/amd64/jli/libjli.so
7f6a2e0c9000-7f6a2e2c8000 ---p 00017000 08:01 4330902                    /usr/lib/jvm/java-8-oracle/lib/amd64/jli/libjli.so
7f6a2e2c8000-7f6a2e2c9000 r--p 00016000 08:01 4330902                    /usr/lib/jvm/java-8-oracle/lib/amd64/jli/libjli.so
7f6a2e2c9000-7f6a2e2ca000 rw-p 00017000 08:01 4330902                    /usr/lib/jvm/java-8-oracle/lib/amd64/jli/libjli.so
7f6a2e2ca000-7f6a2e2e2000 r-xp 00000000 08:01 12058868                   /lib/x86_64-linux-gnu/libpthread-2.23.so
7f6a2e2e2000-7f6a2e4e1000 ---p 00018000 08:01 12058868                   /lib/x86_64-linux-gnu/libpthread-2.23.so
7f6a2e4e1000-7f6a2e4e2000 r--p 00017000 08:01 12058868                   /lib/x86_64-linux-gnu/libpthread-2.23.so
7f6a2e4e2000-7f6a2e4e3000 rw-p 00018000 08:01 12058868                   /lib/x86_64-linux-gnu/libpthread-2.23.so
7f6a2e4e3000-7f6a2e4e7000 rw-p 00000000 00:00 0 
7f6a2e4e7000-7f6a2e50d000 r-xp 00000000 08:01 12058867                   /lib/x86_64-linux-gnu/ld-2.23.so
7f6a2e50d000-7f6a2e50e000 r--s 00000000 08:01 4330989                    /usr/lib/jvm/java-8-oracle/jre/lib/management-agent.jar
7f6a2e50e000-7f6a2e512000 r--s 000a1000 08:01 4331046                    /usr/lib/jvm/java-8-oracle/jre/lib/jsse.jar
7f6a2e512000-7f6a2e514000 r--s 00007000 08:01 4331054                    /usr/lib/jvm/java-8-oracle/jre/lib/jfxswt.jar
7f6a2e514000-7f6a2e51e000 r--s 0006e000 08:01 4330992                    /usr/lib/jvm/java-8-oracle/jre/lib/javaws.jar
7f6a2e51e000-7f6a2e5ef000 rw-p 00000000 00:00 0 
7f6a2e5ef000-7f6a2e5f2000 ---p 00000000 00:00 0 
7f6a2e5f2000-7f6a2e6f5000 rw-p 00000000 00:00 0 
7f6a2e6f5000-7f6a2e6fa000 r--s 00084000 08:01 4330982                    /usr/lib/jvm/java-8-oracle/jre/lib/jfr.jar
7f6a2e6fa000-7f6a2e6fd000 r--s 0001a000 08:01 4331052                    /usr/lib/jvm/java-8-oracle/jre/lib/jce.jar
7f6a2e6fd000-7f6a2e702000 r--s 002f9000 08:01 4331039                    /usr/lib/jvm/java-8-oracle/jre/lib/charsets.jar
7f6a2e702000-7f6a2e70a000 rw-s 00000000 08:01 2359398                    /tmp/hsperfdata_webwerks/16876
7f6a2e70a000-7f6a2e70b000 rw-p 00000000 00:00 0 
7f6a2e70b000-7f6a2e70c000 r--p 00000000 00:00 0 
7f6a2e70c000-7f6a2e70d000 r--p 00025000 08:01 12058867                   /lib/x86_64-linux-gnu/ld-2.23.so
7f6a2e70d000-7f6a2e70e000 rw-p 00026000 08:01 12058867                   /lib/x86_64-linux-gnu/ld-2.23.so
7f6a2e70e000-7f6a2e70f000 rw-p 00000000 00:00 0 
7ffd078cf000-7ffd078f3000 rw-p 00000000 00:00 0                          [stack]
7ffd07993000-7ffd07995000 r--p 00000000 00:00 0                          [vvar]
7ffd07995000-7ffd07997000 r-xp 00000000 00:00 0                          [vdso]
ffffffffff600000-ffffffffff601000 r-xp 00000000 00:00 0                  [vsyscall]

VM Arguments:
jvm_args: -javaagent:/home/webwerks/Downloads/idea-IC-192.6817.14/lib/idea_rt.jar=44687:/home/webwerks/Downloads/idea-IC-192.6817.14/bin -Dfile.encoding=UTF-8 
java_command: neo.spring5.MeetingRoomBookingApplication
java_class_path (initial): /usr/lib/jvm/java-8-oracle/jre/lib/charsets.jar:/usr/lib/jvm/java-8-oracle/jre/lib/deploy.jar:/usr/lib/jvm/java-8-oracle/jre/lib/ext/cldrdata.jar:/usr/lib/jvm/java-8-oracle/jre/lib/ext/dnsns.jar:/usr/lib/jvm/java-8-oracle/jre/lib/ext/jaccess.jar:/usr/lib/jvm/java-8-oracle/jre/lib/ext/jfxrt.jar:/usr/lib/jvm/java-8-oracle/jre/lib/ext/localedata.jar:/usr/lib/jvm/java-8-oracle/jre/lib/ext/nashorn.jar:/usr/lib/jvm/java-8-oracle/jre/lib/ext/sunec.jar:/usr/lib/jvm/java-8-oracle/jre/lib/ext/sunjce_provider.jar:/usr/lib/jvm/java-8-oracle/jre/lib/ext/sunpkcs11.jar:/usr/lib/jvm/java-8-oracle/jre/lib/ext/zipfs.jar:/usr/lib/jvm/java-8-oracle/jre/lib/javaws.jar:/usr/lib/jvm/java-8-oracle/jre/lib/jce.jar:/usr/lib/jvm/java-8-oracle/jre/lib/jfr.jar:/usr/lib/jvm/java-8-oracle/jre/lib/jfxswt.jar:/usr/lib/jvm/java-8-oracle/jre/lib/jsse.jar:/usr/lib/jvm/java-8-oracle/jre/lib/management-agent.jar:/usr/lib/jvm/java-8-oracle/jre/lib/plugin.jar:/usr/lib/jvm/java-8-oracle/jre/lib/resources.jar:/usr/lib/jvm/java-8-oracle/jre/lib/rt.jar:/home/webwerks/Downloads/intelliJ projects/Meeting-Room-Booking/target/classes:/home/webwerks/.m2/repository/org/springframework/boot/spring-boot-starter-data-jpa/2.1.9.RELEASE/spring-boot-starter-data-jpa-2.1.9.RELEASE.jar:/home/webwerks/.m2/repository/org/springframework/boot/spring-boot-starter-aop/2.1.9.RELEASE/spring-boot-starter-aop-2.1.9.RELEASE.jar:/home/webwerks/.m2/repository/org/aspectj/aspectjweaver/1.9.4/aspectjweaver-1.9.4.jar:/home/webwerks/.m2/repository/org/springframework/boot/spring-boot-starter-jdbc/2.1.9.RELEASE/spring-boot-starter-jdbc-2.1.9.RELEASE.jar:/home/webwerks/.m2/repository/com/zaxxer/HikariCP/3.2.0/HikariCP-3.2.0.jar:/home/webwerks/.m2/repository/org/springframework/spring-jdbc/5.1.10.RELEASE/spring-jdbc-5.1.10.RELEASE.jar:/home/webwerks/.m2/repository/javax/transaction/javax.transaction-api/1.3/javax.transaction-api-1.3.jar:/home/webwerks/.m2/repository/javax/xml/bind/jaxb-api/2.3.1/jaxb-api-2.3.1.ja
Launcher Type: SUN_STANDARD

Environment Variables:
JAVA_HOME=/usr/lib/jvm/java-8-oracle
PATH=/home/webwerks/bin:/home/webwerks/.local/bin:/usr/local/sbin:/usr/local/bin:/usr/sbin:/usr/bin:/sbin:/bin:/usr/games:/usr/local/games:/snap/bin:/usr/lib/jvm/java-8-oracle/bin:/usr/lib/jvm/java-8-oracle/db/bin:/usr/lib/jvm/java-8-oracle/jre/bin
SHELL=/bin/bash
DISPLAY=:0

Signal Handlers:
SIGSEGV: [libjvm.so+0xad3e60], sa_mask[0]=11111111011111111101111111111110, sa_flags=SA_RESTART|SA_SIGINFO
SIGBUS: [libjvm.so+0xad3e60], sa_mask[0]=11111111011111111101111111111110, sa_flags=SA_RESTART|SA_SIGINFO
SIGFPE: [libjvm.so+0x90b880], sa_mask[0]=11111111011111111101111111111110, sa_flags=SA_RESTART|SA_SIGINFO
SIGPIPE: [libjvm.so+0x90b880], sa_mask[0]=11111111011111111101111111111110, sa_flags=SA_RESTART|SA_SIGINFO
SIGXFSZ: [libjvm.so+0x90b880], sa_mask[0]=11111111011111111101111111111110, sa_flags=SA_RESTART|SA_SIGINFO
SIGILL: [libjvm.so+0x90b880], sa_mask[0]=11111111011111111101111111111110, sa_flags=SA_RESTART|SA_SIGINFO
SIGUSR1: SIG_DFL, sa_mask[0]=00000000000000000000000000000000, sa_flags=none
SIGUSR2: [libjvm.so+0x90b750], sa_mask[0]=00100000000000000000000000000000, sa_flags=SA_RESTART|SA_SIGINFO
SIGHUP: [libjvm.so+0x90bd70], sa_mask[0]=11111111011111111101111111111110, sa_flags=SA_RESTART|SA_SIGINFO
SIGINT: [libjvm.so+0x90bd70], sa_mask[0]=11111111011111111101111111111110, sa_flags=SA_RESTART|SA_SIGINFO
SIGTERM: [libjvm.so+0x90bd70], sa_mask[0]=11111111011111111101111111111110, sa_flags=SA_RESTART|SA_SIGINFO
SIGQUIT: [libjvm.so+0x90bd70], sa_mask[0]=11111111011111111101111111111110, sa_flags=SA_RESTART|SA_SIGINFO


---------------  S Y S T E M  ---------------

OS:DISTRIB_ID=Ubuntu
DISTRIB_RELEASE=16.04
DISTRIB_CODENAME=xenial
DISTRIB_DESCRIPTION="Ubuntu 16.04.6 LTS"

uname:Linux 4.4.0-166-generic #195-Ubuntu SMP Tue Oct 1 09:35:25 UTC 2019 x86_64
libc:glibc 2.23 NPTL 2.23 
rlimit: STACK 8192k, CORE 0k, NPROC 31239, NOFILE 1048576, AS infinity
load average:0.48 0.22 0.21

/proc/meminfo:
MemTotal:        8041092 kB
MemFree:          614872 kB
MemAvailable:    3156180 kB
Buffers:          342880 kB
Cached:          2630044 kB
SwapCached:         2284 kB
Active:          5337208 kB
Inactive:        1658712 kB
Active(anon):    3631032 kB
Inactive(anon):   757848 kB
Active(file):    1706176 kB
Inactive(file):   900864 kB
Unevictable:         840 kB
Mlocked:             840 kB
SwapTotal:       4182012 kB
SwapFree:        4173608 kB
Dirty:              5716 kB
Writeback:             0 kB
AnonPages:       4021640 kB
Mapped:           690376 kB
Shmem:            365868 kB
Slab:             285012 kB
SReclaimable:     238128 kB
SUnreclaim:        46884 kB
KernelStack:       14128 kB
PageTables:        60316 kB
NFS_Unstable:          0 kB
Bounce:                0 kB
WritebackTmp:          0 kB
CommitLimit:     8202556 kB
Committed_AS:   10961820 kB
VmallocTotal:   34359738367 kB
VmallocUsed:           0 kB
VmallocChunk:          0 kB
HardwareCorrupted:     0 kB
AnonHugePages:         0 kB
CmaTotal:              0 kB
CmaFree:               0 kB
HugePages_Total:       0
HugePages_Free:        0
HugePages_Rsvd:        0
HugePages_Surp:        0
Hugepagesize:       2048 kB
DirectMap4k:      210332 kB
DirectMap2M:     6995968 kB
DirectMap1G:     2097152 kB

container (cgroup) information:
container_type: cgroupv1
cpu_cpuset_cpus: 0-3
cpu_memory_nodes: 0
active_processor_count: 4
cpu_quota: -1
cpu_period: 100000
cpu_shares: -1
memory_limit_in_bytes: -1
memory_and_swap_limit_in_bytes: -2
memory_soft_limit_in_bytes: -1
memory_usage_in_bytes: 7164370944
memory_max_usage_in_bytes: 0


CPU:total 4 (initial active 4) (4 cores per cpu, 1 threads per core) family 6 model 60 stepping 3, cmov, cx8, fxsr, mmx, sse, sse2, sse3, ssse3, sse4.1, sse4.2, popcnt, avx, avx2, aes, clmul, erms, lzcnt, tsc, tscinvbit, bmi1, bmi2

/proc/cpuinfo:
processor	: 0
vendor_id	: GenuineIntel
cpu family	: 6
model		: 60
model name	: Intel(R) Core(TM) i5-4440 CPU @ 3.10GHz
stepping	: 3
microcode	: 0x27
cpu MHz		: 3165.027
cache size	: 6144 KB
physical id	: 0
siblings	: 4
core id		: 0
cpu cores	: 4
apicid		: 0
initial apicid	: 0
fpu		: yes
fpu_exception	: yes
cpuid level	: 13
wp		: yes
flags		: fpu vme de pse tsc msr pae mce cx8 apic sep mtrr pge mca cmov pat pse36 clflush dts acpi mmx fxsr sse sse2 ss ht tm pbe syscall nx pdpe1gb rdtscp lm constant_tsc arch_perfmon pebs bts rep_good nopl xtopology nonstop_tsc aperfmperf pni pclmulqdq dtes64 monitor ds_cpl vmx est tm2 ssse3 sdbg fma cx16 xtpr pdcm pcid sse4_1 sse4_2 x2apic movbe popcnt tsc_deadline_timer aes xsave avx f16c rdrand lahf_lm abm invpcid_single ssbd ibrs ibpb stibp kaiser tpr_shadow vnmi flexpriority ept vpid fsgsbase tsc_adjust bmi1 avx2 smep bmi2 erms invpcid xsaveopt dtherm ida arat pln pts md_clear flush_l1d
bugs		: cpu_meltdown spectre_v1 spectre_v2 spec_store_bypass l1tf mds swapgs
bogomips	: 6185.70
clflush size	: 64
cache_alignment	: 64
address sizes	: 39 bits physical, 48 bits virtual
power management:

processor	: 1
vendor_id	: GenuineIntel
cpu family	: 6
model		: 60
model name	: Intel(R) Core(TM) i5-4440 CPU @ 3.10GHz
stepping	: 3
microcode	: 0x27
cpu MHz		: 3126.882
cache size	: 6144 KB
physical id	: 0
siblings	: 4
core id		: 1
cpu cores	: 4
apicid		: 2
initial apicid	: 2
fpu		: yes
fpu_exception	: yes
cpuid level	: 13
wp		: yes
flags		: fpu vme de pse tsc msr pae mce cx8 apic sep mtrr pge mca cmov pat pse36 clflush dts acpi mmx fxsr sse sse2 ss ht tm pbe syscall nx pdpe1gb rdtscp lm constant_tsc arch_perfmon pebs bts rep_good nopl xtopology nonstop_tsc aperfmperf pni pclmulqdq dtes64 monitor ds_cpl vmx est tm2 ssse3 sdbg fma cx16 xtpr pdcm pcid sse4_1 sse4_2 x2apic movbe popcnt tsc_deadline_timer aes xsave avx f16c rdrand lahf_lm abm invpcid_single ssbd ibrs ibpb stibp kaiser tpr_shadow vnmi flexpriority ept vpid fsgsbase tsc_adjust bmi1 avx2 smep bmi2 erms invpcid xsaveopt dtherm ida arat pln pts md_clear flush_l1d
bugs		: cpu_meltdown spectre_v1 spectre_v2 spec_store_bypass l1tf mds swapgs
bogomips	: 6185.70
clflush size	: 64
cache_alignment	: 64
address sizes	: 39 bits physical, 48 bits virtual
power management:

processor	: 2
vendor_id	: GenuineIntel
cpu family	: 6
model		: 60
model name	: Intel(R) Core(TM) i5-4440 CPU @ 3.10GHz
stepping	: 3
microcode	: 0x27
cpu MHz		: 3200.992
cache size	: 6144 KB
physical id	: 0
siblings	: 4
core id		: 2
cpu cores	: 4
apicid		: 4
initial apicid	: 4
fpu		: yes
fpu_exception	: yes
cpuid level	: 13
wp		: yes
flags		: fpu vme de pse tsc msr pae mce cx8 apic sep mtrr pge mca cmov pat pse36 clflush dts acpi mmx fxsr sse sse2 ss ht tm pbe syscall nx pdpe1gb rdtscp lm constant_tsc arch_perfmon pebs bts rep_good nopl xtopology nonstop_tsc aperfmperf pni pclmulqdq dtes64 monitor ds_cpl vmx est tm2 ssse3 sdbg fma cx16 xtpr pdcm pcid sse4_1 sse4_2 x2apic movbe popcnt tsc_deadline_timer aes xsave avx f16c rdrand lahf_lm abm invpcid_single ssbd ibrs ibpb stibp kaiser tpr_shadow vnmi flexpriority ept vpid fsgsbase tsc_adjust bmi1 avx2 smep bmi2 erms invpcid xsaveopt dtherm ida arat pln pts md_clear flush_l1d
bugs		: cpu_meltdown spectre_v1 spectre_v2 spec_store_bypass l1tf mds swapgs
bogomips	: 6185.70
clflush size	: 64
cache_alignment	: 64
address sizes	: 39 bits physical, 48 bits virtual
power management:

processor	: 3
vendor_id	: GenuineIntel
cpu family	: 6
model		: 60
model name	: Intel(R) Core(TM) i5-4440 CPU @ 3.10GHz
stepping	: 3
microcode	: 0x27
cpu MHz		: 3248.460
cache size	: 6144 KB
physical id	: 0
siblings	: 4
core id		: 3
cpu cores	: 4
apicid		: 6
initial apicid	: 6
fpu		: yes
fpu_exception	: yes
cpuid level	: 13
wp		: yes
flags		: fpu vme de pse tsc msr pae mce cx8 apic sep mtrr pge mca cmov pat pse36 clflush dts acpi mmx fxsr sse sse2 ss ht tm pbe syscall nx pdpe1gb rdtscp lm constant_tsc arch_perfmon pebs bts rep_good nopl xtopology nonstop_tsc aperfmperf pni pclmulqdq dtes64 monitor ds_cpl vmx est tm2 ssse3 sdbg fma cx16 xtpr pdcm pcid sse4_1 sse4_2 x2apic movbe popcnt tsc_deadline_timer aes xsave avx f16c rdrand lahf_lm abm invpcid_single ssbd ibrs ibpb stibp kaiser tpr_shadow vnmi flexpriority ept vpid fsgsbase tsc_adjust bmi1 avx2 smep bmi2 erms invpcid xsaveopt dtherm ida arat pln pts md_clear flush_l1d
bugs		: cpu_meltdown spectre_v1 spectre_v2 spec_store_bypass l1tf mds swapgs
bogomips	: 6185.70
clflush size	: 64
cache_alignment	: 64
address sizes	: 39 bits physical, 48 bits virtual
power management:



Memory: 4k page, physical 8041092k(614872k free), swap 4182012k(4173608k free)

vm_info: Java HotSpot(TM) 64-Bit Server VM (25.201-b09) for linux-amd64 JRE (1.8.0_201-b09), built on Dec 15 2018 11:35:59 by "java_re" with gcc 7.3.0

time: Mon Nov 18 10:58:50 2019
timezone: IST
elapsed time: 5 seconds (0d 0h 0m 5s)

